2022-04-17 11:07:12,389 - MOT - INFO - Start track and extract...... -  MainThread - 11308 
2022-04-17 11:07:14,576 - MOT - INFO - All files:1_Hours Of _Harassment' In NYC!.mp4 -  MainThread - 11308 
2022-04-17 11:07:14,576 - MOT - INFO - All files:2_Obama.mp4 -  MainThread - 11308 
2022-04-17 11:07:14,576 - MOT - INFO - Video_name:videos\1_Hours Of _Harassment' In NYC!.mp4 -  MainThread - 11308 
2022-04-17 11:07:14,842 - MOT - INFO - MTCNN detect face cost time : 0.234 s -  MainThread - 11308 
2022-04-17 11:07:14,857 - MOT - INFO - new Tracker: 1 -  MainThread - 11308 
2022-04-17 11:07:15,132 - MOT - INFO - MTCNN detect face cost time : 0.241 s -  MainThread - 11308 
2022-04-17 11:07:16,638 - MOT - INFO - MTCNN detect face cost time : 0.15 s -  MainThread - 11308 
2022-04-17 11:07:16,797 - MOT - INFO - MTCNN detect face cost time : 0.159 s -  MainThread - 11308 
2022-04-17 11:07:16,970 - MOT - INFO - MTCNN detect face cost time : 0.156 s -  MainThread - 11308 
2022-04-17 11:07:17,126 - MOT - INFO - MTCNN detect face cost time : 0.14 s -  MainThread - 11308 
2022-04-17 11:07:17,298 - MOT - INFO - MTCNN detect face cost time : 0.156 s -  MainThread - 11308 
2022-04-17 11:07:17,454 - MOT - INFO - MTCNN detect face cost time : 0.14 s -  MainThread - 11308 
2022-04-17 11:07:17,720 - MOT - INFO - MTCNN detect face cost time : 0.234 s -  MainThread - 11308 
2022-04-17 11:07:17,986 - MOT - INFO - MTCNN detect face cost time : 0.25 s -  MainThread - 11308 
2022-04-17 11:07:18,251 - MOT - INFO - MTCNN detect face cost time : 0.25 s -  MainThread - 11308 
2022-04-17 11:07:18,517 - MOT - INFO - MTCNN detect face cost time : 0.25 s -  MainThread - 11308 
2022-04-17 11:07:18,798 - MOT - INFO - MTCNN detect face cost time : 0.266 s -  MainThread - 11308 
2022-04-17 11:07:19,061 - MOT - INFO - MTCNN detect face cost time : 0.247 s -  MainThread - 11308 
2022-04-17 11:07:19,353 - MOT - INFO - MTCNN detect face cost time : 0.26 s -  MainThread - 11308 
2022-04-17 11:07:19,613 - MOT - INFO - MTCNN detect face cost time : 0.26 s -  MainThread - 11308 
2022-04-17 11:07:19,878 - MOT - INFO - MTCNN detect face cost time : 0.266 s -  MainThread - 11308 
2022-04-17 11:07:20,133 - MOT - INFO - MTCNN detect face cost time : 0.255 s -  MainThread - 11308 
2022-04-17 11:07:20,414 - MOT - INFO - MTCNN detect face cost time : 0.281 s -  MainThread - 11308 
2022-04-17 11:07:20,695 - MOT - INFO - MTCNN detect face cost time : 0.266 s -  MainThread - 11308 
2022-04-17 11:07:20,852 - MOT - INFO - MTCNN detect face cost time : 0.156 s -  MainThread - 11308 
2022-04-17 11:07:20,997 - MOT - INFO - MTCNN detect face cost time : 0.13 s -  MainThread - 11308 
2022-04-17 11:07:21,150 - MOT - INFO - MTCNN detect face cost time : 0.137 s -  MainThread - 11308 
2022-04-17 11:07:21,306 - MOT - INFO - MTCNN detect face cost time : 0.14 s -  MainThread - 11308 
2022-04-17 11:07:21,447 - MOT - INFO - MTCNN detect face cost time : 0.124 s -  MainThread - 11308 
2022-04-17 11:07:21,606 - MOT - INFO - MTCNN detect face cost time : 0.127 s -  MainThread - 11308 
2022-04-17 11:07:21,746 - MOT - INFO - MTCNN detect face cost time : 0.125 s -  MainThread - 11308 
2022-04-17 11:07:21,981 - MOT - INFO - MTCNN detect face cost time : 0.202 s -  MainThread - 11308 
2022-04-17 11:07:22,275 - MOT - INFO - MTCNN detect face cost time : 0.247 s -  MainThread - 11308 
2022-04-17 11:07:22,541 - MOT - INFO - MTCNN detect face cost time : 0.251 s -  MainThread - 11308 
2022-04-17 11:07:22,807 - MOT - INFO - MTCNN detect face cost time : 0.249 s -  MainThread - 11308 
2022-04-17 11:07:23,053 - MOT - INFO - MTCNN detect face cost time : 0.23 s -  MainThread - 11308 
2022-04-17 11:07:23,365 - MOT - INFO - MTCNN detect face cost time : 0.281 s -  MainThread - 11308 
2022-04-17 11:07:23,635 - MOT - INFO - MTCNN detect face cost time : 0.254 s -  MainThread - 11308 
2022-04-17 11:07:23,899 - MOT - INFO - MTCNN detect face cost time : 0.248 s -  MainThread - 11308 
2022-04-17 11:07:24,164 - MOT - INFO - MTCNN detect face cost time : 0.25 s -  MainThread - 11308 
2022-04-17 11:07:24,430 - MOT - INFO - MTCNN detect face cost time : 0.266 s -  MainThread - 11308 
2022-04-17 11:07:24,695 - MOT - INFO - MTCNN detect face cost time : 0.265 s -  MainThread - 11308 
2022-04-17 11:07:24,945 - MOT - INFO - MTCNN detect face cost time : 0.234 s -  MainThread - 11308 
2022-04-17 11:07:25,215 - MOT - INFO - MTCNN detect face cost time : 0.255 s -  MainThread - 11308 
2022-04-17 11:07:25,465 - MOT - INFO - MTCNN detect face cost time : 0.25 s -  MainThread - 11308 
2022-04-17 11:07:25,731 - MOT - INFO - MTCNN detect face cost time : 0.25 s -  MainThread - 11308 
2022-04-17 11:07:25,997 - MOT - INFO - MTCNN detect face cost time : 0.25 s -  MainThread - 11308 
2022-04-17 11:07:26,278 - MOT - INFO - MTCNN detect face cost time : 0.281 s -  MainThread - 11308 
2022-04-17 11:07:26,546 - MOT - INFO - MTCNN detect face cost time : 0.268 s -  MainThread - 11308 
2022-04-17 11:07:26,827 - MOT - INFO - MTCNN detect face cost time : 0.265 s -  MainThread - 11308 
2022-04-17 11:07:27,078 - MOT - INFO - MTCNN detect face cost time : 0.234 s -  MainThread - 11308 
2022-04-17 11:07:27,359 - MOT - INFO - MTCNN detect face cost time : 0.25 s -  MainThread - 11308 
2022-04-17 11:07:27,620 - MOT - INFO - MTCNN detect face cost time : 0.245 s -  MainThread - 11308 
2022-04-17 11:07:27,901 - MOT - INFO - MTCNN detect face cost time : 0.266 s -  MainThread - 11308 
2022-04-17 11:07:28,182 - MOT - INFO - MTCNN detect face cost time : 0.281 s -  MainThread - 11308 
2022-04-17 11:07:28,432 - MOT - INFO - MTCNN detect face cost time : 0.25 s -  MainThread - 11308 
2022-04-17 11:07:28,690 - MOT - INFO - MTCNN detect face cost time : 0.241 s -  MainThread - 11308 
2022-04-17 11:07:28,955 - MOT - INFO - MTCNN detect face cost time : 0.25 s -  MainThread - 11308 
2022-04-17 11:07:29,205 - MOT - INFO - MTCNN detect face cost time : 0.25 s -  MainThread - 11308 
2022-04-17 11:07:29,478 - MOT - INFO - MTCNN detect face cost time : 0.257 s -  MainThread - 11308 
2022-04-17 11:07:29,728 - MOT - INFO - MTCNN detect face cost time : 0.25 s -  MainThread - 11308 
2022-04-17 11:07:29,981 - MOT - INFO - MTCNN detect face cost time : 0.238 s -  MainThread - 11308 
2022-04-17 11:07:30,227 - MOT - INFO - MTCNN detect face cost time : 0.231 s -  MainThread - 11308 
2022-04-17 11:07:30,487 - MOT - INFO - MTCNN detect face cost time : 0.244 s -  MainThread - 11308 
2022-04-17 11:07:30,753 - MOT - INFO - MTCNN detect face cost time : 0.266 s -  MainThread - 11308 
2022-04-17 11:07:31,013 - MOT - INFO - MTCNN detect face cost time : 0.26 s -  MainThread - 11308 
2022-04-17 11:07:31,294 - MOT - INFO - MTCNN detect face cost time : 0.281 s -  MainThread - 11308 
2022-04-17 11:07:31,294 - MOT - INFO - new Tracker: 2 -  MainThread - 11308 
2022-04-17 11:07:31,572 - MOT - INFO - MTCNN detect face cost time : 0.262 s -  MainThread - 11308 
2022-04-17 11:07:31,588 - MOT - INFO - remove tracker: 2 -  MainThread - 11308 
2022-04-17 11:07:31,875 - MOT - INFO - MTCNN detect face cost time : 0.287 s -  MainThread - 11308 
2022-04-17 11:07:32,163 - MOT - INFO - MTCNN detect face cost time : 0.271 s -  MainThread - 11308 
2022-04-17 11:07:32,460 - MOT - INFO - MTCNN detect face cost time : 0.281 s -  MainThread - 11308 
2022-04-17 11:07:32,756 - MOT - INFO - MTCNN detect face cost time : 0.281 s -  MainThread - 11308 
2022-04-17 11:07:33,053 - MOT - INFO - MTCNN detect face cost time : 0.281 s -  MainThread - 11308 
2022-04-17 11:07:33,351 - MOT - INFO - MTCNN detect face cost time : 0.282 s -  MainThread - 11308 
2022-04-17 11:07:33,632 - MOT - INFO - MTCNN detect face cost time : 0.281 s -  MainThread - 11308 
2022-04-17 11:07:33,929 - MOT - INFO - MTCNN detect face cost time : 0.281 s -  MainThread - 11308 
2022-04-17 11:07:34,202 - MOT - INFO - MTCNN detect face cost time : 0.257 s -  MainThread - 11308 
2022-04-17 11:07:34,514 - MOT - INFO - MTCNN detect face cost time : 0.282 s -  MainThread - 11308 
2022-04-17 11:07:34,811 - MOT - INFO - MTCNN detect face cost time : 0.281 s -  MainThread - 11308 
2022-04-17 11:07:35,092 - MOT - INFO - MTCNN detect face cost time : 0.266 s -  MainThread - 11308 
2022-04-17 11:07:35,092 - MOT - INFO - new Tracker: 3 -  MainThread - 11308 
2022-04-17 11:07:35,374 - MOT - INFO - MTCNN detect face cost time : 0.266 s -  MainThread - 11308 
2022-04-17 11:07:35,374 - MOT - INFO - remove tracker: 3 -  MainThread - 11308 
2022-04-17 11:07:35,655 - MOT - INFO - MTCNN detect face cost time : 0.266 s -  MainThread - 11308 
2022-04-17 11:07:35,936 - MOT - INFO - MTCNN detect face cost time : 0.265 s -  MainThread - 11308 
2022-04-17 11:07:36,217 - MOT - INFO - MTCNN detect face cost time : 0.265 s -  MainThread - 11308 
2022-04-17 11:07:36,497 - MOT - INFO - MTCNN detect face cost time : 0.28 s -  MainThread - 11308 
2022-04-17 11:07:36,788 - MOT - INFO - MTCNN detect face cost time : 0.275 s -  MainThread - 11308 
2022-04-17 11:07:37,060 - MOT - INFO - MTCNN detect face cost time : 0.259 s -  MainThread - 11308 
2022-04-17 11:07:37,335 - MOT - INFO - MTCNN detect face cost time : 0.259 s -  MainThread - 11308 
2022-04-17 11:07:37,632 - MOT - INFO - MTCNN detect face cost time : 0.265 s -  MainThread - 11308 
2022-04-17 11:07:37,929 - MOT - INFO - MTCNN detect face cost time : 0.266 s -  MainThread - 11308 
2022-04-17 11:07:38,210 - MOT - INFO - MTCNN detect face cost time : 0.265 s -  MainThread - 11308 
2022-04-17 11:07:38,495 - MOT - INFO - MTCNN detect face cost time : 0.269 s -  MainThread - 11308 
2022-04-17 11:07:38,789 - MOT - INFO - MTCNN detect face cost time : 0.279 s -  MainThread - 11308 
2022-04-17 11:07:39,091 - MOT - INFO - MTCNN detect face cost time : 0.283 s -  MainThread - 11308 
2022-04-17 11:07:39,388 - MOT - INFO - MTCNN detect face cost time : 0.297 s -  MainThread - 11308 
2022-04-17 11:07:39,654 - MOT - INFO - MTCNN detect face cost time : 0.266 s -  MainThread - 11308 
2022-04-17 11:07:39,935 - MOT - INFO - MTCNN detect face cost time : 0.265 s -  MainThread - 11308 
2022-04-17 11:07:40,200 - MOT - INFO - MTCNN detect face cost time : 0.25 s -  MainThread - 11308 
2022-04-17 11:07:40,466 - MOT - INFO - MTCNN detect face cost time : 0.249 s -  MainThread - 11308 
2022-04-17 11:07:40,747 - MOT - INFO - MTCNN detect face cost time : 0.249 s -  MainThread - 11308 
2022-04-17 11:07:41,028 - MOT - INFO - MTCNN detect face cost time : 0.265 s -  MainThread - 11308 
2022-04-17 11:07:41,278 - MOT - INFO - MTCNN detect face cost time : 0.25 s -  MainThread - 11308 
2022-04-17 11:07:41,547 - MOT - INFO - MTCNN detect face cost time : 0.253 s -  MainThread - 11308 
2022-04-17 11:07:41,802 - MOT - INFO - MTCNN detect face cost time : 0.255 s -  MainThread - 11308 
2022-04-17 11:07:42,068 - MOT - INFO - MTCNN detect face cost time : 0.25 s -  MainThread - 11308 
2022-04-17 11:07:42,349 - MOT - INFO - MTCNN detect face cost time : 0.265 s -  MainThread - 11308 
2022-04-17 11:07:42,599 - MOT - INFO - MTCNN detect face cost time : 0.25 s -  MainThread - 11308 
2022-04-17 11:07:42,864 - MOT - INFO - MTCNN detect face cost time : 0.25 s -  MainThread - 11308 
2022-04-17 11:07:43,114 - MOT - INFO - MTCNN detect face cost time : 0.25 s -  MainThread - 11308 
2022-04-17 11:07:43,380 - MOT - INFO - MTCNN detect face cost time : 0.266 s -  MainThread - 11308 
2022-04-17 11:07:43,636 - MOT - INFO - MTCNN detect face cost time : 0.256 s -  MainThread - 11308 
2022-04-17 11:07:43,886 - MOT - INFO - MTCNN detect face cost time : 0.25 s -  MainThread - 11308 
2022-04-17 11:07:44,136 - MOT - INFO - MTCNN detect face cost time : 0.234 s -  MainThread - 11308 
2022-04-17 11:07:44,387 - MOT - INFO - MTCNN detect face cost time : 0.235 s -  MainThread - 11308 
2022-04-17 11:07:44,637 - MOT - INFO - MTCNN detect face cost time : 0.234 s -  MainThread - 11308 
2022-04-17 11:07:44,902 - MOT - INFO - MTCNN detect face cost time : 0.25 s -  MainThread - 11308 
2022-04-17 11:07:45,140 - MOT - INFO - MTCNN detect face cost time : 0.238 s -  MainThread - 11308 
2022-04-17 11:07:45,390 - MOT - INFO - MTCNN detect face cost time : 0.234 s -  MainThread - 11308 
2022-04-17 11:07:45,640 - MOT - INFO - MTCNN detect face cost time : 0.234 s -  MainThread - 11308 
2022-04-17 11:07:45,905 - MOT - INFO - MTCNN detect face cost time : 0.25 s -  MainThread - 11308 
2022-04-17 11:07:46,155 - MOT - INFO - MTCNN detect face cost time : 0.25 s -  MainThread - 11308 
2022-04-17 11:07:46,416 - MOT - INFO - MTCNN detect face cost time : 0.245 s -  MainThread - 11308 
2022-04-17 11:07:46,682 - MOT - INFO - MTCNN detect face cost time : 0.234 s -  MainThread - 11308 
2022-04-17 11:07:46,947 - MOT - INFO - MTCNN detect face cost time : 0.249 s -  MainThread - 11308 
2022-04-17 11:07:47,197 - MOT - INFO - MTCNN detect face cost time : 0.234 s -  MainThread - 11308 
2022-04-17 11:07:47,468 - MOT - INFO - MTCNN detect face cost time : 0.256 s -  MainThread - 11308 
2022-04-17 11:07:47,757 - MOT - INFO - MTCNN detect face cost time : 0.288 s -  MainThread - 11308 
2022-04-17 11:07:48,038 - MOT - INFO - MTCNN detect face cost time : 0.265 s -  MainThread - 11308 
2022-04-17 11:07:48,319 - MOT - INFO - MTCNN detect face cost time : 0.266 s -  MainThread - 11308 
2022-04-17 11:07:48,601 - MOT - INFO - MTCNN detect face cost time : 0.266 s -  MainThread - 11308 
2022-04-17 11:07:48,883 - MOT - INFO - MTCNN detect face cost time : 0.265 s -  MainThread - 11308 
2022-04-17 11:07:49,164 - MOT - INFO - MTCNN detect face cost time : 0.266 s -  MainThread - 11308 
2022-04-17 11:07:49,437 - MOT - INFO - MTCNN detect face cost time : 0.258 s -  MainThread - 11308 
2022-04-17 11:07:49,718 - MOT - INFO - MTCNN detect face cost time : 0.266 s -  MainThread - 11308 
2022-04-17 11:07:50,000 - MOT - INFO - MTCNN detect face cost time : 0.265 s -  MainThread - 11308 
2022-04-17 11:07:50,265 - MOT - INFO - MTCNN detect face cost time : 0.25 s -  MainThread - 11308 
2022-04-17 11:07:50,536 - MOT - INFO - MTCNN detect face cost time : 0.255 s -  MainThread - 11308 
2022-04-17 11:07:50,817 - MOT - INFO - MTCNN detect face cost time : 0.265 s -  MainThread - 11308 
2022-04-17 11:07:51,117 - MOT - INFO - MTCNN detect face cost time : 0.269 s -  MainThread - 11308 
2022-04-17 11:07:51,401 - MOT - INFO - MTCNN detect face cost time : 0.268 s -  MainThread - 11308 
2022-04-17 11:07:51,666 - MOT - INFO - MTCNN detect face cost time : 0.266 s -  MainThread - 11308 
2022-04-17 11:07:51,932 - MOT - INFO - MTCNN detect face cost time : 0.25 s -  MainThread - 11308 
2022-04-17 11:07:52,213 - MOT - INFO - MTCNN detect face cost time : 0.266 s -  MainThread - 11308 
2022-04-17 11:07:52,478 - MOT - INFO - MTCNN detect face cost time : 0.266 s -  MainThread - 11308 
2022-04-17 11:07:52,744 - MOT - INFO - MTCNN detect face cost time : 0.25 s -  MainThread - 11308 
2022-04-17 11:07:53,010 - MOT - INFO - MTCNN detect face cost time : 0.25 s -  MainThread - 11308 
2022-04-17 11:07:53,264 - MOT - INFO - MTCNN detect face cost time : 0.239 s -  MainThread - 11308 
2022-04-17 11:07:53,533 - MOT - INFO - MTCNN detect face cost time : 0.254 s -  MainThread - 11308 
2022-04-17 11:07:53,805 - MOT - INFO - MTCNN detect face cost time : 0.257 s -  MainThread - 11308 
2022-04-17 11:07:54,087 - MOT - INFO - MTCNN detect face cost time : 0.265 s -  MainThread - 11308 
2022-04-17 11:07:54,359 - MOT - INFO - MTCNN detect face cost time : 0.257 s -  MainThread - 11308 
2022-04-17 11:07:54,625 - MOT - INFO - MTCNN detect face cost time : 0.266 s -  MainThread - 11308 
2022-04-17 11:07:54,875 - MOT - INFO - MTCNN detect face cost time : 0.25 s -  MainThread - 11308 
2022-04-17 11:07:55,144 - MOT - INFO - MTCNN detect face cost time : 0.254 s -  MainThread - 11308 
2022-04-17 11:07:55,394 - MOT - INFO - MTCNN detect face cost time : 0.234 s -  MainThread - 11308 
2022-04-17 11:07:55,675 - MOT - INFO - MTCNN detect face cost time : 0.249 s -  MainThread - 11308 
2022-04-17 11:07:55,941 - MOT - INFO - MTCNN detect face cost time : 0.25 s -  MainThread - 11308 
2022-04-17 11:07:56,206 - MOT - INFO - MTCNN detect face cost time : 0.25 s -  MainThread - 11308 
2022-04-17 11:07:56,472 - MOT - INFO - MTCNN detect face cost time : 0.25 s -  MainThread - 11308 
2022-04-17 11:07:56,749 - MOT - INFO - MTCNN detect face cost time : 0.262 s -  MainThread - 11308 
2022-04-17 11:07:57,016 - MOT - INFO - MTCNN detect face cost time : 0.258 s -  MainThread - 11308 
2022-04-17 11:07:57,297 - MOT - INFO - MTCNN detect face cost time : 0.25 s -  MainThread - 11308 
2022-04-17 11:07:57,585 - MOT - INFO - MTCNN detect face cost time : 0.256 s -  MainThread - 11308 
2022-04-17 11:07:57,872 - MOT - INFO - MTCNN detect face cost time : 0.255 s -  MainThread - 11308 
2022-04-17 11:07:58,149 - MOT - INFO - MTCNN detect face cost time : 0.261 s -  MainThread - 11308 
2022-04-17 11:07:58,414 - MOT - INFO - MTCNN detect face cost time : 0.25 s -  MainThread - 11308 
2022-04-17 11:07:58,684 - MOT - INFO - MTCNN detect face cost time : 0.27 s -  MainThread - 11308 
2022-04-17 11:07:58,961 - MOT - INFO - MTCNN detect face cost time : 0.277 s -  MainThread - 11308 
2022-04-17 11:07:59,228 - MOT - INFO - MTCNN detect face cost time : 0.251 s -  MainThread - 11308 
2022-04-17 11:07:59,494 - MOT - INFO - MTCNN detect face cost time : 0.251 s -  MainThread - 11308 
2022-04-17 11:07:59,748 - MOT - INFO - MTCNN detect face cost time : 0.238 s -  MainThread - 11308 
2022-04-17 11:08:00,029 - MOT - INFO - MTCNN detect face cost time : 0.25 s -  MainThread - 11308 
2022-04-17 11:08:00,326 - MOT - INFO - MTCNN detect face cost time : 0.272 s -  MainThread - 11308 
2022-04-17 11:08:00,592 - MOT - INFO - MTCNN detect face cost time : 0.251 s -  MainThread - 11308 
2022-04-17 11:08:00,862 - MOT - INFO - MTCNN detect face cost time : 0.253 s -  MainThread - 11308 
2022-04-17 11:08:02,501 - MOT - INFO - MTCNN detect face cost time : 0.259 s -  MainThread - 11308 
2022-04-17 11:10:10,088 - MOT - INFO - MTCNN detect face cost time : 0.188 s -  MainThread - 11308 
2022-04-17 11:10:10,260 - MOT - INFO - MTCNN detect face cost time : 0.156 s -  MainThread - 11308 
2022-04-17 11:10:10,432 - MOT - INFO - MTCNN detect face cost time : 0.156 s -  MainThread - 11308 
2022-04-17 11:10:10,576 - MOT - INFO - MTCNN detect face cost time : 0.128 s -  MainThread - 11308 
2022-04-17 11:10:10,857 - MOT - INFO - MTCNN detect face cost time : 0.265 s -  MainThread - 11308 
2022-04-17 11:10:11,036 - MOT - INFO - MTCNN detect face cost time : 0.163 s -  MainThread - 11308 
2022-04-17 11:10:11,192 - MOT - INFO - MTCNN detect face cost time : 0.14 s -  MainThread - 11308 
2022-04-17 11:10:11,367 - MOT - INFO - MTCNN detect face cost time : 0.159 s -  MainThread - 11308 
2022-04-17 11:10:11,633 - MOT - INFO - MTCNN detect face cost time : 0.25 s -  MainThread - 11308 
2022-04-17 11:10:12,972 - MOT - INFO - MTCNN detect face cost time : 0.14 s -  MainThread - 11308 
2022-04-17 11:10:13,113 - MOT - INFO - MTCNN detect face cost time : 0.125 s -  MainThread - 11308 
2022-04-17 11:10:13,316 - MOT - INFO - MTCNN detect face cost time : 0.172 s -  MainThread - 11308 
2022-04-17 11:10:14,634 - MOT - INFO - MTCNN detect face cost time : 0.133 s -  MainThread - 11308 
2022-04-17 11:10:14,775 - MOT - INFO - MTCNN detect face cost time : 0.124 s -  MainThread - 11308 
2022-04-17 11:10:14,962 - MOT - INFO - MTCNN detect face cost time : 0.156 s -  MainThread - 11308 
2022-04-17 11:10:15,165 - MOT - INFO - MTCNN detect face cost time : 0.187 s -  MainThread - 11308 
2022-04-17 11:10:15,337 - MOT - INFO - MTCNN detect face cost time : 0.156 s -  MainThread - 11308 
2022-04-17 11:10:15,509 - MOT - INFO - MTCNN detect face cost time : 0.156 s -  MainThread - 11308 
2022-04-17 11:10:15,704 - MOT - INFO - MTCNN detect face cost time : 0.179 s -  MainThread - 11308 
2022-04-17 11:10:15,876 - MOT - INFO - MTCNN detect face cost time : 0.156 s -  MainThread - 11308 
2022-04-17 11:10:16,060 - MOT - INFO - MTCNN detect face cost time : 0.169 s -  MainThread - 11308 
2022-04-17 11:10:16,217 - MOT - INFO - MTCNN detect face cost time : 0.156 s -  MainThread - 11308 
2022-04-17 11:10:16,402 - MOT - INFO - MTCNN detect face cost time : 0.169 s -  MainThread - 11308 
2022-04-17 11:10:16,672 - MOT - INFO - MTCNN detect face cost time : 0.254 s -  MainThread - 11308 
2022-04-17 11:10:16,864 - MOT - INFO - MTCNN detect face cost time : 0.161 s -  MainThread - 11308 
2022-04-17 11:10:17,052 - MOT - INFO - MTCNN detect face cost time : 0.172 s -  MainThread - 11308 
2022-04-17 11:10:17,213 - MOT - INFO - MTCNN detect face cost time : 0.146 s -  MainThread - 11308 
2022-04-17 11:10:17,437 - MOT - INFO - MTCNN detect face cost time : 0.208 s -  MainThread - 11308 
2022-04-17 11:10:17,608 - MOT - INFO - MTCNN detect face cost time : 0.156 s -  MainThread - 11308 
2022-04-17 11:10:17,815 - MOT - INFO - MTCNN detect face cost time : 0.191 s -  MainThread - 11308 
2022-04-17 11:10:18,034 - MOT - INFO - MTCNN detect face cost time : 0.219 s -  MainThread - 11308 
2022-04-17 11:10:18,300 - MOT - INFO - MTCNN detect face cost time : 0.25 s -  MainThread - 11308 
