2022-04-27 03:13:39,090 - MOT - INFO - Start track and extract...... -  MainThread - 16504 
2022-04-27 03:13:40,433 - MOT - INFO - All files:video.mp4 -  MainThread - 16504 
2022-04-27 03:13:40,433 - MOT - INFO - Video_name:videos\video.mp4 -  MainThread - 16504 
2022-04-27 03:13:40,980 - MOT - INFO - MTCNN detect face cost time : 0.484 s -  MainThread - 16504 
2022-04-27 03:13:40,995 - MOT - INFO - new Tracker: 1 -  MainThread - 16504 
2022-04-27 03:13:40,995 - MOT - INFO - new Tracker: 2 -  MainThread - 16504 
2022-04-27 03:13:40,995 - MOT - INFO - new Tracker: 3 -  MainThread - 16504 
2022-04-27 03:13:41,011 - MOT - INFO - new Tracker: 4 -  MainThread - 16504 
2022-04-27 03:13:41,011 - MOT - INFO - new Tracker: 5 -  MainThread - 16504 
2022-04-27 03:13:41,011 - MOT - INFO - new Tracker: 6 -  MainThread - 16504 
2022-04-27 03:13:41,449 - MOT - INFO - MTCNN detect face cost time : 0.391 s -  MainThread - 16504 
2022-04-27 03:13:42,526 - MOT - INFO - MTCNN detect face cost time : 0.391 s -  MainThread - 16504 
2022-04-27 03:13:43,011 - MOT - INFO - MTCNN detect face cost time : 0.453 s -  MainThread - 16504 
2022-04-27 03:13:43,481 - MOT - INFO - MTCNN detect face cost time : 0.439 s -  MainThread - 16504 
2022-04-27 03:13:43,891 - MOT - INFO - MTCNN detect face cost time : 0.395 s -  MainThread - 16504 
2022-04-27 03:13:44,328 - MOT - INFO - MTCNN detect face cost time : 0.391 s -  MainThread - 16504 
2022-04-27 03:13:44,328 - MOT - INFO - new Tracker: 7 -  MainThread - 16504 
2022-04-27 03:13:44,797 - MOT - INFO - MTCNN detect face cost time : 0.375 s -  MainThread - 16504 
2022-04-27 03:13:45,204 - MOT - INFO - MTCNN detect face cost time : 0.39 s -  MainThread - 16504 
2022-04-27 03:13:45,657 - MOT - INFO - MTCNN detect face cost time : 0.422 s -  MainThread - 16504 
2022-04-27 03:13:45,657 - MOT - INFO - remove tracker: 7 -  MainThread - 16504 
2022-04-27 03:13:46,122 - MOT - INFO - MTCNN detect face cost time : 0.45 s -  MainThread - 16504 
2022-04-27 03:13:46,557 - MOT - INFO - MTCNN detect face cost time : 0.419 s -  MainThread - 16504 
2022-04-27 03:13:46,979 - MOT - INFO - MTCNN detect face cost time : 0.406 s -  MainThread - 16504 
2022-04-27 03:13:47,385 - MOT - INFO - MTCNN detect face cost time : 0.391 s -  MainThread - 16504 
2022-04-27 03:13:47,791 - MOT - INFO - MTCNN detect face cost time : 0.391 s -  MainThread - 16504 
2022-04-27 03:13:48,213 - MOT - INFO - MTCNN detect face cost time : 0.39 s -  MainThread - 16504 
2022-04-27 03:13:48,642 - MOT - INFO - MTCNN detect face cost time : 0.397 s -  MainThread - 16504 
2022-04-27 03:13:49,063 - MOT - INFO - MTCNN detect face cost time : 0.406 s -  MainThread - 16504 
2022-04-27 03:13:49,487 - MOT - INFO - MTCNN detect face cost time : 0.392 s -  MainThread - 16504 
2022-04-27 03:13:49,893 - MOT - INFO - MTCNN detect face cost time : 0.375 s -  MainThread - 16504 
2022-04-27 03:13:50,314 - MOT - INFO - MTCNN detect face cost time : 0.406 s -  MainThread - 16504 
2022-04-27 03:13:50,752 - MOT - INFO - MTCNN detect face cost time : 0.406 s -  MainThread - 16504 
2022-04-27 03:13:51,174 - MOT - INFO - MTCNN detect face cost time : 0.406 s -  MainThread - 16504 
2022-04-27 03:13:51,595 - MOT - INFO - MTCNN detect face cost time : 0.391 s -  MainThread - 16504 
2022-04-27 03:13:52,048 - MOT - INFO - MTCNN detect face cost time : 0.422 s -  MainThread - 16504 
2022-04-27 03:13:52,460 - MOT - INFO - MTCNN detect face cost time : 0.396 s -  MainThread - 16504 
2022-04-27 03:13:52,897 - MOT - INFO - MTCNN detect face cost time : 0.406 s -  MainThread - 16504 
2022-04-27 03:13:53,350 - MOT - INFO - MTCNN detect face cost time : 0.39 s -  MainThread - 16504 
2022-04-27 03:13:53,819 - MOT - INFO - MTCNN detect face cost time : 0.437 s -  MainThread - 16504 
2022-04-27 03:13:53,834 - MOT - INFO - remove tracker: 4 -  MainThread - 16504 
2022-04-27 03:13:54,272 - MOT - INFO - MTCNN detect face cost time : 0.422 s -  MainThread - 16504 
2022-04-27 03:13:54,694 - MOT - INFO - MTCNN detect face cost time : 0.406 s -  MainThread - 16504 
2022-04-27 03:13:55,131 - MOT - INFO - MTCNN detect face cost time : 0.422 s -  MainThread - 16504 
2022-04-27 03:13:55,131 - MOT - INFO - remove tracker: 1 -  MainThread - 16504 
2022-04-27 03:13:55,537 - MOT - INFO - MTCNN detect face cost time : 0.391 s -  MainThread - 16504 
2022-04-27 03:13:55,952 - MOT - INFO - MTCNN detect face cost time : 0.384 s -  MainThread - 16504 
2022-04-27 03:13:56,390 - MOT - INFO - MTCNN detect face cost time : 0.422 s -  MainThread - 16504 
2022-04-27 03:13:56,390 - MOT - INFO - new Tracker: 8 -  MainThread - 16504 
2022-04-27 03:13:57,014 - MOT - INFO - MTCNN detect face cost time : 0.594 s -  MainThread - 16504 
2022-04-27 03:13:57,030 - MOT - INFO - remove tracker: 8 -  MainThread - 16504 
2022-04-27 03:13:57,030 - MOT - INFO - remove tracker: 3 -  MainThread - 16504 
2022-04-27 03:13:57,749 - MOT - INFO - MTCNN detect face cost time : 0.703 s -  MainThread - 16504 
2022-04-27 03:13:58,467 - MOT - INFO - MTCNN detect face cost time : 0.687 s -  MainThread - 16504 
2022-04-27 03:13:59,030 - MOT - INFO - MTCNN detect face cost time : 0.547 s -  MainThread - 16504 
2022-04-27 03:13:59,451 - MOT - INFO - MTCNN detect face cost time : 0.406 s -  MainThread - 16504 
2022-04-27 03:13:59,831 - MOT - INFO - MTCNN detect face cost time : 0.38 s -  MainThread - 16504 
2022-04-27 03:14:00,238 - MOT - INFO - MTCNN detect face cost time : 0.391 s -  MainThread - 16504 
2022-04-27 03:14:00,612 - MOT - INFO - MTCNN detect face cost time : 0.359 s -  MainThread - 16504 
2022-04-27 03:14:01,034 - MOT - INFO - MTCNN detect face cost time : 0.39 s -  MainThread - 16504 
2022-04-27 03:14:01,456 - MOT - INFO - MTCNN detect face cost time : 0.406 s -  MainThread - 16504 
2022-04-27 03:14:01,831 - MOT - INFO - MTCNN detect face cost time : 0.375 s -  MainThread - 16504 
2022-04-27 03:14:02,221 - MOT - INFO - MTCNN detect face cost time : 0.375 s -  MainThread - 16504 
2022-04-27 03:14:02,924 - MOT - INFO - MTCNN detect face cost time : 0.672 s -  MainThread - 16504 
2022-04-27 03:14:03,721 - MOT - INFO - MTCNN detect face cost time : 0.765 s -  MainThread - 16504 
2022-04-27 03:14:03,721 - MOT - INFO - new Tracker: 9 -  MainThread - 16504 
2022-04-27 03:14:04,471 - MOT - INFO - MTCNN detect face cost time : 0.734 s -  MainThread - 16504 
2022-04-27 03:14:04,881 - MOT - INFO - MTCNN detect face cost time : 0.394 s -  MainThread - 16504 
2022-04-27 03:14:04,881 - MOT - INFO - new Tracker: 10 -  MainThread - 16504 
2022-04-27 03:14:05,303 - MOT - INFO - MTCNN detect face cost time : 0.406 s -  MainThread - 16504 
2022-04-27 03:14:05,740 - MOT - INFO - MTCNN detect face cost time : 0.406 s -  MainThread - 16504 
2022-04-27 03:14:06,193 - MOT - INFO - MTCNN detect face cost time : 0.421 s -  MainThread - 16504 
2022-04-27 03:14:06,615 - MOT - INFO - MTCNN detect face cost time : 0.406 s -  MainThread - 16504 
2022-04-27 03:14:07,037 - MOT - INFO - MTCNN detect face cost time : 0.406 s -  MainThread - 16504 
2022-04-27 03:14:07,458 - MOT - INFO - MTCNN detect face cost time : 0.406 s -  MainThread - 16504 
2022-04-27 03:14:07,943 - MOT - INFO - MTCNN detect face cost time : 0.469 s -  MainThread - 16504 
2022-04-27 03:14:08,755 - MOT - INFO - MTCNN detect face cost time : 0.781 s -  MainThread - 16504 
2022-04-27 03:14:09,505 - MOT - INFO - MTCNN detect face cost time : 0.734 s -  MainThread - 16504 
2022-04-27 03:14:10,161 - MOT - INFO - MTCNN detect face cost time : 0.64 s -  MainThread - 16504 
2022-04-27 03:14:10,598 - MOT - INFO - MTCNN detect face cost time : 0.406 s -  MainThread - 16504 
2022-04-27 03:14:11,036 - MOT - INFO - MTCNN detect face cost time : 0.422 s -  MainThread - 16504 
2022-04-27 03:14:11,457 - MOT - INFO - MTCNN detect face cost time : 0.406 s -  MainThread - 16504 
2022-04-27 03:14:11,864 - MOT - INFO - MTCNN detect face cost time : 0.391 s -  MainThread - 16504 
2022-04-27 03:14:12,301 - MOT - INFO - MTCNN detect face cost time : 0.406 s -  MainThread - 16504 
2022-04-27 03:14:12,707 - MOT - INFO - MTCNN detect face cost time : 0.391 s -  MainThread - 16504 
2022-04-27 03:14:13,160 - MOT - INFO - MTCNN detect face cost time : 0.422 s -  MainThread - 16504 
2022-04-27 03:14:13,754 - MOT - INFO - MTCNN detect face cost time : 0.562 s -  MainThread - 16504 
2022-04-27 03:14:14,504 - MOT - INFO - MTCNN detect face cost time : 0.734 s -  MainThread - 16504 
2022-04-27 03:14:15,269 - MOT - INFO - MTCNN detect face cost time : 0.734 s -  MainThread - 16504 
2022-04-27 03:14:15,863 - MOT - INFO - MTCNN detect face cost time : 0.578 s -  MainThread - 16504 
2022-04-27 03:14:16,316 - MOT - INFO - MTCNN detect face cost time : 0.422 s -  MainThread - 16504 
2022-04-27 03:14:16,737 - MOT - INFO - MTCNN detect face cost time : 0.391 s -  MainThread - 16504 
2022-04-27 03:14:17,175 - MOT - INFO - MTCNN detect face cost time : 0.406 s -  MainThread - 16504 
2022-04-27 03:14:17,612 - MOT - INFO - MTCNN detect face cost time : 0.406 s -  MainThread - 16504 
2022-04-27 03:14:18,096 - MOT - INFO - MTCNN detect face cost time : 0.469 s -  MainThread - 16504 
2022-04-27 03:14:18,096 - MOT - INFO - remove tracker: 5 -  MainThread - 16504 
2022-04-27 03:14:18,612 - MOT - INFO - MTCNN detect face cost time : 0.5 s -  MainThread - 16504 
2022-04-27 03:14:18,612 - MOT - INFO - new Tracker: 11 -  MainThread - 16504 
2022-04-27 03:14:19,127 - MOT - INFO - MTCNN detect face cost time : 0.5 s -  MainThread - 16504 
2022-04-27 03:14:19,877 - MOT - INFO - MTCNN detect face cost time : 0.703 s -  MainThread - 16504 
2022-04-27 03:14:20,674 - MOT - INFO - MTCNN detect face cost time : 0.765 s -  MainThread - 16504 
2022-04-27 03:14:21,377 - MOT - INFO - MTCNN detect face cost time : 0.672 s -  MainThread - 16504 
2022-04-27 03:14:21,783 - MOT - INFO - MTCNN detect face cost time : 0.391 s -  MainThread - 16504 
2022-04-27 03:14:22,252 - MOT - INFO - MTCNN detect face cost time : 0.437 s -  MainThread - 16504 
2022-04-27 03:14:22,674 - MOT - INFO - MTCNN detect face cost time : 0.406 s -  MainThread - 16504 
2022-04-27 03:14:22,674 - MOT - INFO - remove tracker: 11 -  MainThread - 16504 
2022-04-27 03:14:23,127 - MOT - INFO - MTCNN detect face cost time : 0.437 s -  MainThread - 16504 
2022-04-27 03:14:23,127 - MOT - INFO - new Tracker: 12 -  MainThread - 16504 
2022-04-27 03:14:23,580 - MOT - INFO - MTCNN detect face cost time : 0.437 s -  MainThread - 16504 
2022-04-27 03:14:24,048 - MOT - INFO - MTCNN detect face cost time : 0.453 s -  MainThread - 16504 
2022-04-27 03:14:24,517 - MOT - INFO - MTCNN detect face cost time : 0.453 s -  MainThread - 16504 
2022-04-27 03:14:25,235 - MOT - INFO - MTCNN detect face cost time : 0.703 s -  MainThread - 16504 
2022-04-27 03:14:25,954 - MOT - INFO - MTCNN detect face cost time : 0.687 s -  MainThread - 16504 
2022-04-27 03:14:26,662 - MOT - INFO - MTCNN detect face cost time : 0.677 s -  MainThread - 16504 
2022-04-27 03:14:26,662 - MOT - INFO - remove tracker: 10 -  MainThread - 16504 
2022-04-27 03:14:27,178 - MOT - INFO - MTCNN detect face cost time : 0.5 s -  MainThread - 16504 
2022-04-27 03:14:27,178 - MOT - INFO - new Tracker: 13 -  MainThread - 16504 
2022-04-27 03:14:27,600 - MOT - INFO - MTCNN detect face cost time : 0.406 s -  MainThread - 16504 
2022-04-27 03:14:27,600 - MOT - INFO - new Tracker: 14 -  MainThread - 16504 
2022-04-27 03:14:28,021 - MOT - INFO - MTCNN detect face cost time : 0.406 s -  MainThread - 16504 
2022-04-27 03:14:28,037 - MOT - INFO - remove tracker: 14 -  MainThread - 16504 
2022-04-27 03:14:28,037 - MOT - INFO - remove tracker: 6 -  MainThread - 16504 
2022-04-27 03:14:28,443 - MOT - INFO - MTCNN detect face cost time : 0.391 s -  MainThread - 16504 
2022-04-27 03:14:28,443 - MOT - INFO - new Tracker: 15 -  MainThread - 16504 
2022-04-27 03:14:28,865 - MOT - INFO - MTCNN detect face cost time : 0.406 s -  MainThread - 16504 
2022-04-27 03:14:28,865 - MOT - INFO - remove tracker: 12 -  MainThread - 16504 
2022-04-27 03:14:29,334 - MOT - INFO - MTCNN detect face cost time : 0.469 s -  MainThread - 16504 
2022-04-27 03:14:29,787 - MOT - INFO - MTCNN detect face cost time : 0.437 s -  MainThread - 16504 
2022-04-27 03:14:30,287 - MOT - INFO - MTCNN detect face cost time : 0.484 s -  MainThread - 16504 
2022-04-27 03:14:30,302 - MOT - INFO - new Tracker: 16 -  MainThread - 16504 
2022-04-27 03:14:31,068 - MOT - INFO - MTCNN detect face cost time : 0.75 s -  MainThread - 16504 
2022-04-27 03:14:31,068 - MOT - INFO - remove tracker: 16 -  MainThread - 16504 
2022-04-27 03:14:31,802 - MOT - INFO - MTCNN detect face cost time : 0.703 s -  MainThread - 16504 
2022-04-27 03:14:32,536 - MOT - INFO - MTCNN detect face cost time : 0.719 s -  MainThread - 16504 
2022-04-27 03:14:32,973 - MOT - INFO - MTCNN detect face cost time : 0.422 s -  MainThread - 16504 
2022-04-27 03:14:33,411 - MOT - INFO - MTCNN detect face cost time : 0.422 s -  MainThread - 16504 
2022-04-27 03:14:33,442 - MOT - WARNING - ret false -  MainThread - 16504 
