2022-04-24 10:46:30,134 - MOT - INFO - Start track and extract...... -  MainThread - 3048 
2022-04-24 10:46:31,336 - MOT - INFO - All files:00000000_kh3CeRF8.mp4 -  MainThread - 3048 
2022-04-24 10:46:31,337 - MOT - INFO - Video_name:videos\00000000_kh3CeRF8.mp4 -  MainThread - 3048 
2022-04-24 10:46:31,480 - MOT - INFO - MTCNN detect face cost time : 0.121 s -  MainThread - 3048 
2022-04-24 10:46:31,574 - MOT - INFO - MTCNN detect face cost time : 0.055 s -  MainThread - 3048 
2022-04-24 10:46:31,633 - MOT - INFO - MTCNN detect face cost time : 0.054 s -  MainThread - 3048 
2022-04-24 10:46:31,726 - MOT - INFO - MTCNN detect face cost time : 0.053 s -  MainThread - 3048 
2022-04-24 10:46:31,791 - MOT - INFO - MTCNN detect face cost time : 0.055 s -  MainThread - 3048 
2022-04-24 10:46:31,852 - MOT - INFO - MTCNN detect face cost time : 0.053 s -  MainThread - 3048 
2022-04-24 10:46:31,915 - MOT - INFO - MTCNN detect face cost time : 0.053 s -  MainThread - 3048 
2022-04-24 10:46:31,976 - MOT - INFO - MTCNN detect face cost time : 0.052 s -  MainThread - 3048 
2022-04-24 10:46:32,040 - MOT - INFO - MTCNN detect face cost time : 0.053 s -  MainThread - 3048 
2022-04-24 10:46:32,102 - MOT - INFO - MTCNN detect face cost time : 0.053 s -  MainThread - 3048 
2022-04-24 10:46:32,165 - MOT - INFO - MTCNN detect face cost time : 0.053 s -  MainThread - 3048 
2022-04-24 10:46:32,227 - MOT - INFO - MTCNN detect face cost time : 0.052 s -  MainThread - 3048 
2022-04-24 10:46:32,288 - MOT - INFO - MTCNN detect face cost time : 0.051 s -  MainThread - 3048 
2022-04-24 10:46:32,351 - MOT - INFO - MTCNN detect face cost time : 0.052 s -  MainThread - 3048 
2022-04-24 10:46:32,416 - MOT - INFO - MTCNN detect face cost time : 0.053 s -  MainThread - 3048 
2022-04-24 10:46:32,477 - MOT - INFO - MTCNN detect face cost time : 0.052 s -  MainThread - 3048 
2022-04-24 10:46:32,540 - MOT - INFO - MTCNN detect face cost time : 0.053 s -  MainThread - 3048 
2022-04-24 10:46:32,604 - MOT - INFO - MTCNN detect face cost time : 0.053 s -  MainThread - 3048 
2022-04-24 10:46:32,665 - MOT - INFO - MTCNN detect face cost time : 0.053 s -  MainThread - 3048 
2022-04-24 10:46:32,727 - MOT - INFO - MTCNN detect face cost time : 0.051 s -  MainThread - 3048 
2022-04-24 10:46:32,790 - MOT - INFO - MTCNN detect face cost time : 0.052 s -  MainThread - 3048 
2022-04-24 10:46:32,848 - MOT - INFO - MTCNN detect face cost time : 0.052 s -  MainThread - 3048 
2022-04-24 10:46:32,916 - MOT - INFO - MTCNN detect face cost time : 0.051 s -  MainThread - 3048 
2022-04-24 10:46:32,980 - MOT - INFO - MTCNN detect face cost time : 0.052 s -  MainThread - 3048 
2022-04-24 10:46:33,042 - MOT - INFO - MTCNN detect face cost time : 0.052 s -  MainThread - 3048 
2022-04-24 10:46:33,106 - MOT - INFO - MTCNN detect face cost time : 0.052 s -  MainThread - 3048 
2022-04-24 10:46:33,168 - MOT - INFO - MTCNN detect face cost time : 0.052 s -  MainThread - 3048 
2022-04-24 10:46:33,231 - MOT - INFO - MTCNN detect face cost time : 0.052 s -  MainThread - 3048 
2022-04-24 10:46:33,294 - MOT - INFO - MTCNN detect face cost time : 0.052 s -  MainThread - 3048 
2022-04-24 10:46:33,356 - MOT - INFO - MTCNN detect face cost time : 0.051 s -  MainThread - 3048 
2022-04-24 10:46:33,418 - MOT - INFO - MTCNN detect face cost time : 0.051 s -  MainThread - 3048 
2022-04-24 10:46:33,482 - MOT - INFO - MTCNN detect face cost time : 0.053 s -  MainThread - 3048 
2022-04-24 10:46:33,546 - MOT - INFO - MTCNN detect face cost time : 0.052 s -  MainThread - 3048 
2022-04-24 10:46:33,606 - MOT - INFO - MTCNN detect face cost time : 0.05 s -  MainThread - 3048 
2022-04-24 10:46:33,672 - MOT - INFO - MTCNN detect face cost time : 0.053 s -  MainThread - 3048 
2022-04-24 10:46:33,734 - MOT - INFO - MTCNN detect face cost time : 0.052 s -  MainThread - 3048 
2022-04-24 10:46:33,796 - MOT - INFO - MTCNN detect face cost time : 0.052 s -  MainThread - 3048 
2022-04-24 10:46:33,859 - MOT - INFO - MTCNN detect face cost time : 0.053 s -  MainThread - 3048 
2022-04-24 10:46:33,922 - MOT - INFO - MTCNN detect face cost time : 0.051 s -  MainThread - 3048 
2022-04-24 10:46:33,985 - MOT - INFO - MTCNN detect face cost time : 0.051 s -  MainThread - 3048 
2022-04-24 10:46:34,047 - MOT - INFO - MTCNN detect face cost time : 0.051 s -  MainThread - 3048 
2022-04-24 10:46:34,111 - MOT - INFO - MTCNN detect face cost time : 0.053 s -  MainThread - 3048 
2022-04-24 10:46:34,174 - MOT - INFO - MTCNN detect face cost time : 0.052 s -  MainThread - 3048 
2022-04-24 10:46:34,238 - MOT - INFO - MTCNN detect face cost time : 0.052 s -  MainThread - 3048 
2022-04-24 10:46:34,301 - MOT - INFO - MTCNN detect face cost time : 0.052 s -  MainThread - 3048 
2022-04-24 10:46:34,365 - MOT - INFO - MTCNN detect face cost time : 0.053 s -  MainThread - 3048 
2022-04-24 10:46:34,426 - MOT - INFO - MTCNN detect face cost time : 0.051 s -  MainThread - 3048 
2022-04-24 10:46:34,490 - MOT - INFO - MTCNN detect face cost time : 0.052 s -  MainThread - 3048 
2022-04-24 10:46:34,553 - MOT - INFO - MTCNN detect face cost time : 0.052 s -  MainThread - 3048 
2022-04-24 10:46:34,615 - MOT - INFO - MTCNN detect face cost time : 0.051 s -  MainThread - 3048 
2022-04-24 10:46:34,678 - MOT - INFO - MTCNN detect face cost time : 0.051 s -  MainThread - 3048 
2022-04-24 10:46:34,742 - MOT - INFO - MTCNN detect face cost time : 0.052 s -  MainThread - 3048 
2022-04-24 10:46:34,805 - MOT - INFO - MTCNN detect face cost time : 0.053 s -  MainThread - 3048 
2022-04-24 10:46:34,867 - MOT - INFO - MTCNN detect face cost time : 0.052 s -  MainThread - 3048 
2022-04-24 10:46:34,928 - MOT - INFO - MTCNN detect face cost time : 0.051 s -  MainThread - 3048 
2022-04-24 10:46:34,992 - MOT - INFO - MTCNN detect face cost time : 0.052 s -  MainThread - 3048 
2022-04-24 10:46:35,055 - MOT - INFO - MTCNN detect face cost time : 0.051 s -  MainThread - 3048 
2022-04-24 10:46:35,120 - MOT - INFO - MTCNN detect face cost time : 0.052 s -  MainThread - 3048 
2022-04-24 10:46:35,183 - MOT - INFO - MTCNN detect face cost time : 0.053 s -  MainThread - 3048 
2022-04-24 10:46:35,246 - MOT - INFO - MTCNN detect face cost time : 0.052 s -  MainThread - 3048 
2022-04-24 10:46:35,308 - MOT - INFO - MTCNN detect face cost time : 0.052 s -  MainThread - 3048 
2022-04-24 10:46:35,371 - MOT - INFO - MTCNN detect face cost time : 0.052 s -  MainThread - 3048 
2022-04-24 10:46:35,434 - MOT - INFO - MTCNN detect face cost time : 0.051 s -  MainThread - 3048 
2022-04-24 10:46:35,496 - MOT - INFO - MTCNN detect face cost time : 0.052 s -  MainThread - 3048 
2022-04-24 10:46:35,556 - MOT - INFO - MTCNN detect face cost time : 0.051 s -  MainThread - 3048 
2022-04-24 10:46:35,621 - MOT - INFO - MTCNN detect face cost time : 0.052 s -  MainThread - 3048 
2022-04-24 10:46:35,685 - MOT - INFO - MTCNN detect face cost time : 0.051 s -  MainThread - 3048 
2022-04-24 10:46:35,748 - MOT - INFO - MTCNN detect face cost time : 0.051 s -  MainThread - 3048 
2022-04-24 10:46:35,811 - MOT - INFO - MTCNN detect face cost time : 0.052 s -  MainThread - 3048 
2022-04-24 10:46:35,874 - MOT - INFO - MTCNN detect face cost time : 0.052 s -  MainThread - 3048 
2022-04-24 10:46:35,937 - MOT - INFO - MTCNN detect face cost time : 0.052 s -  MainThread - 3048 
2022-04-24 10:46:35,999 - MOT - INFO - MTCNN detect face cost time : 0.051 s -  MainThread - 3048 
2022-04-24 10:46:36,063 - MOT - INFO - MTCNN detect face cost time : 0.051 s -  MainThread - 3048 
2022-04-24 10:46:36,126 - MOT - INFO - MTCNN detect face cost time : 0.051 s -  MainThread - 3048 
2022-04-24 10:46:36,188 - MOT - INFO - MTCNN detect face cost time : 0.051 s -  MainThread - 3048 
2022-04-24 10:46:36,250 - MOT - INFO - MTCNN detect face cost time : 0.051 s -  MainThread - 3048 
2022-04-24 10:46:36,314 - MOT - INFO - MTCNN detect face cost time : 0.053 s -  MainThread - 3048 
2022-04-24 10:46:36,374 - MOT - INFO - MTCNN detect face cost time : 0.051 s -  MainThread - 3048 
2022-04-24 10:46:36,437 - MOT - INFO - MTCNN detect face cost time : 0.05 s -  MainThread - 3048 
2022-04-24 10:46:36,501 - MOT - INFO - MTCNN detect face cost time : 0.051 s -  MainThread - 3048 
2022-04-24 10:46:36,566 - MOT - INFO - MTCNN detect face cost time : 0.052 s -  MainThread - 3048 
2022-04-24 10:46:36,628 - MOT - INFO - MTCNN detect face cost time : 0.051 s -  MainThread - 3048 
2022-04-24 10:46:36,692 - MOT - INFO - MTCNN detect face cost time : 0.053 s -  MainThread - 3048 
2022-04-24 10:46:36,754 - MOT - INFO - MTCNN detect face cost time : 0.052 s -  MainThread - 3048 
2022-04-24 10:46:36,816 - MOT - INFO - MTCNN detect face cost time : 0.052 s -  MainThread - 3048 
2022-04-24 10:46:36,878 - MOT - INFO - MTCNN detect face cost time : 0.052 s -  MainThread - 3048 
2022-04-24 10:46:36,941 - MOT - INFO - MTCNN detect face cost time : 0.052 s -  MainThread - 3048 
2022-04-24 10:46:37,001 - MOT - INFO - MTCNN detect face cost time : 0.052 s -  MainThread - 3048 
2022-04-24 10:46:37,066 - MOT - INFO - MTCNN detect face cost time : 0.053 s -  MainThread - 3048 
2022-04-24 10:46:37,129 - MOT - INFO - MTCNN detect face cost time : 0.052 s -  MainThread - 3048 
2022-04-24 10:46:37,192 - MOT - INFO - MTCNN detect face cost time : 0.053 s -  MainThread - 3048 
2022-04-24 10:46:37,256 - MOT - INFO - MTCNN detect face cost time : 0.053 s -  MainThread - 3048 
2022-04-24 10:46:37,317 - MOT - INFO - MTCNN detect face cost time : 0.052 s -  MainThread - 3048 
2022-04-24 10:46:37,380 - MOT - INFO - MTCNN detect face cost time : 0.051 s -  MainThread - 3048 
2022-04-24 10:46:37,442 - MOT - INFO - MTCNN detect face cost time : 0.051 s -  MainThread - 3048 
2022-04-24 10:46:37,505 - MOT - INFO - MTCNN detect face cost time : 0.052 s -  MainThread - 3048 
2022-04-24 10:46:37,568 - MOT - INFO - MTCNN detect face cost time : 0.052 s -  MainThread - 3048 
2022-04-24 10:46:37,632 - MOT - INFO - MTCNN detect face cost time : 0.052 s -  MainThread - 3048 
2022-04-24 10:46:37,694 - MOT - INFO - MTCNN detect face cost time : 0.051 s -  MainThread - 3048 
2022-04-24 10:46:37,757 - MOT - INFO - MTCNN detect face cost time : 0.051 s -  MainThread - 3048 
2022-04-24 10:46:37,821 - MOT - INFO - MTCNN detect face cost time : 0.051 s -  MainThread - 3048 
2022-04-24 10:46:37,885 - MOT - INFO - MTCNN detect face cost time : 0.052 s -  MainThread - 3048 
2022-04-24 10:46:37,948 - MOT - INFO - MTCNN detect face cost time : 0.052 s -  MainThread - 3048 
2022-04-24 10:46:38,011 - MOT - INFO - MTCNN detect face cost time : 0.052 s -  MainThread - 3048 
2022-04-24 10:46:38,074 - MOT - INFO - MTCNN detect face cost time : 0.051 s -  MainThread - 3048 
2022-04-24 10:46:38,137 - MOT - INFO - MTCNN detect face cost time : 0.052 s -  MainThread - 3048 
2022-04-24 10:46:38,201 - MOT - INFO - MTCNN detect face cost time : 0.052 s -  MainThread - 3048 
2022-04-24 10:46:38,264 - MOT - INFO - MTCNN detect face cost time : 0.051 s -  MainThread - 3048 
2022-04-24 10:46:38,327 - MOT - INFO - MTCNN detect face cost time : 0.052 s -  MainThread - 3048 
2022-04-24 10:46:38,390 - MOT - INFO - MTCNN detect face cost time : 0.051 s -  MainThread - 3048 
2022-04-24 10:46:38,453 - MOT - INFO - MTCNN detect face cost time : 0.051 s -  MainThread - 3048 
2022-04-24 10:46:38,518 - MOT - INFO - MTCNN detect face cost time : 0.053 s -  MainThread - 3048 
2022-04-24 10:46:38,579 - MOT - INFO - MTCNN detect face cost time : 0.051 s -  MainThread - 3048 
2022-04-24 10:46:38,641 - MOT - INFO - MTCNN detect face cost time : 0.051 s -  MainThread - 3048 
2022-04-24 10:46:38,704 - MOT - INFO - MTCNN detect face cost time : 0.052 s -  MainThread - 3048 
2022-04-24 10:46:38,768 - MOT - INFO - MTCNN detect face cost time : 0.052 s -  MainThread - 3048 
2022-04-24 10:46:38,831 - MOT - INFO - MTCNN detect face cost time : 0.052 s -  MainThread - 3048 
2022-04-24 10:46:38,895 - MOT - INFO - MTCNN detect face cost time : 0.052 s -  MainThread - 3048 
2022-04-24 10:46:38,956 - MOT - INFO - MTCNN detect face cost time : 0.052 s -  MainThread - 3048 
2022-04-24 10:46:39,019 - MOT - INFO - MTCNN detect face cost time : 0.052 s -  MainThread - 3048 
2022-04-24 10:46:39,083 - MOT - INFO - MTCNN detect face cost time : 0.052 s -  MainThread - 3048 
2022-04-24 10:46:39,146 - MOT - INFO - MTCNN detect face cost time : 0.051 s -  MainThread - 3048 
2022-04-24 10:46:39,209 - MOT - INFO - MTCNN detect face cost time : 0.053 s -  MainThread - 3048 
2022-04-24 10:46:39,272 - MOT - INFO - MTCNN detect face cost time : 0.052 s -  MainThread - 3048 
2022-04-24 10:46:39,334 - MOT - INFO - MTCNN detect face cost time : 0.052 s -  MainThread - 3048 
2022-04-24 10:46:39,397 - MOT - INFO - MTCNN detect face cost time : 0.051 s -  MainThread - 3048 
2022-04-24 10:46:39,459 - MOT - INFO - MTCNN detect face cost time : 0.052 s -  MainThread - 3048 
2022-04-24 10:46:39,522 - MOT - INFO - MTCNN detect face cost time : 0.051 s -  MainThread - 3048 
2022-04-24 10:46:39,584 - MOT - INFO - MTCNN detect face cost time : 0.051 s -  MainThread - 3048 
2022-04-24 10:46:39,647 - MOT - INFO - MTCNN detect face cost time : 0.051 s -  MainThread - 3048 
2022-04-24 10:46:39,710 - MOT - INFO - MTCNN detect face cost time : 0.052 s -  MainThread - 3048 
2022-04-24 10:46:39,772 - MOT - INFO - MTCNN detect face cost time : 0.051 s -  MainThread - 3048 
2022-04-24 10:46:39,835 - MOT - INFO - MTCNN detect face cost time : 0.051 s -  MainThread - 3048 
2022-04-24 10:46:39,899 - MOT - INFO - MTCNN detect face cost time : 0.052 s -  MainThread - 3048 
2022-04-24 10:46:39,962 - MOT - INFO - MTCNN detect face cost time : 0.051 s -  MainThread - 3048 
2022-04-24 10:46:40,024 - MOT - INFO - MTCNN detect face cost time : 0.052 s -  MainThread - 3048 
2022-04-24 10:46:40,085 - MOT - INFO - MTCNN detect face cost time : 0.051 s -  MainThread - 3048 
2022-04-24 10:46:40,148 - MOT - INFO - MTCNN detect face cost time : 0.052 s -  MainThread - 3048 
2022-04-24 10:46:40,211 - MOT - INFO - MTCNN detect face cost time : 0.051 s -  MainThread - 3048 
2022-04-24 10:46:40,275 - MOT - INFO - MTCNN detect face cost time : 0.052 s -  MainThread - 3048 
2022-04-24 10:46:40,337 - MOT - INFO - MTCNN detect face cost time : 0.051 s -  MainThread - 3048 
2022-04-24 10:46:40,403 - MOT - INFO - MTCNN detect face cost time : 0.054 s -  MainThread - 3048 
2022-04-24 10:46:40,461 - MOT - INFO - MTCNN detect face cost time : 0.05 s -  MainThread - 3048 
2022-04-24 10:46:40,524 - MOT - INFO - MTCNN detect face cost time : 0.051 s -  MainThread - 3048 
2022-04-24 10:46:40,589 - MOT - INFO - MTCNN detect face cost time : 0.051 s -  MainThread - 3048 
2022-04-24 10:46:40,652 - MOT - INFO - MTCNN detect face cost time : 0.052 s -  MainThread - 3048 
2022-04-24 10:46:40,713 - MOT - INFO - MTCNN detect face cost time : 0.05 s -  MainThread - 3048 
2022-04-24 10:46:40,777 - MOT - INFO - MTCNN detect face cost time : 0.051 s -  MainThread - 3048 
2022-04-24 10:46:40,840 - MOT - INFO - MTCNN detect face cost time : 0.052 s -  MainThread - 3048 
2022-04-24 10:46:40,902 - MOT - INFO - MTCNN detect face cost time : 0.051 s -  MainThread - 3048 
2022-04-24 10:46:40,966 - MOT - INFO - MTCNN detect face cost time : 0.052 s -  MainThread - 3048 
2022-04-24 10:46:41,028 - MOT - INFO - MTCNN detect face cost time : 0.051 s -  MainThread - 3048 
2022-04-24 10:46:41,091 - MOT - INFO - MTCNN detect face cost time : 0.052 s -  MainThread - 3048 
2022-04-24 10:46:41,153 - MOT - INFO - MTCNN detect face cost time : 0.051 s -  MainThread - 3048 
2022-04-24 10:46:41,220 - MOT - INFO - MTCNN detect face cost time : 0.053 s -  MainThread - 3048 
2022-04-24 10:46:41,279 - MOT - INFO - MTCNN detect face cost time : 0.051 s -  MainThread - 3048 
2022-04-24 10:46:41,343 - MOT - INFO - MTCNN detect face cost time : 0.052 s -  MainThread - 3048 
2022-04-24 10:46:41,406 - MOT - INFO - MTCNN detect face cost time : 0.052 s -  MainThread - 3048 
2022-04-24 10:46:41,470 - MOT - INFO - MTCNN detect face cost time : 0.051 s -  MainThread - 3048 
2022-04-24 10:46:41,532 - MOT - INFO - MTCNN detect face cost time : 0.051 s -  MainThread - 3048 
2022-04-24 10:46:41,595 - MOT - INFO - MTCNN detect face cost time : 0.051 s -  MainThread - 3048 
2022-04-24 10:46:41,657 - MOT - INFO - MTCNN detect face cost time : 0.052 s -  MainThread - 3048 
2022-04-24 10:46:41,720 - MOT - INFO - MTCNN detect face cost time : 0.052 s -  MainThread - 3048 
2022-04-24 10:46:41,781 - MOT - INFO - MTCNN detect face cost time : 0.051 s -  MainThread - 3048 
2022-04-24 10:46:41,844 - MOT - INFO - MTCNN detect face cost time : 0.053 s -  MainThread - 3048 
2022-04-24 10:46:41,907 - MOT - INFO - MTCNN detect face cost time : 0.052 s -  MainThread - 3048 
2022-04-24 10:46:41,970 - MOT - INFO - MTCNN detect face cost time : 0.052 s -  MainThread - 3048 
2022-04-24 10:46:42,034 - MOT - INFO - MTCNN detect face cost time : 0.054 s -  MainThread - 3048 
2022-04-24 10:46:42,094 - MOT - INFO - MTCNN detect face cost time : 0.052 s -  MainThread - 3048 
2022-04-24 10:46:42,157 - MOT - INFO - MTCNN detect face cost time : 0.051 s -  MainThread - 3048 
2022-04-24 10:46:42,221 - MOT - INFO - MTCNN detect face cost time : 0.052 s -  MainThread - 3048 
2022-04-24 10:46:42,284 - MOT - INFO - MTCNN detect face cost time : 0.052 s -  MainThread - 3048 
2022-04-24 10:46:42,346 - MOT - INFO - MTCNN detect face cost time : 0.051 s -  MainThread - 3048 
2022-04-24 10:46:42,410 - MOT - INFO - MTCNN detect face cost time : 0.053 s -  MainThread - 3048 
2022-04-24 10:46:42,508 - MOT - INFO - MTCNN detect face cost time : 0.087 s -  MainThread - 3048 
2022-04-24 10:46:42,573 - MOT - INFO - MTCNN detect face cost time : 0.058 s -  MainThread - 3048 
2022-04-24 10:46:42,635 - MOT - INFO - MTCNN detect face cost time : 0.056 s -  MainThread - 3048 
2022-04-24 10:46:42,696 - MOT - INFO - MTCNN detect face cost time : 0.055 s -  MainThread - 3048 
2022-04-24 10:46:42,757 - MOT - INFO - MTCNN detect face cost time : 0.053 s -  MainThread - 3048 
2022-04-24 10:46:42,821 - MOT - INFO - MTCNN detect face cost time : 0.054 s -  MainThread - 3048 
2022-04-24 10:46:42,883 - MOT - INFO - MTCNN detect face cost time : 0.053 s -  MainThread - 3048 
2022-04-24 10:46:42,946 - MOT - INFO - MTCNN detect face cost time : 0.053 s -  MainThread - 3048 
2022-04-24 10:46:43,009 - MOT - INFO - MTCNN detect face cost time : 0.054 s -  MainThread - 3048 
2022-04-24 10:46:43,072 - MOT - INFO - MTCNN detect face cost time : 0.054 s -  MainThread - 3048 
2022-04-24 10:46:43,135 - MOT - INFO - MTCNN detect face cost time : 0.053 s -  MainThread - 3048 
2022-04-24 10:46:43,198 - MOT - INFO - MTCNN detect face cost time : 0.053 s -  MainThread - 3048 
2022-04-24 10:46:43,260 - MOT - INFO - MTCNN detect face cost time : 0.052 s -  MainThread - 3048 
2022-04-24 10:46:43,324 - MOT - INFO - MTCNN detect face cost time : 0.052 s -  MainThread - 3048 
2022-04-24 10:46:43,387 - MOT - INFO - MTCNN detect face cost time : 0.053 s -  MainThread - 3048 
2022-04-24 10:46:43,450 - MOT - INFO - MTCNN detect face cost time : 0.053 s -  MainThread - 3048 
2022-04-24 10:46:43,513 - MOT - INFO - MTCNN detect face cost time : 0.054 s -  MainThread - 3048 
2022-04-24 10:46:43,577 - MOT - INFO - MTCNN detect face cost time : 0.054 s -  MainThread - 3048 
2022-04-24 10:46:43,639 - MOT - INFO - MTCNN detect face cost time : 0.053 s -  MainThread - 3048 
2022-04-24 10:46:43,702 - MOT - INFO - MTCNN detect face cost time : 0.053 s -  MainThread - 3048 
2022-04-24 10:46:43,763 - MOT - INFO - MTCNN detect face cost time : 0.053 s -  MainThread - 3048 
2022-04-24 10:46:43,826 - MOT - INFO - MTCNN detect face cost time : 0.054 s -  MainThread - 3048 
2022-04-24 10:46:43,888 - MOT - INFO - MTCNN detect face cost time : 0.054 s -  MainThread - 3048 
2022-04-24 10:46:43,950 - MOT - INFO - MTCNN detect face cost time : 0.053 s -  MainThread - 3048 
2022-04-24 10:46:44,011 - MOT - INFO - MTCNN detect face cost time : 0.052 s -  MainThread - 3048 
2022-04-24 10:46:44,075 - MOT - INFO - MTCNN detect face cost time : 0.053 s -  MainThread - 3048 
2022-04-24 10:46:44,139 - MOT - INFO - MTCNN detect face cost time : 0.054 s -  MainThread - 3048 
2022-04-24 10:46:44,200 - MOT - INFO - MTCNN detect face cost time : 0.052 s -  MainThread - 3048 
2022-04-24 10:46:44,263 - MOT - INFO - MTCNN detect face cost time : 0.053 s -  MainThread - 3048 
2022-04-24 10:46:44,327 - MOT - INFO - MTCNN detect face cost time : 0.053 s -  MainThread - 3048 
2022-04-24 10:46:44,389 - MOT - INFO - MTCNN detect face cost time : 0.053 s -  MainThread - 3048 
2022-04-24 10:46:44,452 - MOT - INFO - MTCNN detect face cost time : 0.053 s -  MainThread - 3048 
2022-04-24 10:46:44,518 - MOT - INFO - MTCNN detect face cost time : 0.056 s -  MainThread - 3048 
2022-04-24 10:46:44,577 - MOT - INFO - MTCNN detect face cost time : 0.054 s -  MainThread - 3048 
2022-04-24 10:46:44,638 - MOT - INFO - MTCNN detect face cost time : 0.054 s -  MainThread - 3048 
2022-04-24 10:46:44,697 - MOT - INFO - MTCNN detect face cost time : 0.051 s -  MainThread - 3048 
2022-04-24 10:46:44,761 - MOT - INFO - MTCNN detect face cost time : 0.052 s -  MainThread - 3048 
2022-04-24 10:46:44,825 - MOT - INFO - MTCNN detect face cost time : 0.054 s -  MainThread - 3048 
2022-04-24 10:46:44,888 - MOT - INFO - MTCNN detect face cost time : 0.053 s -  MainThread - 3048 
2022-04-24 10:46:44,948 - MOT - INFO - MTCNN detect face cost time : 0.052 s -  MainThread - 3048 
2022-04-24 10:46:45,010 - MOT - INFO - MTCNN detect face cost time : 0.052 s -  MainThread - 3048 
2022-04-24 10:46:45,072 - MOT - INFO - MTCNN detect face cost time : 0.052 s -  MainThread - 3048 
2022-04-24 10:46:45,134 - MOT - INFO - MTCNN detect face cost time : 0.052 s -  MainThread - 3048 
2022-04-24 10:46:45,195 - MOT - INFO - MTCNN detect face cost time : 0.051 s -  MainThread - 3048 
2022-04-24 10:46:45,257 - MOT - INFO - MTCNN detect face cost time : 0.052 s -  MainThread - 3048 
2022-04-24 10:46:45,319 - MOT - INFO - MTCNN detect face cost time : 0.052 s -  MainThread - 3048 
2022-04-24 10:46:45,381 - MOT - INFO - MTCNN detect face cost time : 0.052 s -  MainThread - 3048 
2022-04-24 10:46:45,444 - MOT - INFO - MTCNN detect face cost time : 0.052 s -  MainThread - 3048 
2022-04-24 10:46:45,508 - MOT - INFO - MTCNN detect face cost time : 0.052 s -  MainThread - 3048 
2022-04-24 10:46:45,570 - MOT - INFO - MTCNN detect face cost time : 0.052 s -  MainThread - 3048 
2022-04-24 10:46:45,631 - MOT - INFO - MTCNN detect face cost time : 0.051 s -  MainThread - 3048 
2022-04-24 10:46:45,697 - MOT - INFO - MTCNN detect face cost time : 0.054 s -  MainThread - 3048 
2022-04-24 10:46:45,760 - MOT - INFO - MTCNN detect face cost time : 0.054 s -  MainThread - 3048 
2022-04-24 10:46:45,824 - MOT - INFO - MTCNN detect face cost time : 0.054 s -  MainThread - 3048 
2022-04-24 10:46:45,884 - MOT - INFO - MTCNN detect face cost time : 0.052 s -  MainThread - 3048 
2022-04-24 10:46:45,946 - MOT - INFO - MTCNN detect face cost time : 0.05 s -  MainThread - 3048 
2022-04-24 10:46:46,010 - MOT - INFO - MTCNN detect face cost time : 0.051 s -  MainThread - 3048 
2022-04-24 10:46:46,074 - MOT - INFO - MTCNN detect face cost time : 0.052 s -  MainThread - 3048 
2022-04-24 10:46:46,136 - MOT - INFO - MTCNN detect face cost time : 0.052 s -  MainThread - 3048 
2022-04-24 10:46:46,196 - MOT - INFO - MTCNN detect face cost time : 0.051 s -  MainThread - 3048 
2022-04-24 10:46:46,261 - MOT - INFO - MTCNN detect face cost time : 0.052 s -  MainThread - 3048 
2022-04-24 10:46:46,321 - MOT - INFO - MTCNN detect face cost time : 0.052 s -  MainThread - 3048 
2022-04-24 10:46:46,384 - MOT - INFO - MTCNN detect face cost time : 0.052 s -  MainThread - 3048 
2022-04-24 10:46:46,445 - MOT - INFO - MTCNN detect face cost time : 0.051 s -  MainThread - 3048 
2022-04-24 10:46:46,508 - MOT - INFO - MTCNN detect face cost time : 0.051 s -  MainThread - 3048 
2022-04-24 10:46:46,571 - MOT - INFO - MTCNN detect face cost time : 0.052 s -  MainThread - 3048 
2022-04-24 10:46:46,633 - MOT - INFO - MTCNN detect face cost time : 0.051 s -  MainThread - 3048 
2022-04-24 10:46:46,696 - MOT - INFO - MTCNN detect face cost time : 0.052 s -  MainThread - 3048 
2022-04-24 10:46:46,760 - MOT - INFO - MTCNN detect face cost time : 0.056 s -  MainThread - 3048 
2022-04-24 10:46:46,820 - MOT - INFO - MTCNN detect face cost time : 0.051 s -  MainThread - 3048 
2022-04-24 10:46:46,880 - MOT - INFO - MTCNN detect face cost time : 0.051 s -  MainThread - 3048 
2022-04-24 10:46:46,943 - MOT - INFO - MTCNN detect face cost time : 0.052 s -  MainThread - 3048 
2022-04-24 10:46:47,005 - MOT - INFO - MTCNN detect face cost time : 0.051 s -  MainThread - 3048 
2022-04-24 10:46:47,071 - MOT - INFO - MTCNN detect face cost time : 0.053 s -  MainThread - 3048 
2022-04-24 10:46:47,131 - MOT - INFO - MTCNN detect face cost time : 0.05 s -  MainThread - 3048 
2022-04-24 10:46:47,196 - MOT - INFO - MTCNN detect face cost time : 0.052 s -  MainThread - 3048 
2022-04-24 10:46:47,258 - MOT - INFO - MTCNN detect face cost time : 0.053 s -  MainThread - 3048 
2022-04-24 10:46:47,322 - MOT - INFO - MTCNN detect face cost time : 0.054 s -  MainThread - 3048 
2022-04-24 10:46:47,383 - MOT - INFO - MTCNN detect face cost time : 0.053 s -  MainThread - 3048 
2022-04-24 10:46:47,446 - MOT - INFO - MTCNN detect face cost time : 0.053 s -  MainThread - 3048 
2022-04-24 10:46:47,506 - MOT - INFO - MTCNN detect face cost time : 0.052 s -  MainThread - 3048 
2022-04-24 10:46:47,571 - MOT - INFO - MTCNN detect face cost time : 0.053 s -  MainThread - 3048 
2022-04-24 10:46:47,631 - MOT - INFO - MTCNN detect face cost time : 0.051 s -  MainThread - 3048 
2022-04-24 10:46:47,695 - MOT - INFO - MTCNN detect face cost time : 0.052 s -  MainThread - 3048 
2022-04-24 10:46:47,755 - MOT - INFO - MTCNN detect face cost time : 0.051 s -  MainThread - 3048 
2022-04-24 10:46:47,818 - MOT - INFO - MTCNN detect face cost time : 0.051 s -  MainThread - 3048 
2022-04-24 10:46:47,879 - MOT - INFO - MTCNN detect face cost time : 0.051 s -  MainThread - 3048 
2022-04-24 10:46:47,943 - MOT - INFO - MTCNN detect face cost time : 0.051 s -  MainThread - 3048 
2022-04-24 10:46:48,006 - MOT - INFO - MTCNN detect face cost time : 0.052 s -  MainThread - 3048 
2022-04-24 10:46:48,069 - MOT - INFO - MTCNN detect face cost time : 0.052 s -  MainThread - 3048 
2022-04-24 10:46:48,130 - MOT - INFO - MTCNN detect face cost time : 0.051 s -  MainThread - 3048 
2022-04-24 10:46:48,194 - MOT - INFO - MTCNN detect face cost time : 0.052 s -  MainThread - 3048 
2022-04-24 10:46:48,257 - MOT - INFO - MTCNN detect face cost time : 0.052 s -  MainThread - 3048 
2022-04-24 10:46:48,319 - MOT - INFO - MTCNN detect face cost time : 0.051 s -  MainThread - 3048 
2022-04-24 10:46:48,379 - MOT - INFO - MTCNN detect face cost time : 0.05 s -  MainThread - 3048 
2022-04-24 10:46:48,444 - MOT - INFO - MTCNN detect face cost time : 0.052 s -  MainThread - 3048 
2022-04-24 10:46:48,506 - MOT - INFO - MTCNN detect face cost time : 0.051 s -  MainThread - 3048 
2022-04-24 10:46:48,568 - MOT - INFO - MTCNN detect face cost time : 0.051 s -  MainThread - 3048 
2022-04-24 10:46:48,628 - MOT - INFO - MTCNN detect face cost time : 0.05 s -  MainThread - 3048 
2022-04-24 10:46:48,691 - MOT - INFO - MTCNN detect face cost time : 0.051 s -  MainThread - 3048 
2022-04-24 10:46:48,754 - MOT - INFO - MTCNN detect face cost time : 0.051 s -  MainThread - 3048 
2022-04-24 10:46:48,815 - MOT - INFO - MTCNN detect face cost time : 0.05 s -  MainThread - 3048 
2022-04-24 10:46:48,872 - MOT - INFO - MTCNN detect face cost time : 0.052 s -  MainThread - 3048 
2022-04-24 10:46:48,943 - MOT - INFO - MTCNN detect face cost time : 0.053 s -  MainThread - 3048 
2022-04-24 10:46:49,007 - MOT - INFO - MTCNN detect face cost time : 0.054 s -  MainThread - 3048 
2022-04-24 10:46:49,069 - MOT - INFO - MTCNN detect face cost time : 0.052 s -  MainThread - 3048 
2022-04-24 10:46:49,132 - MOT - INFO - MTCNN detect face cost time : 0.053 s -  MainThread - 3048 
2022-04-24 10:46:49,195 - MOT - INFO - MTCNN detect face cost time : 0.054 s -  MainThread - 3048 
2022-04-24 10:46:49,257 - MOT - INFO - MTCNN detect face cost time : 0.053 s -  MainThread - 3048 
2022-04-24 10:46:49,319 - MOT - INFO - MTCNN detect face cost time : 0.053 s -  MainThread - 3048 
2022-04-24 10:46:49,381 - MOT - INFO - MTCNN detect face cost time : 0.052 s -  MainThread - 3048 
2022-04-24 10:46:49,440 - MOT - INFO - MTCNN detect face cost time : 0.049 s -  MainThread - 3048 
2022-04-24 10:46:49,504 - MOT - INFO - MTCNN detect face cost time : 0.051 s -  MainThread - 3048 
2022-04-24 10:46:49,566 - MOT - INFO - MTCNN detect face cost time : 0.051 s -  MainThread - 3048 
2022-04-24 10:46:49,628 - MOT - INFO - MTCNN detect face cost time : 0.051 s -  MainThread - 3048 
2022-04-24 10:46:49,691 - MOT - INFO - MTCNN detect face cost time : 0.052 s -  MainThread - 3048 
2022-04-24 10:46:49,752 - MOT - INFO - MTCNN detect face cost time : 0.051 s -  MainThread - 3048 
2022-04-24 10:46:49,860 - MOT - INFO - MTCNN detect face cost time : 0.097 s -  MainThread - 3048 
2022-04-24 10:46:49,972 - MOT - INFO - MTCNN detect face cost time : 0.099 s -  MainThread - 3048 
2022-04-24 10:46:50,081 - MOT - INFO - MTCNN detect face cost time : 0.097 s -  MainThread - 3048 
2022-04-24 10:46:50,193 - MOT - INFO - MTCNN detect face cost time : 0.098 s -  MainThread - 3048 
2022-04-24 10:46:50,303 - MOT - INFO - MTCNN detect face cost time : 0.098 s -  MainThread - 3048 
2022-04-24 10:46:50,414 - MOT - INFO - MTCNN detect face cost time : 0.1 s -  MainThread - 3048 
2022-04-24 10:46:50,521 - MOT - INFO - MTCNN detect face cost time : 0.095 s -  MainThread - 3048 
2022-04-24 10:46:50,633 - MOT - INFO - MTCNN detect face cost time : 0.097 s -  MainThread - 3048 
2022-04-24 10:46:50,743 - MOT - INFO - MTCNN detect face cost time : 0.097 s -  MainThread - 3048 
2022-04-24 10:46:50,854 - MOT - INFO - MTCNN detect face cost time : 0.098 s -  MainThread - 3048 
2022-04-24 10:46:50,963 - MOT - INFO - MTCNN detect face cost time : 0.096 s -  MainThread - 3048 
2022-04-24 10:46:51,074 - MOT - INFO - MTCNN detect face cost time : 0.098 s -  MainThread - 3048 
2022-04-24 10:46:51,186 - MOT - INFO - MTCNN detect face cost time : 0.098 s -  MainThread - 3048 
2022-04-24 10:46:51,298 - MOT - INFO - MTCNN detect face cost time : 0.1 s -  MainThread - 3048 
2022-04-24 10:46:51,405 - MOT - INFO - MTCNN detect face cost time : 0.099 s -  MainThread - 3048 
2022-04-24 10:46:51,514 - MOT - INFO - MTCNN detect face cost time : 0.097 s -  MainThread - 3048 
2022-04-24 10:46:51,624 - MOT - INFO - MTCNN detect face cost time : 0.098 s -  MainThread - 3048 
2022-04-24 10:46:51,736 - MOT - INFO - MTCNN detect face cost time : 0.101 s -  MainThread - 3048 
2022-04-24 10:46:51,843 - MOT - INFO - MTCNN detect face cost time : 0.097 s -  MainThread - 3048 
2022-04-24 10:46:51,954 - MOT - INFO - MTCNN detect face cost time : 0.099 s -  MainThread - 3048 
2022-04-24 10:46:52,051 - MOT - INFO - MTCNN detect face cost time : 0.085 s -  MainThread - 3048 
2022-04-24 10:46:52,111 - MOT - INFO - MTCNN detect face cost time : 0.053 s -  MainThread - 3048 
2022-04-24 10:46:52,173 - MOT - INFO - MTCNN detect face cost time : 0.052 s -  MainThread - 3048 
2022-04-24 10:46:52,235 - MOT - INFO - MTCNN detect face cost time : 0.05 s -  MainThread - 3048 
2022-04-24 10:46:52,297 - MOT - INFO - MTCNN detect face cost time : 0.052 s -  MainThread - 3048 
2022-04-24 10:46:52,362 - MOT - INFO - MTCNN detect face cost time : 0.053 s -  MainThread - 3048 
2022-04-24 10:46:52,424 - MOT - INFO - MTCNN detect face cost time : 0.053 s -  MainThread - 3048 
2022-04-24 10:46:52,490 - MOT - INFO - MTCNN detect face cost time : 0.053 s -  MainThread - 3048 
2022-04-24 10:46:52,553 - MOT - INFO - MTCNN detect face cost time : 0.054 s -  MainThread - 3048 
2022-04-24 10:46:52,615 - MOT - INFO - MTCNN detect face cost time : 0.054 s -  MainThread - 3048 
2022-04-24 10:46:52,677 - MOT - INFO - MTCNN detect face cost time : 0.053 s -  MainThread - 3048 
2022-04-24 10:46:52,739 - MOT - INFO - MTCNN detect face cost time : 0.053 s -  MainThread - 3048 
2022-04-24 10:46:52,800 - MOT - INFO - MTCNN detect face cost time : 0.05 s -  MainThread - 3048 
2022-04-24 10:46:52,864 - MOT - INFO - MTCNN detect face cost time : 0.052 s -  MainThread - 3048 
2022-04-24 10:46:52,928 - MOT - INFO - MTCNN detect face cost time : 0.053 s -  MainThread - 3048 
2022-04-24 10:46:52,992 - MOT - INFO - MTCNN detect face cost time : 0.052 s -  MainThread - 3048 
2022-04-24 10:46:53,053 - MOT - INFO - MTCNN detect face cost time : 0.052 s -  MainThread - 3048 
2022-04-24 10:46:53,114 - MOT - INFO - MTCNN detect face cost time : 0.052 s -  MainThread - 3048 
2022-04-24 10:46:53,179 - MOT - INFO - MTCNN detect face cost time : 0.053 s -  MainThread - 3048 
2022-04-24 10:46:53,241 - MOT - INFO - MTCNN detect face cost time : 0.053 s -  MainThread - 3048 
2022-04-24 10:46:53,303 - MOT - INFO - MTCNN detect face cost time : 0.051 s -  MainThread - 3048 
2022-04-24 10:46:53,366 - MOT - INFO - MTCNN detect face cost time : 0.052 s -  MainThread - 3048 
2022-04-24 10:46:53,431 - MOT - INFO - MTCNN detect face cost time : 0.053 s -  MainThread - 3048 
2022-04-24 10:46:53,492 - MOT - INFO - MTCNN detect face cost time : 0.053 s -  MainThread - 3048 
2022-04-24 10:46:53,555 - MOT - INFO - MTCNN detect face cost time : 0.052 s -  MainThread - 3048 
2022-04-24 10:46:53,614 - MOT - INFO - MTCNN detect face cost time : 0.053 s -  MainThread - 3048 
2022-04-24 10:46:53,680 - MOT - INFO - MTCNN detect face cost time : 0.053 s -  MainThread - 3048 
2022-04-24 10:46:53,741 - MOT - INFO - MTCNN detect face cost time : 0.053 s -  MainThread - 3048 
2022-04-24 10:46:53,802 - MOT - INFO - MTCNN detect face cost time : 0.052 s -  MainThread - 3048 
2022-04-24 10:46:53,864 - MOT - INFO - MTCNN detect face cost time : 0.051 s -  MainThread - 3048 
2022-04-24 10:46:53,928 - MOT - INFO - MTCNN detect face cost time : 0.053 s -  MainThread - 3048 
2022-04-24 10:46:53,991 - MOT - INFO - MTCNN detect face cost time : 0.053 s -  MainThread - 3048 
2022-04-24 10:46:54,053 - MOT - INFO - MTCNN detect face cost time : 0.053 s -  MainThread - 3048 
2022-04-24 10:46:54,114 - MOT - INFO - MTCNN detect face cost time : 0.053 s -  MainThread - 3048 
2022-04-24 10:46:54,177 - MOT - INFO - MTCNN detect face cost time : 0.053 s -  MainThread - 3048 
2022-04-24 10:46:54,238 - MOT - INFO - MTCNN detect face cost time : 0.05 s -  MainThread - 3048 
2022-04-24 10:46:54,300 - MOT - INFO - MTCNN detect face cost time : 0.05 s -  MainThread - 3048 
2022-04-24 10:46:54,364 - MOT - INFO - MTCNN detect face cost time : 0.051 s -  MainThread - 3048 
2022-04-24 10:46:54,426 - MOT - INFO - MTCNN detect face cost time : 0.051 s -  MainThread - 3048 
2022-04-24 10:46:54,489 - MOT - INFO - MTCNN detect face cost time : 0.051 s -  MainThread - 3048 
2022-04-24 10:46:54,551 - MOT - INFO - MTCNN detect face cost time : 0.051 s -  MainThread - 3048 
2022-04-24 10:46:54,614 - MOT - INFO - MTCNN detect face cost time : 0.051 s -  MainThread - 3048 
2022-04-24 10:46:54,677 - MOT - INFO - MTCNN detect face cost time : 0.052 s -  MainThread - 3048 
2022-04-24 10:46:54,739 - MOT - INFO - MTCNN detect face cost time : 0.051 s -  MainThread - 3048 
2022-04-24 10:46:54,801 - MOT - INFO - MTCNN detect face cost time : 0.05 s -  MainThread - 3048 
2022-04-24 10:46:54,857 - MOT - INFO - MTCNN detect face cost time : 0.051 s -  MainThread - 3048 
2022-04-24 10:46:54,911 - MOT - INFO - MTCNN detect face cost time : 0.05 s -  MainThread - 3048 
2022-04-24 10:46:54,976 - MOT - INFO - MTCNN detect face cost time : 0.052 s -  MainThread - 3048 
2022-04-24 10:46:55,037 - MOT - INFO - MTCNN detect face cost time : 0.049 s -  MainThread - 3048 
2022-04-24 10:46:55,098 - MOT - INFO - MTCNN detect face cost time : 0.049 s -  MainThread - 3048 
2022-04-24 10:46:55,163 - MOT - INFO - MTCNN detect face cost time : 0.051 s -  MainThread - 3048 
2022-04-24 10:46:55,226 - MOT - INFO - MTCNN detect face cost time : 0.052 s -  MainThread - 3048 
2022-04-24 10:46:55,287 - MOT - INFO - MTCNN detect face cost time : 0.051 s -  MainThread - 3048 
2022-04-24 10:46:55,348 - MOT - INFO - MTCNN detect face cost time : 0.051 s -  MainThread - 3048 
2022-04-24 10:46:55,409 - MOT - INFO - MTCNN detect face cost time : 0.05 s -  MainThread - 3048 
2022-04-24 10:46:55,504 - MOT - INFO - MTCNN detect face cost time : 0.083 s -  MainThread - 3048 
2022-04-24 10:46:55,615 - MOT - INFO - MTCNN detect face cost time : 0.1 s -  MainThread - 3048 
2022-04-24 10:46:55,723 - MOT - INFO - MTCNN detect face cost time : 0.098 s -  MainThread - 3048 
2022-04-24 10:46:55,833 - MOT - INFO - MTCNN detect face cost time : 0.098 s -  MainThread - 3048 
2022-04-24 10:46:55,944 - MOT - INFO - MTCNN detect face cost time : 0.099 s -  MainThread - 3048 
2022-04-24 10:46:56,055 - MOT - INFO - MTCNN detect face cost time : 0.098 s -  MainThread - 3048 
2022-04-24 10:46:56,166 - MOT - INFO - MTCNN detect face cost time : 0.098 s -  MainThread - 3048 
2022-04-24 10:46:56,272 - MOT - INFO - MTCNN detect face cost time : 0.096 s -  MainThread - 3048 
2022-04-24 10:46:56,387 - MOT - INFO - MTCNN detect face cost time : 0.099 s -  MainThread - 3048 
2022-04-24 10:46:56,496 - MOT - INFO - MTCNN detect face cost time : 0.098 s -  MainThread - 3048 
2022-04-24 10:46:56,605 - MOT - INFO - MTCNN detect face cost time : 0.097 s -  MainThread - 3048 
2022-04-24 10:46:56,717 - MOT - INFO - MTCNN detect face cost time : 0.098 s -  MainThread - 3048 
2022-04-24 10:46:56,826 - MOT - INFO - MTCNN detect face cost time : 0.098 s -  MainThread - 3048 
2022-04-24 10:46:56,936 - MOT - INFO - MTCNN detect face cost time : 0.098 s -  MainThread - 3048 
2022-04-24 10:46:57,047 - MOT - INFO - MTCNN detect face cost time : 0.097 s -  MainThread - 3048 
2022-04-24 10:46:57,162 - MOT - INFO - MTCNN detect face cost time : 0.102 s -  MainThread - 3048 
2022-04-24 10:46:57,264 - MOT - INFO - MTCNN detect face cost time : 0.096 s -  MainThread - 3048 
2022-04-24 10:46:57,377 - MOT - INFO - MTCNN detect face cost time : 0.098 s -  MainThread - 3048 
2022-04-24 10:46:57,485 - MOT - INFO - MTCNN detect face cost time : 0.096 s -  MainThread - 3048 
2022-04-24 10:46:57,598 - MOT - INFO - MTCNN detect face cost time : 0.098 s -  MainThread - 3048 
2022-04-24 10:46:57,708 - MOT - INFO - MTCNN detect face cost time : 0.1 s -  MainThread - 3048 
2022-04-24 10:46:57,771 - MOT - INFO - MTCNN detect face cost time : 0.052 s -  MainThread - 3048 
2022-04-24 10:46:57,833 - MOT - INFO - MTCNN detect face cost time : 0.053 s -  MainThread - 3048 
2022-04-24 10:46:57,895 - MOT - INFO - MTCNN detect face cost time : 0.053 s -  MainThread - 3048 
2022-04-24 10:46:57,960 - MOT - INFO - MTCNN detect face cost time : 0.054 s -  MainThread - 3048 
2022-04-24 10:46:58,022 - MOT - INFO - MTCNN detect face cost time : 0.052 s -  MainThread - 3048 
2022-04-24 10:46:58,086 - MOT - INFO - MTCNN detect face cost time : 0.053 s -  MainThread - 3048 
2022-04-24 10:46:58,150 - MOT - INFO - MTCNN detect face cost time : 0.054 s -  MainThread - 3048 
2022-04-24 10:46:58,212 - MOT - INFO - MTCNN detect face cost time : 0.053 s -  MainThread - 3048 
2022-04-24 10:46:58,273 - MOT - INFO - MTCNN detect face cost time : 0.052 s -  MainThread - 3048 
2022-04-24 10:46:58,335 - MOT - INFO - MTCNN detect face cost time : 0.051 s -  MainThread - 3048 
2022-04-24 10:46:58,398 - MOT - INFO - MTCNN detect face cost time : 0.052 s -  MainThread - 3048 
2022-04-24 10:46:58,461 - MOT - INFO - MTCNN detect face cost time : 0.052 s -  MainThread - 3048 
2022-04-24 10:46:58,525 - MOT - INFO - MTCNN detect face cost time : 0.053 s -  MainThread - 3048 
2022-04-24 10:46:58,586 - MOT - INFO - MTCNN detect face cost time : 0.052 s -  MainThread - 3048 
2022-04-24 10:46:58,650 - MOT - INFO - MTCNN detect face cost time : 0.054 s -  MainThread - 3048 
2022-04-24 10:46:58,713 - MOT - INFO - MTCNN detect face cost time : 0.053 s -  MainThread - 3048 
2022-04-24 10:46:58,774 - MOT - INFO - MTCNN detect face cost time : 0.053 s -  MainThread - 3048 
2022-04-24 10:46:58,837 - MOT - INFO - MTCNN detect face cost time : 0.054 s -  MainThread - 3048 
2022-04-24 10:46:58,900 - MOT - INFO - MTCNN detect face cost time : 0.054 s -  MainThread - 3048 
2022-04-24 10:46:58,960 - MOT - INFO - MTCNN detect face cost time : 0.052 s -  MainThread - 3048 
2022-04-24 10:46:59,024 - MOT - INFO - MTCNN detect face cost time : 0.053 s -  MainThread - 3048 
2022-04-24 10:46:59,086 - MOT - INFO - MTCNN detect face cost time : 0.053 s -  MainThread - 3048 
2022-04-24 10:46:59,150 - MOT - INFO - MTCNN detect face cost time : 0.053 s -  MainThread - 3048 
2022-04-24 10:46:59,213 - MOT - INFO - MTCNN detect face cost time : 0.053 s -  MainThread - 3048 
2022-04-24 10:46:59,276 - MOT - INFO - MTCNN detect face cost time : 0.054 s -  MainThread - 3048 
2022-04-24 10:46:59,339 - MOT - INFO - MTCNN detect face cost time : 0.053 s -  MainThread - 3048 
2022-04-24 10:46:59,402 - MOT - INFO - MTCNN detect face cost time : 0.053 s -  MainThread - 3048 
2022-04-24 10:46:59,465 - MOT - INFO - MTCNN detect face cost time : 0.053 s -  MainThread - 3048 
2022-04-24 10:46:59,529 - MOT - INFO - MTCNN detect face cost time : 0.053 s -  MainThread - 3048 
2022-04-24 10:46:59,593 - MOT - INFO - MTCNN detect face cost time : 0.053 s -  MainThread - 3048 
2022-04-24 10:46:59,654 - MOT - INFO - MTCNN detect face cost time : 0.053 s -  MainThread - 3048 
2022-04-24 10:46:59,718 - MOT - INFO - MTCNN detect face cost time : 0.053 s -  MainThread - 3048 
2022-04-24 10:46:59,781 - MOT - INFO - MTCNN detect face cost time : 0.053 s -  MainThread - 3048 
2022-04-24 10:46:59,844 - MOT - INFO - MTCNN detect face cost time : 0.053 s -  MainThread - 3048 
2022-04-24 10:46:59,909 - MOT - INFO - MTCNN detect face cost time : 0.054 s -  MainThread - 3048 
2022-04-24 10:46:59,968 - MOT - INFO - MTCNN detect face cost time : 0.052 s -  MainThread - 3048 
2022-04-24 10:47:00,032 - MOT - INFO - MTCNN detect face cost time : 0.054 s -  MainThread - 3048 
2022-04-24 10:47:00,094 - MOT - INFO - MTCNN detect face cost time : 0.052 s -  MainThread - 3048 
2022-04-24 10:47:00,157 - MOT - INFO - MTCNN detect face cost time : 0.052 s -  MainThread - 3048 
2022-04-24 10:47:00,219 - MOT - INFO - MTCNN detect face cost time : 0.052 s -  MainThread - 3048 
2022-04-24 10:47:00,282 - MOT - INFO - MTCNN detect face cost time : 0.053 s -  MainThread - 3048 
2022-04-24 10:47:00,342 - MOT - INFO - MTCNN detect face cost time : 0.053 s -  MainThread - 3048 
2022-04-24 10:47:00,405 - MOT - INFO - MTCNN detect face cost time : 0.052 s -  MainThread - 3048 
2022-04-24 10:47:00,468 - MOT - INFO - MTCNN detect face cost time : 0.052 s -  MainThread - 3048 
2022-04-24 10:47:00,530 - MOT - INFO - MTCNN detect face cost time : 0.052 s -  MainThread - 3048 
2022-04-24 10:47:00,594 - MOT - INFO - MTCNN detect face cost time : 0.053 s -  MainThread - 3048 
2022-04-24 10:47:00,655 - MOT - INFO - MTCNN detect face cost time : 0.053 s -  MainThread - 3048 
2022-04-24 10:47:00,719 - MOT - INFO - MTCNN detect face cost time : 0.053 s -  MainThread - 3048 
2022-04-24 10:47:00,782 - MOT - INFO - MTCNN detect face cost time : 0.053 s -  MainThread - 3048 
2022-04-24 10:47:00,845 - MOT - INFO - MTCNN detect face cost time : 0.052 s -  MainThread - 3048 
2022-04-24 10:47:00,906 - MOT - INFO - MTCNN detect face cost time : 0.053 s -  MainThread - 3048 
2022-04-24 10:47:00,971 - MOT - INFO - MTCNN detect face cost time : 0.054 s -  MainThread - 3048 
2022-04-24 10:47:01,032 - MOT - INFO - MTCNN detect face cost time : 0.053 s -  MainThread - 3048 
2022-04-24 10:47:01,094 - MOT - INFO - MTCNN detect face cost time : 0.053 s -  MainThread - 3048 
2022-04-24 10:47:01,198 - MOT - INFO - MTCNN detect face cost time : 0.094 s -  MainThread - 3048 
2022-04-24 10:47:01,312 - MOT - INFO - MTCNN detect face cost time : 0.097 s -  MainThread - 3048 
2022-04-24 10:47:01,421 - MOT - INFO - MTCNN detect face cost time : 0.096 s -  MainThread - 3048 
2022-04-24 10:47:01,531 - MOT - INFO - MTCNN detect face cost time : 0.097 s -  MainThread - 3048 
2022-04-24 10:47:01,641 - MOT - INFO - MTCNN detect face cost time : 0.097 s -  MainThread - 3048 
2022-04-24 10:47:01,751 - MOT - INFO - MTCNN detect face cost time : 0.097 s -  MainThread - 3048 
2022-04-24 10:47:01,863 - MOT - INFO - MTCNN detect face cost time : 0.099 s -  MainThread - 3048 
2022-04-24 10:47:01,971 - MOT - INFO - MTCNN detect face cost time : 0.096 s -  MainThread - 3048 
2022-04-24 10:47:02,085 - MOT - INFO - MTCNN detect face cost time : 0.098 s -  MainThread - 3048 
2022-04-24 10:47:02,195 - MOT - INFO - MTCNN detect face cost time : 0.099 s -  MainThread - 3048 
2022-04-24 10:47:02,306 - MOT - INFO - MTCNN detect face cost time : 0.1 s -  MainThread - 3048 
2022-04-24 10:47:02,412 - MOT - INFO - MTCNN detect face cost time : 0.097 s -  MainThread - 3048 
2022-04-24 10:47:02,521 - MOT - INFO - MTCNN detect face cost time : 0.097 s -  MainThread - 3048 
2022-04-24 10:47:02,631 - MOT - INFO - MTCNN detect face cost time : 0.099 s -  MainThread - 3048 
2022-04-24 10:47:02,742 - MOT - INFO - MTCNN detect face cost time : 0.1 s -  MainThread - 3048 
2022-04-24 10:47:02,851 - MOT - INFO - MTCNN detect face cost time : 0.1 s -  MainThread - 3048 
2022-04-24 10:47:02,955 - MOT - INFO - MTCNN detect face cost time : 0.099 s -  MainThread - 3048 
2022-04-24 10:47:03,069 - MOT - INFO - MTCNN detect face cost time : 0.098 s -  MainThread - 3048 
2022-04-24 10:47:03,180 - MOT - INFO - MTCNN detect face cost time : 0.099 s -  MainThread - 3048 
2022-04-24 10:47:03,289 - MOT - INFO - MTCNN detect face cost time : 0.099 s -  MainThread - 3048 
2022-04-24 10:47:03,391 - MOT - INFO - MTCNN detect face cost time : 0.09 s -  MainThread - 3048 
2022-04-24 10:47:03,461 - MOT - INFO - MTCNN detect face cost time : 0.052 s -  MainThread - 3048 
2022-04-24 10:47:03,523 - MOT - INFO - MTCNN detect face cost time : 0.051 s -  MainThread - 3048 
2022-04-24 10:47:03,587 - MOT - INFO - MTCNN detect face cost time : 0.053 s -  MainThread - 3048 
2022-04-24 10:47:03,648 - MOT - INFO - MTCNN detect face cost time : 0.053 s -  MainThread - 3048 
2022-04-24 10:47:03,712 - MOT - INFO - MTCNN detect face cost time : 0.054 s -  MainThread - 3048 
2022-04-24 10:47:03,774 - MOT - INFO - MTCNN detect face cost time : 0.052 s -  MainThread - 3048 
2022-04-24 10:47:03,837 - MOT - INFO - MTCNN detect face cost time : 0.053 s -  MainThread - 3048 
2022-04-24 10:47:03,899 - MOT - INFO - MTCNN detect face cost time : 0.053 s -  MainThread - 3048 
2022-04-24 10:47:03,962 - MOT - INFO - MTCNN detect face cost time : 0.052 s -  MainThread - 3048 
2022-04-24 10:47:04,023 - MOT - INFO - MTCNN detect face cost time : 0.052 s -  MainThread - 3048 
2022-04-24 10:47:04,086 - MOT - INFO - MTCNN detect face cost time : 0.053 s -  MainThread - 3048 
2022-04-24 10:47:04,148 - MOT - INFO - MTCNN detect face cost time : 0.053 s -  MainThread - 3048 
2022-04-24 10:47:04,212 - MOT - INFO - MTCNN detect face cost time : 0.053 s -  MainThread - 3048 
2022-04-24 10:47:04,275 - MOT - INFO - MTCNN detect face cost time : 0.053 s -  MainThread - 3048 
2022-04-24 10:47:04,337 - MOT - INFO - MTCNN detect face cost time : 0.052 s -  MainThread - 3048 
2022-04-24 10:47:04,401 - MOT - INFO - MTCNN detect face cost time : 0.053 s -  MainThread - 3048 
2022-04-24 10:47:04,464 - MOT - INFO - MTCNN detect face cost time : 0.053 s -  MainThread - 3048 
2022-04-24 10:47:04,525 - MOT - INFO - MTCNN detect face cost time : 0.051 s -  MainThread - 3048 
2022-04-24 10:47:04,587 - MOT - INFO - MTCNN detect face cost time : 0.052 s -  MainThread - 3048 
2022-04-24 10:47:04,648 - MOT - INFO - MTCNN detect face cost time : 0.05 s -  MainThread - 3048 
2022-04-24 10:47:04,712 - MOT - INFO - MTCNN detect face cost time : 0.052 s -  MainThread - 3048 
2022-04-24 10:47:04,774 - MOT - INFO - MTCNN detect face cost time : 0.051 s -  MainThread - 3048 
2022-04-24 10:47:04,837 - MOT - INFO - MTCNN detect face cost time : 0.052 s -  MainThread - 3048 
2022-04-24 10:47:04,900 - MOT - INFO - MTCNN detect face cost time : 0.053 s -  MainThread - 3048 
2022-04-24 10:47:04,962 - MOT - INFO - MTCNN detect face cost time : 0.051 s -  MainThread - 3048 
2022-04-24 10:47:05,024 - MOT - INFO - MTCNN detect face cost time : 0.052 s -  MainThread - 3048 
2022-04-24 10:47:05,086 - MOT - INFO - MTCNN detect face cost time : 0.051 s -  MainThread - 3048 
2022-04-24 10:47:05,151 - MOT - INFO - MTCNN detect face cost time : 0.054 s -  MainThread - 3048 
2022-04-24 10:47:05,212 - MOT - INFO - MTCNN detect face cost time : 0.053 s -  MainThread - 3048 
2022-04-24 10:47:05,275 - MOT - INFO - MTCNN detect face cost time : 0.053 s -  MainThread - 3048 
2022-04-24 10:47:05,337 - MOT - INFO - MTCNN detect face cost time : 0.053 s -  MainThread - 3048 
2022-04-24 10:47:05,399 - MOT - INFO - MTCNN detect face cost time : 0.052 s -  MainThread - 3048 
2022-04-24 10:47:05,463 - MOT - INFO - MTCNN detect face cost time : 0.053 s -  MainThread - 3048 
2022-04-24 10:47:05,525 - MOT - INFO - MTCNN detect face cost time : 0.053 s -  MainThread - 3048 
2022-04-24 10:47:05,585 - MOT - INFO - MTCNN detect face cost time : 0.051 s -  MainThread - 3048 
2022-04-24 10:47:05,647 - MOT - INFO - MTCNN detect face cost time : 0.051 s -  MainThread - 3048 
2022-04-24 10:47:05,708 - MOT - INFO - MTCNN detect face cost time : 0.049 s -  MainThread - 3048 
2022-04-24 10:47:05,804 - MOT - INFO - MTCNN detect face cost time : 0.052 s -  MainThread - 3048 
2022-04-24 10:47:05,867 - MOT - INFO - MTCNN detect face cost time : 0.052 s -  MainThread - 3048 
2022-04-24 10:47:05,930 - MOT - INFO - MTCNN detect face cost time : 0.052 s -  MainThread - 3048 
2022-04-24 10:47:05,993 - MOT - INFO - MTCNN detect face cost time : 0.051 s -  MainThread - 3048 
2022-04-24 10:47:06,056 - MOT - INFO - MTCNN detect face cost time : 0.053 s -  MainThread - 3048 
2022-04-24 10:47:06,118 - MOT - INFO - MTCNN detect face cost time : 0.053 s -  MainThread - 3048 
2022-04-24 10:47:06,180 - MOT - INFO - MTCNN detect face cost time : 0.053 s -  MainThread - 3048 
2022-04-24 10:47:06,242 - MOT - INFO - MTCNN detect face cost time : 0.052 s -  MainThread - 3048 
2022-04-24 10:47:06,305 - MOT - INFO - MTCNN detect face cost time : 0.052 s -  MainThread - 3048 
2022-04-24 10:47:06,366 - MOT - INFO - MTCNN detect face cost time : 0.052 s -  MainThread - 3048 
2022-04-24 10:47:06,429 - MOT - INFO - MTCNN detect face cost time : 0.052 s -  MainThread - 3048 
2022-04-24 10:47:06,491 - MOT - INFO - MTCNN detect face cost time : 0.052 s -  MainThread - 3048 
2022-04-24 10:47:06,554 - MOT - INFO - MTCNN detect face cost time : 0.052 s -  MainThread - 3048 
2022-04-24 10:47:06,618 - MOT - INFO - MTCNN detect face cost time : 0.052 s -  MainThread - 3048 
2022-04-24 10:47:06,681 - MOT - INFO - MTCNN detect face cost time : 0.052 s -  MainThread - 3048 
2022-04-24 10:47:06,744 - MOT - INFO - MTCNN detect face cost time : 0.052 s -  MainThread - 3048 
2022-04-24 10:47:06,824 - MOT - INFO - MTCNN detect face cost time : 0.071 s -  MainThread - 3048 
2022-04-24 10:47:06,932 - MOT - INFO - MTCNN detect face cost time : 0.098 s -  MainThread - 3048 
2022-04-24 10:47:07,040 - MOT - INFO - MTCNN detect face cost time : 0.097 s -  MainThread - 3048 
2022-04-24 10:47:07,150 - MOT - INFO - MTCNN detect face cost time : 0.096 s -  MainThread - 3048 
2022-04-24 10:47:07,253 - MOT - INFO - MTCNN detect face cost time : 0.098 s -  MainThread - 3048 
2022-04-24 10:47:07,355 - MOT - INFO - MTCNN detect face cost time : 0.097 s -  MainThread - 3048 
2022-04-24 10:47:07,468 - MOT - INFO - MTCNN detect face cost time : 0.098 s -  MainThread - 3048 
2022-04-24 10:47:07,576 - MOT - INFO - MTCNN detect face cost time : 0.097 s -  MainThread - 3048 
2022-04-24 10:47:07,687 - MOT - INFO - MTCNN detect face cost time : 0.096 s -  MainThread - 3048 
2022-04-24 10:47:07,797 - MOT - INFO - MTCNN detect face cost time : 0.097 s -  MainThread - 3048 
2022-04-24 10:47:07,908 - MOT - INFO - MTCNN detect face cost time : 0.098 s -  MainThread - 3048 
2022-04-24 10:47:08,018 - MOT - INFO - MTCNN detect face cost time : 0.098 s -  MainThread - 3048 
2022-04-24 10:47:08,122 - MOT - INFO - MTCNN detect face cost time : 0.094 s -  MainThread - 3048 
2022-04-24 10:47:08,235 - MOT - INFO - MTCNN detect face cost time : 0.096 s -  MainThread - 3048 
2022-04-24 10:47:08,345 - MOT - INFO - MTCNN detect face cost time : 0.097 s -  MainThread - 3048 
2022-04-24 10:47:08,447 - MOT - INFO - MTCNN detect face cost time : 0.098 s -  MainThread - 3048 
2022-04-24 10:47:08,548 - MOT - INFO - MTCNN detect face cost time : 0.095 s -  MainThread - 3048 
2022-04-24 10:47:08,658 - MOT - INFO - MTCNN detect face cost time : 0.094 s -  MainThread - 3048 
2022-04-24 10:47:08,769 - MOT - INFO - MTCNN detect face cost time : 0.096 s -  MainThread - 3048 
2022-04-24 10:47:08,879 - MOT - INFO - MTCNN detect face cost time : 0.096 s -  MainThread - 3048 
2022-04-24 10:47:08,988 - MOT - INFO - MTCNN detect face cost time : 0.096 s -  MainThread - 3048 
2022-04-24 10:47:09,077 - MOT - INFO - MTCNN detect face cost time : 0.075 s -  MainThread - 3048 
2022-04-24 10:47:09,147 - MOT - INFO - MTCNN detect face cost time : 0.051 s -  MainThread - 3048 
2022-04-24 10:47:09,211 - MOT - INFO - MTCNN detect face cost time : 0.051 s -  MainThread - 3048 
2022-04-24 10:47:09,272 - MOT - INFO - MTCNN detect face cost time : 0.051 s -  MainThread - 3048 
2022-04-24 10:47:09,337 - MOT - INFO - MTCNN detect face cost time : 0.052 s -  MainThread - 3048 
2022-04-24 10:47:09,400 - MOT - INFO - MTCNN detect face cost time : 0.051 s -  MainThread - 3048 
2022-04-24 10:47:09,461 - MOT - INFO - MTCNN detect face cost time : 0.052 s -  MainThread - 3048 
2022-04-24 10:47:09,524 - MOT - INFO - MTCNN detect face cost time : 0.052 s -  MainThread - 3048 
2022-04-24 10:47:09,587 - MOT - INFO - MTCNN detect face cost time : 0.052 s -  MainThread - 3048 
2022-04-24 10:47:09,648 - MOT - INFO - MTCNN detect face cost time : 0.052 s -  MainThread - 3048 
2022-04-24 10:47:09,710 - MOT - INFO - MTCNN detect face cost time : 0.052 s -  MainThread - 3048 
2022-04-24 10:47:09,772 - MOT - INFO - MTCNN detect face cost time : 0.051 s -  MainThread - 3048 
2022-04-24 10:47:09,882 - MOT - INFO - MTCNN detect face cost time : 0.051 s -  MainThread - 3048 
2022-04-24 10:47:09,945 - MOT - INFO - MTCNN detect face cost time : 0.052 s -  MainThread - 3048 
2022-04-24 10:47:10,006 - MOT - INFO - MTCNN detect face cost time : 0.051 s -  MainThread - 3048 
2022-04-24 10:47:10,069 - MOT - INFO - MTCNN detect face cost time : 0.052 s -  MainThread - 3048 
2022-04-24 10:47:10,132 - MOT - INFO - MTCNN detect face cost time : 0.052 s -  MainThread - 3048 
2022-04-24 10:47:10,196 - MOT - INFO - MTCNN detect face cost time : 0.053 s -  MainThread - 3048 
2022-04-24 10:47:10,255 - MOT - INFO - MTCNN detect face cost time : 0.05 s -  MainThread - 3048 
2022-04-24 10:47:10,319 - MOT - INFO - MTCNN detect face cost time : 0.052 s -  MainThread - 3048 
2022-04-24 10:47:10,381 - MOT - INFO - MTCNN detect face cost time : 0.051 s -  MainThread - 3048 
2022-04-24 10:47:10,445 - MOT - INFO - MTCNN detect face cost time : 0.051 s -  MainThread - 3048 
2022-04-24 10:47:10,507 - MOT - INFO - MTCNN detect face cost time : 0.052 s -  MainThread - 3048 
2022-04-24 10:47:10,572 - MOT - INFO - MTCNN detect face cost time : 0.053 s -  MainThread - 3048 
2022-04-24 10:47:10,634 - MOT - INFO - MTCNN detect face cost time : 0.051 s -  MainThread - 3048 
2022-04-24 10:47:10,696 - MOT - INFO - MTCNN detect face cost time : 0.051 s -  MainThread - 3048 
2022-04-24 10:47:10,759 - MOT - INFO - MTCNN detect face cost time : 0.052 s -  MainThread - 3048 
2022-04-24 10:47:10,822 - MOT - INFO - MTCNN detect face cost time : 0.053 s -  MainThread - 3048 
2022-04-24 10:47:10,882 - MOT - INFO - MTCNN detect face cost time : 0.051 s -  MainThread - 3048 
2022-04-24 10:47:10,945 - MOT - INFO - MTCNN detect face cost time : 0.051 s -  MainThread - 3048 
2022-04-24 10:47:11,010 - MOT - INFO - MTCNN detect face cost time : 0.052 s -  MainThread - 3048 
2022-04-24 10:47:11,074 - MOT - INFO - MTCNN detect face cost time : 0.052 s -  MainThread - 3048 
2022-04-24 10:47:11,137 - MOT - INFO - MTCNN detect face cost time : 0.052 s -  MainThread - 3048 
2022-04-24 10:47:11,201 - MOT - INFO - MTCNN detect face cost time : 0.052 s -  MainThread - 3048 
2022-04-24 10:47:11,264 - MOT - INFO - MTCNN detect face cost time : 0.052 s -  MainThread - 3048 
2022-04-24 10:47:11,326 - MOT - INFO - MTCNN detect face cost time : 0.05 s -  MainThread - 3048 
2022-04-24 10:47:11,390 - MOT - INFO - MTCNN detect face cost time : 0.053 s -  MainThread - 3048 
2022-04-24 10:47:11,452 - MOT - INFO - MTCNN detect face cost time : 0.052 s -  MainThread - 3048 
2022-04-24 10:47:11,514 - MOT - INFO - MTCNN detect face cost time : 0.051 s -  MainThread - 3048 
2022-04-24 10:47:11,576 - MOT - INFO - MTCNN detect face cost time : 0.05 s -  MainThread - 3048 
2022-04-24 10:47:11,640 - MOT - INFO - MTCNN detect face cost time : 0.052 s -  MainThread - 3048 
2022-04-24 10:47:11,700 - MOT - INFO - MTCNN detect face cost time : 0.05 s -  MainThread - 3048 
2022-04-24 10:47:11,766 - MOT - INFO - MTCNN detect face cost time : 0.053 s -  MainThread - 3048 
2022-04-24 10:47:11,827 - MOT - INFO - MTCNN detect face cost time : 0.052 s -  MainThread - 3048 
2022-04-24 10:47:11,889 - MOT - INFO - MTCNN detect face cost time : 0.051 s -  MainThread - 3048 
2022-04-24 10:47:11,951 - MOT - INFO - MTCNN detect face cost time : 0.051 s -  MainThread - 3048 
2022-04-24 10:47:12,016 - MOT - INFO - MTCNN detect face cost time : 0.052 s -  MainThread - 3048 
2022-04-24 10:47:12,078 - MOT - INFO - MTCNN detect face cost time : 0.051 s -  MainThread - 3048 
2022-04-24 10:47:12,141 - MOT - INFO - MTCNN detect face cost time : 0.052 s -  MainThread - 3048 
2022-04-24 10:47:12,203 - MOT - INFO - MTCNN detect face cost time : 0.052 s -  MainThread - 3048 
2022-04-24 10:47:12,266 - MOT - INFO - MTCNN detect face cost time : 0.052 s -  MainThread - 3048 
2022-04-24 10:47:12,329 - MOT - INFO - MTCNN detect face cost time : 0.052 s -  MainThread - 3048 
2022-04-24 10:47:12,391 - MOT - INFO - MTCNN detect face cost time : 0.053 s -  MainThread - 3048 
2022-04-24 10:47:12,454 - MOT - INFO - MTCNN detect face cost time : 0.054 s -  MainThread - 3048 
2022-04-24 10:47:12,563 - MOT - INFO - MTCNN detect face cost time : 0.102 s -  MainThread - 3048 
2022-04-24 10:47:12,674 - MOT - INFO - MTCNN detect face cost time : 0.101 s -  MainThread - 3048 
2022-04-24 10:47:12,783 - MOT - INFO - MTCNN detect face cost time : 0.101 s -  MainThread - 3048 
2022-04-24 10:47:12,897 - MOT - INFO - MTCNN detect face cost time : 0.105 s -  MainThread - 3048 
2022-04-24 10:47:13,010 - MOT - INFO - MTCNN detect face cost time : 0.095 s -  MainThread - 3048 
2022-04-24 10:47:13,124 - MOT - INFO - MTCNN detect face cost time : 0.097 s -  MainThread - 3048 
2022-04-24 10:47:13,233 - MOT - INFO - MTCNN detect face cost time : 0.097 s -  MainThread - 3048 
2022-04-24 10:47:13,344 - MOT - INFO - MTCNN detect face cost time : 0.097 s -  MainThread - 3048 
2022-04-24 10:47:13,456 - MOT - INFO - MTCNN detect face cost time : 0.098 s -  MainThread - 3048 
2022-04-24 10:47:13,565 - MOT - INFO - MTCNN detect face cost time : 0.1 s -  MainThread - 3048 
2022-04-24 10:47:13,675 - MOT - INFO - MTCNN detect face cost time : 0.1 s -  MainThread - 3048 
2022-04-24 10:47:13,783 - MOT - INFO - MTCNN detect face cost time : 0.099 s -  MainThread - 3048 
2022-04-24 10:47:13,892 - MOT - INFO - MTCNN detect face cost time : 0.097 s -  MainThread - 3048 
2022-04-24 10:47:14,006 - MOT - INFO - MTCNN detect face cost time : 0.101 s -  MainThread - 3048 
2022-04-24 10:47:14,111 - MOT - INFO - MTCNN detect face cost time : 0.094 s -  MainThread - 3048 
2022-04-24 10:47:14,227 - MOT - INFO - MTCNN detect face cost time : 0.099 s -  MainThread - 3048 
2022-04-24 10:47:14,342 - MOT - INFO - MTCNN detect face cost time : 0.103 s -  MainThread - 3048 
2022-04-24 10:47:14,454 - MOT - INFO - MTCNN detect face cost time : 0.104 s -  MainThread - 3048 
2022-04-24 10:47:14,562 - MOT - INFO - MTCNN detect face cost time : 0.104 s -  MainThread - 3048 
2022-04-24 10:47:14,669 - MOT - INFO - MTCNN detect face cost time : 0.101 s -  MainThread - 3048 
2022-04-24 10:47:14,759 - MOT - INFO - MTCNN detect face cost time : 0.081 s -  MainThread - 3048 
2022-04-24 10:47:14,828 - MOT - INFO - MTCNN detect face cost time : 0.056 s -  MainThread - 3048 
2022-04-24 10:47:14,890 - MOT - INFO - MTCNN detect face cost time : 0.055 s -  MainThread - 3048 
2022-04-24 10:47:14,950 - MOT - INFO - MTCNN detect face cost time : 0.054 s -  MainThread - 3048 
2022-04-24 10:47:15,012 - MOT - INFO - MTCNN detect face cost time : 0.054 s -  MainThread - 3048 
2022-04-24 10:47:15,076 - MOT - INFO - MTCNN detect face cost time : 0.055 s -  MainThread - 3048 
2022-04-24 10:47:15,136 - MOT - INFO - MTCNN detect face cost time : 0.053 s -  MainThread - 3048 
2022-04-24 10:47:15,199 - MOT - INFO - MTCNN detect face cost time : 0.054 s -  MainThread - 3048 
2022-04-24 10:47:15,262 - MOT - INFO - MTCNN detect face cost time : 0.054 s -  MainThread - 3048 
2022-04-24 10:47:15,325 - MOT - INFO - MTCNN detect face cost time : 0.055 s -  MainThread - 3048 
2022-04-24 10:47:15,386 - MOT - INFO - MTCNN detect face cost time : 0.055 s -  MainThread - 3048 
2022-04-24 10:47:15,449 - MOT - INFO - MTCNN detect face cost time : 0.055 s -  MainThread - 3048 
2022-04-24 10:47:15,512 - MOT - INFO - MTCNN detect face cost time : 0.055 s -  MainThread - 3048 
2022-04-24 10:47:15,575 - MOT - INFO - MTCNN detect face cost time : 0.056 s -  MainThread - 3048 
2022-04-24 10:47:15,637 - MOT - INFO - MTCNN detect face cost time : 0.055 s -  MainThread - 3048 
2022-04-24 10:47:15,699 - MOT - INFO - MTCNN detect face cost time : 0.055 s -  MainThread - 3048 
2022-04-24 10:47:15,763 - MOT - INFO - MTCNN detect face cost time : 0.057 s -  MainThread - 3048 
2022-04-24 10:47:15,822 - MOT - INFO - MTCNN detect face cost time : 0.054 s -  MainThread - 3048 
2022-04-24 10:47:15,886 - MOT - INFO - MTCNN detect face cost time : 0.055 s -  MainThread - 3048 
2022-04-24 10:47:15,947 - MOT - INFO - MTCNN detect face cost time : 0.055 s -  MainThread - 3048 
2022-04-24 10:47:16,009 - MOT - INFO - MTCNN detect face cost time : 0.056 s -  MainThread - 3048 
2022-04-24 10:47:16,071 - MOT - INFO - MTCNN detect face cost time : 0.056 s -  MainThread - 3048 
2022-04-24 10:47:16,133 - MOT - INFO - MTCNN detect face cost time : 0.054 s -  MainThread - 3048 
2022-04-24 10:47:16,197 - MOT - INFO - MTCNN detect face cost time : 0.056 s -  MainThread - 3048 
2022-04-24 10:47:16,260 - MOT - INFO - MTCNN detect face cost time : 0.055 s -  MainThread - 3048 
2022-04-24 10:47:16,321 - MOT - INFO - MTCNN detect face cost time : 0.055 s -  MainThread - 3048 
2022-04-24 10:47:16,383 - MOT - INFO - MTCNN detect face cost time : 0.055 s -  MainThread - 3048 
2022-04-24 10:47:16,447 - MOT - INFO - MTCNN detect face cost time : 0.056 s -  MainThread - 3048 
2022-04-24 10:47:16,509 - MOT - INFO - MTCNN detect face cost time : 0.055 s -  MainThread - 3048 
2022-04-24 10:47:16,571 - MOT - INFO - MTCNN detect face cost time : 0.055 s -  MainThread - 3048 
2022-04-24 10:47:16,634 - MOT - INFO - MTCNN detect face cost time : 0.056 s -  MainThread - 3048 
2022-04-24 10:47:16,697 - MOT - INFO - MTCNN detect face cost time : 0.057 s -  MainThread - 3048 
2022-04-24 10:47:16,758 - MOT - INFO - MTCNN detect face cost time : 0.055 s -  MainThread - 3048 
2022-04-24 10:47:16,820 - MOT - INFO - MTCNN detect face cost time : 0.056 s -  MainThread - 3048 
2022-04-24 10:47:16,882 - MOT - INFO - MTCNN detect face cost time : 0.055 s -  MainThread - 3048 
2022-04-24 10:47:16,947 - MOT - INFO - MTCNN detect face cost time : 0.058 s -  MainThread - 3048 
2022-04-24 10:47:17,011 - MOT - INFO - MTCNN detect face cost time : 0.058 s -  MainThread - 3048 
2022-04-24 10:47:17,070 - MOT - INFO - MTCNN detect face cost time : 0.055 s -  MainThread - 3048 
2022-04-24 10:47:17,132 - MOT - INFO - MTCNN detect face cost time : 0.054 s -  MainThread - 3048 
2022-04-24 10:47:17,196 - MOT - INFO - MTCNN detect face cost time : 0.056 s -  MainThread - 3048 
2022-04-24 10:47:17,258 - MOT - INFO - MTCNN detect face cost time : 0.056 s -  MainThread - 3048 
2022-04-24 10:47:17,318 - MOT - INFO - MTCNN detect face cost time : 0.054 s -  MainThread - 3048 
2022-04-24 10:47:17,380 - MOT - INFO - MTCNN detect face cost time : 0.054 s -  MainThread - 3048 
2022-04-24 10:47:17,446 - MOT - INFO - MTCNN detect face cost time : 0.056 s -  MainThread - 3048 
2022-04-24 10:47:17,507 - MOT - INFO - MTCNN detect face cost time : 0.055 s -  MainThread - 3048 
2022-04-24 10:47:17,570 - MOT - INFO - MTCNN detect face cost time : 0.054 s -  MainThread - 3048 
2022-04-24 10:47:17,631 - MOT - INFO - MTCNN detect face cost time : 0.054 s -  MainThread - 3048 
2022-04-24 10:47:17,699 - MOT - INFO - MTCNN detect face cost time : 0.059 s -  MainThread - 3048 
2022-04-24 10:47:17,777 - MOT - INFO - MTCNN detect face cost time : 0.059 s -  MainThread - 3048 
2022-04-24 10:47:17,854 - MOT - INFO - MTCNN detect face cost time : 0.058 s -  MainThread - 3048 
2022-04-24 10:47:17,919 - MOT - INFO - MTCNN detect face cost time : 0.06 s -  MainThread - 3048 
2022-04-24 10:47:17,997 - MOT - INFO - MTCNN detect face cost time : 0.06 s -  MainThread - 3048 
2022-04-24 10:47:18,074 - MOT - INFO - MTCNN detect face cost time : 0.058 s -  MainThread - 3048 
2022-04-24 10:47:18,138 - MOT - INFO - MTCNN detect face cost time : 0.058 s -  MainThread - 3048 
2022-04-24 10:47:18,252 - MOT - INFO - MTCNN detect face cost time : 0.108 s -  MainThread - 3048 
2022-04-24 10:47:18,377 - MOT - INFO - MTCNN detect face cost time : 0.108 s -  MainThread - 3048 
2022-04-24 10:47:18,504 - MOT - INFO - MTCNN detect face cost time : 0.107 s -  MainThread - 3048 
2022-04-24 10:47:18,626 - MOT - INFO - MTCNN detect face cost time : 0.107 s -  MainThread - 3048 
2022-04-24 10:47:18,750 - MOT - INFO - MTCNN detect face cost time : 0.106 s -  MainThread - 3048 
2022-04-24 10:47:18,875 - MOT - INFO - MTCNN detect face cost time : 0.107 s -  MainThread - 3048 
2022-04-24 10:47:19,002 - MOT - INFO - MTCNN detect face cost time : 0.107 s -  MainThread - 3048 
2022-04-24 10:47:19,126 - MOT - INFO - MTCNN detect face cost time : 0.107 s -  MainThread - 3048 
2022-04-24 10:47:19,254 - MOT - INFO - MTCNN detect face cost time : 0.108 s -  MainThread - 3048 
2022-04-24 10:47:19,381 - MOT - INFO - MTCNN detect face cost time : 0.109 s -  MainThread - 3048 
2022-04-24 10:47:19,506 - MOT - INFO - MTCNN detect face cost time : 0.109 s -  MainThread - 3048 
2022-04-24 10:47:19,628 - MOT - INFO - MTCNN detect face cost time : 0.106 s -  MainThread - 3048 
2022-04-24 10:47:19,755 - MOT - INFO - MTCNN detect face cost time : 0.107 s -  MainThread - 3048 
2022-04-24 10:47:19,882 - MOT - INFO - MTCNN detect face cost time : 0.11 s -  MainThread - 3048 
2022-04-24 10:47:20,003 - MOT - INFO - MTCNN detect face cost time : 0.107 s -  MainThread - 3048 
2022-04-24 10:47:20,128 - MOT - INFO - MTCNN detect face cost time : 0.106 s -  MainThread - 3048 
2022-04-24 10:47:20,239 - MOT - INFO - MTCNN detect face cost time : 0.106 s -  MainThread - 3048 
2022-04-24 10:47:20,368 - MOT - INFO - MTCNN detect face cost time : 0.108 s -  MainThread - 3048 
2022-04-24 10:47:20,492 - MOT - INFO - MTCNN detect face cost time : 0.109 s -  MainThread - 3048 
2022-04-24 10:47:20,615 - MOT - INFO - MTCNN detect face cost time : 0.106 s -  MainThread - 3048 
2022-04-24 10:47:20,737 - MOT - INFO - MTCNN detect face cost time : 0.102 s -  MainThread - 3048 
2022-04-24 10:47:20,849 - MOT - INFO - MTCNN detect face cost time : 0.103 s -  MainThread - 3048 
2022-04-24 10:47:20,959 - MOT - INFO - MTCNN detect face cost time : 0.104 s -  MainThread - 3048 
2022-04-24 10:47:21,073 - MOT - INFO - MTCNN detect face cost time : 0.108 s -  MainThread - 3048 
2022-04-24 10:47:21,197 - MOT - INFO - MTCNN detect face cost time : 0.107 s -  MainThread - 3048 
2022-04-24 10:47:21,324 - MOT - INFO - MTCNN detect face cost time : 0.108 s -  MainThread - 3048 
2022-04-24 10:47:21,450 - MOT - INFO - MTCNN detect face cost time : 0.109 s -  MainThread - 3048 
2022-04-24 10:47:21,561 - MOT - INFO - MTCNN detect face cost time : 0.094 s -  MainThread - 3048 
2022-04-24 10:47:21,632 - MOT - INFO - MTCNN detect face cost time : 0.056 s -  MainThread - 3048 
2022-04-24 10:47:21,693 - MOT - INFO - MTCNN detect face cost time : 0.055 s -  MainThread - 3048 
2022-04-24 10:47:21,754 - MOT - INFO - MTCNN detect face cost time : 0.056 s -  MainThread - 3048 
2022-04-24 10:47:21,815 - MOT - INFO - MTCNN detect face cost time : 0.054 s -  MainThread - 3048 
2022-04-24 10:47:21,878 - MOT - INFO - MTCNN detect face cost time : 0.054 s -  MainThread - 3048 
2022-04-24 10:47:21,941 - MOT - INFO - MTCNN detect face cost time : 0.055 s -  MainThread - 3048 
2022-04-24 10:47:22,003 - MOT - INFO - MTCNN detect face cost time : 0.055 s -  MainThread - 3048 
2022-04-24 10:47:22,066 - MOT - INFO - MTCNN detect face cost time : 0.055 s -  MainThread - 3048 
2022-04-24 10:47:22,129 - MOT - INFO - MTCNN detect face cost time : 0.055 s -  MainThread - 3048 
2022-04-24 10:47:22,191 - MOT - INFO - MTCNN detect face cost time : 0.055 s -  MainThread - 3048 
2022-04-24 10:47:22,253 - MOT - INFO - MTCNN detect face cost time : 0.056 s -  MainThread - 3048 
2022-04-24 10:47:22,313 - MOT - INFO - MTCNN detect face cost time : 0.055 s -  MainThread - 3048 
2022-04-24 10:47:22,372 - MOT - INFO - MTCNN detect face cost time : 0.056 s -  MainThread - 3048 
2022-04-24 10:47:22,431 - MOT - INFO - MTCNN detect face cost time : 0.056 s -  MainThread - 3048 
2022-04-24 10:47:22,501 - MOT - INFO - MTCNN detect face cost time : 0.055 s -  MainThread - 3048 
2022-04-24 10:47:22,563 - MOT - INFO - MTCNN detect face cost time : 0.055 s -  MainThread - 3048 
2022-04-24 10:47:22,626 - MOT - INFO - MTCNN detect face cost time : 0.055 s -  MainThread - 3048 
2022-04-24 10:47:22,686 - MOT - INFO - MTCNN detect face cost time : 0.054 s -  MainThread - 3048 
2022-04-24 10:47:22,748 - MOT - INFO - MTCNN detect face cost time : 0.055 s -  MainThread - 3048 
2022-04-24 10:47:22,810 - MOT - INFO - MTCNN detect face cost time : 0.055 s -  MainThread - 3048 
2022-04-24 10:47:22,872 - MOT - INFO - MTCNN detect face cost time : 0.055 s -  MainThread - 3048 
2022-04-24 10:47:22,935 - MOT - INFO - MTCNN detect face cost time : 0.056 s -  MainThread - 3048 
2022-04-24 10:47:22,994 - MOT - INFO - MTCNN detect face cost time : 0.055 s -  MainThread - 3048 
2022-04-24 10:47:23,061 - MOT - INFO - MTCNN detect face cost time : 0.057 s -  MainThread - 3048 
2022-04-24 10:47:23,122 - MOT - INFO - MTCNN detect face cost time : 0.054 s -  MainThread - 3048 
2022-04-24 10:47:23,182 - MOT - INFO - MTCNN detect face cost time : 0.053 s -  MainThread - 3048 
2022-04-24 10:47:23,247 - MOT - INFO - MTCNN detect face cost time : 0.056 s -  MainThread - 3048 
2022-04-24 10:47:23,309 - MOT - INFO - MTCNN detect face cost time : 0.056 s -  MainThread - 3048 
2022-04-24 10:47:23,371 - MOT - INFO - MTCNN detect face cost time : 0.055 s -  MainThread - 3048 
2022-04-24 10:47:23,432 - MOT - INFO - MTCNN detect face cost time : 0.055 s -  MainThread - 3048 
2022-04-24 10:47:23,494 - MOT - INFO - MTCNN detect face cost time : 0.054 s -  MainThread - 3048 
2022-04-24 10:47:23,558 - MOT - INFO - MTCNN detect face cost time : 0.056 s -  MainThread - 3048 
2022-04-24 10:47:23,619 - MOT - INFO - MTCNN detect face cost time : 0.054 s -  MainThread - 3048 
2022-04-24 10:47:23,681 - MOT - INFO - MTCNN detect face cost time : 0.054 s -  MainThread - 3048 
2022-04-24 10:47:23,742 - MOT - INFO - MTCNN detect face cost time : 0.055 s -  MainThread - 3048 
2022-04-24 10:47:23,805 - MOT - INFO - MTCNN detect face cost time : 0.055 s -  MainThread - 3048 
2022-04-24 10:47:23,867 - MOT - INFO - MTCNN detect face cost time : 0.054 s -  MainThread - 3048 
2022-04-24 10:47:23,932 - MOT - INFO - MTCNN detect face cost time : 0.056 s -  MainThread - 3048 
2022-04-24 10:47:23,995 - MOT - INFO - MTCNN detect face cost time : 0.056 s -  MainThread - 3048 
2022-04-24 10:47:24,057 - MOT - INFO - MTCNN detect face cost time : 0.057 s -  MainThread - 3048 
2022-04-24 10:47:24,120 - MOT - INFO - MTCNN detect face cost time : 0.057 s -  MainThread - 3048 
2022-04-24 10:47:24,181 - MOT - INFO - MTCNN detect face cost time : 0.055 s -  MainThread - 3048 
2022-04-24 10:47:24,244 - MOT - INFO - MTCNN detect face cost time : 0.055 s -  MainThread - 3048 
2022-04-24 10:47:24,307 - MOT - INFO - MTCNN detect face cost time : 0.056 s -  MainThread - 3048 
2022-04-24 10:47:24,366 - MOT - INFO - MTCNN detect face cost time : 0.053 s -  MainThread - 3048 
2022-04-24 10:47:24,431 - MOT - INFO - MTCNN detect face cost time : 0.055 s -  MainThread - 3048 
2022-04-24 10:47:24,491 - MOT - INFO - MTCNN detect face cost time : 0.054 s -  MainThread - 3048 
2022-04-24 10:47:24,555 - MOT - INFO - MTCNN detect face cost time : 0.054 s -  MainThread - 3048 
2022-04-24 10:47:24,617 - MOT - INFO - MTCNN detect face cost time : 0.054 s -  MainThread - 3048 
2022-04-24 10:47:24,676 - MOT - INFO - MTCNN detect face cost time : 0.051 s -  MainThread - 3048 
2022-04-24 10:47:24,739 - MOT - INFO - MTCNN detect face cost time : 0.051 s -  MainThread - 3048 
2022-04-24 10:47:24,800 - MOT - INFO - MTCNN detect face cost time : 0.051 s -  MainThread - 3048 
2022-04-24 10:47:24,863 - MOT - INFO - MTCNN detect face cost time : 0.052 s -  MainThread - 3048 
2022-04-24 10:47:24,924 - MOT - INFO - MTCNN detect face cost time : 0.051 s -  MainThread - 3048 
2022-04-24 10:47:25,026 - MOT - INFO - MTCNN detect face cost time : 0.09 s -  MainThread - 3048 
2022-04-24 10:47:25,149 - MOT - INFO - MTCNN detect face cost time : 0.103 s -  MainThread - 3048 
2022-04-24 10:47:25,263 - MOT - INFO - MTCNN detect face cost time : 0.107 s -  MainThread - 3048 
2022-04-24 10:47:25,386 - MOT - INFO - MTCNN detect face cost time : 0.103 s -  MainThread - 3048 
2022-04-24 10:47:25,493 - MOT - INFO - MTCNN detect face cost time : 0.098 s -  MainThread - 3048 
2022-04-24 10:47:25,601 - MOT - INFO - MTCNN detect face cost time : 0.098 s -  MainThread - 3048 
2022-04-24 10:47:25,713 - MOT - INFO - MTCNN detect face cost time : 0.099 s -  MainThread - 3048 
2022-04-24 10:47:25,823 - MOT - INFO - MTCNN detect face cost time : 0.1 s -  MainThread - 3048 
2022-04-24 10:47:25,931 - MOT - INFO - MTCNN detect face cost time : 0.099 s -  MainThread - 3048 
2022-04-24 10:47:26,041 - MOT - INFO - MTCNN detect face cost time : 0.098 s -  MainThread - 3048 
2022-04-24 10:47:26,152 - MOT - INFO - MTCNN detect face cost time : 0.1 s -  MainThread - 3048 
2022-04-24 10:47:26,267 - MOT - INFO - MTCNN detect face cost time : 0.106 s -  MainThread - 3048 
2022-04-24 10:47:26,394 - MOT - INFO - MTCNN detect face cost time : 0.106 s -  MainThread - 3048 
2022-04-24 10:47:26,503 - MOT - INFO - MTCNN detect face cost time : 0.105 s -  MainThread - 3048 
2022-04-24 10:47:26,611 - MOT - INFO - MTCNN detect face cost time : 0.103 s -  MainThread - 3048 
2022-04-24 10:47:26,722 - MOT - INFO - MTCNN detect face cost time : 0.105 s -  MainThread - 3048 
2022-04-24 10:47:26,827 - MOT - INFO - MTCNN detect face cost time : 0.099 s -  MainThread - 3048 
2022-04-24 10:47:26,940 - MOT - INFO - MTCNN detect face cost time : 0.101 s -  MainThread - 3048 
2022-04-24 10:47:27,049 - MOT - INFO - MTCNN detect face cost time : 0.101 s -  MainThread - 3048 
2022-04-24 10:47:27,159 - MOT - INFO - MTCNN detect face cost time : 0.101 s -  MainThread - 3048 
2022-04-24 10:47:27,268 - MOT - INFO - MTCNN detect face cost time : 0.102 s -  MainThread - 3048 
2022-04-24 10:47:27,380 - MOT - INFO - MTCNN detect face cost time : 0.101 s -  MainThread - 3048 
2022-04-24 10:47:27,485 - MOT - INFO - MTCNN detect face cost time : 0.097 s -  MainThread - 3048 
2022-04-24 10:47:27,596 - MOT - INFO - MTCNN detect face cost time : 0.097 s -  MainThread - 3048 
2022-04-24 10:47:27,710 - MOT - INFO - MTCNN detect face cost time : 0.099 s -  MainThread - 3048 
2022-04-24 10:47:27,822 - MOT - INFO - MTCNN detect face cost time : 0.1 s -  MainThread - 3048 
2022-04-24 10:47:27,933 - MOT - INFO - MTCNN detect face cost time : 0.103 s -  MainThread - 3048 
2022-04-24 10:47:28,047 - MOT - INFO - MTCNN detect face cost time : 0.107 s -  MainThread - 3048 
2022-04-24 10:47:28,159 - MOT - INFO - MTCNN detect face cost time : 0.107 s -  MainThread - 3048 
2022-04-24 10:47:28,285 - MOT - INFO - MTCNN detect face cost time : 0.106 s -  MainThread - 3048 
2022-04-24 10:47:28,389 - MOT - INFO - MTCNN detect face cost time : 0.084 s -  MainThread - 3048 
2022-04-24 10:47:28,455 - MOT - INFO - MTCNN detect face cost time : 0.056 s -  MainThread - 3048 
2022-04-24 10:47:28,515 - MOT - INFO - MTCNN detect face cost time : 0.055 s -  MainThread - 3048 
2022-04-24 10:47:28,577 - MOT - INFO - MTCNN detect face cost time : 0.054 s -  MainThread - 3048 
2022-04-24 10:47:28,640 - MOT - INFO - MTCNN detect face cost time : 0.054 s -  MainThread - 3048 
2022-04-24 10:47:28,704 - MOT - INFO - MTCNN detect face cost time : 0.056 s -  MainThread - 3048 
2022-04-24 10:47:28,766 - MOT - INFO - MTCNN detect face cost time : 0.056 s -  MainThread - 3048 
2022-04-24 10:47:28,828 - MOT - INFO - MTCNN detect face cost time : 0.055 s -  MainThread - 3048 
2022-04-24 10:47:28,891 - MOT - INFO - MTCNN detect face cost time : 0.055 s -  MainThread - 3048 
2022-04-24 10:47:28,956 - MOT - INFO - MTCNN detect face cost time : 0.056 s -  MainThread - 3048 
2022-04-24 10:47:29,017 - MOT - INFO - MTCNN detect face cost time : 0.056 s -  MainThread - 3048 
2022-04-24 10:47:29,080 - MOT - INFO - MTCNN detect face cost time : 0.056 s -  MainThread - 3048 
2022-04-24 10:47:29,145 - MOT - INFO - MTCNN detect face cost time : 0.06 s -  MainThread - 3048 
2022-04-24 10:47:29,225 - MOT - INFO - MTCNN detect face cost time : 0.06 s -  MainThread - 3048 
2022-04-24 10:47:29,304 - MOT - INFO - MTCNN detect face cost time : 0.063 s -  MainThread - 3048 
2022-04-24 10:47:29,381 - MOT - INFO - MTCNN detect face cost time : 0.063 s -  MainThread - 3048 
2022-04-24 10:47:29,459 - MOT - INFO - MTCNN detect face cost time : 0.062 s -  MainThread - 3048 
2022-04-24 10:47:29,538 - MOT - INFO - MTCNN detect face cost time : 0.062 s -  MainThread - 3048 
2022-04-24 10:47:29,538 - MOT - INFO - new Tracker: 1 -  MainThread - 3048 
2022-04-24 10:47:29,539 - MOT - INFO - new Tracker: 2 -  MainThread - 3048 
2022-04-24 10:47:29,619 - MOT - INFO - MTCNN detect face cost time : 0.065 s -  MainThread - 3048 
2022-04-24 10:47:30,009 - MOT - INFO - MTCNN detect face cost time : 0.061 s -  MainThread - 3048 
2022-04-24 10:47:30,088 - MOT - INFO - MTCNN detect face cost time : 0.062 s -  MainThread - 3048 
