2022-04-24 10:44:26,043 - MOT - INFO - Start track and extract...... -  MainThread - 11704 
2022-04-24 10:44:27,204 - MOT - INFO - All files:00000000_kh3CeRF8.mp4 -  MainThread - 11704 
2022-04-24 10:44:27,205 - MOT - INFO - Video_name:videos\00000000_kh3CeRF8.mp4 -  MainThread - 11704 
2022-04-24 10:44:27,343 - MOT - INFO - MTCNN detect face cost time : 0.119 s -  MainThread - 11704 
2022-04-24 10:44:27,427 - MOT - INFO - MTCNN detect face cost time : 0.055 s -  MainThread - 11704 
2022-04-24 10:44:27,490 - MOT - INFO - MTCNN detect face cost time : 0.057 s -  MainThread - 11704 
2022-04-24 10:44:27,558 - MOT - INFO - MTCNN detect face cost time : 0.057 s -  MainThread - 11704 
2022-04-24 10:44:27,619 - MOT - INFO - MTCNN detect face cost time : 0.057 s -  MainThread - 11704 
2022-04-24 10:44:27,677 - MOT - INFO - MTCNN detect face cost time : 0.054 s -  MainThread - 11704 
2022-04-24 10:44:27,741 - MOT - INFO - MTCNN detect face cost time : 0.053 s -  MainThread - 11704 
2022-04-24 10:44:27,804 - MOT - INFO - MTCNN detect face cost time : 0.054 s -  MainThread - 11704 
2022-04-24 10:44:27,864 - MOT - INFO - MTCNN detect face cost time : 0.052 s -  MainThread - 11704 
2022-04-24 10:44:27,928 - MOT - INFO - MTCNN detect face cost time : 0.053 s -  MainThread - 11704 
2022-04-24 10:44:27,990 - MOT - INFO - MTCNN detect face cost time : 0.053 s -  MainThread - 11704 
2022-04-24 10:44:28,053 - MOT - INFO - MTCNN detect face cost time : 0.052 s -  MainThread - 11704 
2022-04-24 10:44:28,117 - MOT - INFO - MTCNN detect face cost time : 0.053 s -  MainThread - 11704 
2022-04-24 10:44:28,178 - MOT - INFO - MTCNN detect face cost time : 0.052 s -  MainThread - 11704 
2022-04-24 10:44:28,242 - MOT - INFO - MTCNN detect face cost time : 0.052 s -  MainThread - 11704 
2022-04-24 10:44:28,304 - MOT - INFO - MTCNN detect face cost time : 0.052 s -  MainThread - 11704 
2022-04-24 10:44:28,367 - MOT - INFO - MTCNN detect face cost time : 0.053 s -  MainThread - 11704 
2022-04-24 10:44:28,431 - MOT - INFO - MTCNN detect face cost time : 0.054 s -  MainThread - 11704 
2022-04-24 10:44:28,492 - MOT - INFO - MTCNN detect face cost time : 0.053 s -  MainThread - 11704 
2022-04-24 10:44:28,555 - MOT - INFO - MTCNN detect face cost time : 0.054 s -  MainThread - 11704 
2022-04-24 10:44:28,616 - MOT - INFO - MTCNN detect face cost time : 0.053 s -  MainThread - 11704 
2022-04-24 10:44:28,680 - MOT - INFO - MTCNN detect face cost time : 0.053 s -  MainThread - 11704 
2022-04-24 10:44:28,743 - MOT - INFO - MTCNN detect face cost time : 0.053 s -  MainThread - 11704 
2022-04-24 10:44:28,806 - MOT - INFO - MTCNN detect face cost time : 0.053 s -  MainThread - 11704 
2022-04-24 10:44:28,869 - MOT - INFO - MTCNN detect face cost time : 0.053 s -  MainThread - 11704 
2022-04-24 10:44:28,933 - MOT - INFO - MTCNN detect face cost time : 0.055 s -  MainThread - 11704 
2022-04-24 10:44:28,994 - MOT - INFO - MTCNN detect face cost time : 0.053 s -  MainThread - 11704 
2022-04-24 10:44:29,057 - MOT - INFO - MTCNN detect face cost time : 0.053 s -  MainThread - 11704 
2022-04-24 10:44:29,119 - MOT - INFO - MTCNN detect face cost time : 0.053 s -  MainThread - 11704 
2022-04-24 10:44:29,182 - MOT - INFO - MTCNN detect face cost time : 0.053 s -  MainThread - 11704 
2022-04-24 10:44:29,245 - MOT - INFO - MTCNN detect face cost time : 0.053 s -  MainThread - 11704 
2022-04-24 10:44:29,308 - MOT - INFO - MTCNN detect face cost time : 0.054 s -  MainThread - 11704 
2022-04-24 10:44:29,370 - MOT - INFO - MTCNN detect face cost time : 0.053 s -  MainThread - 11704 
2022-04-24 10:44:29,434 - MOT - INFO - MTCNN detect face cost time : 0.054 s -  MainThread - 11704 
2022-04-24 10:44:29,496 - MOT - INFO - MTCNN detect face cost time : 0.053 s -  MainThread - 11704 
2022-04-24 10:44:29,559 - MOT - INFO - MTCNN detect face cost time : 0.054 s -  MainThread - 11704 
2022-04-24 10:44:29,621 - MOT - INFO - MTCNN detect face cost time : 0.053 s -  MainThread - 11704 
2022-04-24 10:44:29,685 - MOT - INFO - MTCNN detect face cost time : 0.053 s -  MainThread - 11704 
2022-04-24 10:44:29,748 - MOT - INFO - MTCNN detect face cost time : 0.054 s -  MainThread - 11704 
2022-04-24 10:44:29,811 - MOT - INFO - MTCNN detect face cost time : 0.054 s -  MainThread - 11704 
2022-04-24 10:44:29,874 - MOT - INFO - MTCNN detect face cost time : 0.052 s -  MainThread - 11704 
2022-04-24 10:44:29,936 - MOT - INFO - MTCNN detect face cost time : 0.053 s -  MainThread - 11704 
2022-04-24 10:44:29,998 - MOT - INFO - MTCNN detect face cost time : 0.053 s -  MainThread - 11704 
2022-04-24 10:44:30,061 - MOT - INFO - MTCNN detect face cost time : 0.054 s -  MainThread - 11704 
2022-04-24 10:44:30,125 - MOT - INFO - MTCNN detect face cost time : 0.054 s -  MainThread - 11704 
2022-04-24 10:44:30,185 - MOT - INFO - MTCNN detect face cost time : 0.053 s -  MainThread - 11704 
2022-04-24 10:44:30,249 - MOT - INFO - MTCNN detect face cost time : 0.054 s -  MainThread - 11704 
2022-04-24 10:44:30,310 - MOT - INFO - MTCNN detect face cost time : 0.054 s -  MainThread - 11704 
2022-04-24 10:44:30,371 - MOT - INFO - MTCNN detect face cost time : 0.051 s -  MainThread - 11704 
2022-04-24 10:44:30,435 - MOT - INFO - MTCNN detect face cost time : 0.053 s -  MainThread - 11704 
2022-04-24 10:44:30,497 - MOT - INFO - MTCNN detect face cost time : 0.053 s -  MainThread - 11704 
2022-04-24 10:44:30,562 - MOT - INFO - MTCNN detect face cost time : 0.054 s -  MainThread - 11704 
2022-04-24 10:44:30,622 - MOT - INFO - MTCNN detect face cost time : 0.054 s -  MainThread - 11704 
2022-04-24 10:44:30,684 - MOT - INFO - MTCNN detect face cost time : 0.054 s -  MainThread - 11704 
2022-04-24 10:44:30,747 - MOT - INFO - MTCNN detect face cost time : 0.054 s -  MainThread - 11704 
2022-04-24 10:44:30,810 - MOT - INFO - MTCNN detect face cost time : 0.054 s -  MainThread - 11704 
2022-04-24 10:44:30,874 - MOT - INFO - MTCNN detect face cost time : 0.053 s -  MainThread - 11704 
2022-04-24 10:44:30,937 - MOT - INFO - MTCNN detect face cost time : 0.053 s -  MainThread - 11704 
2022-04-24 10:44:31,002 - MOT - INFO - MTCNN detect face cost time : 0.053 s -  MainThread - 11704 
2022-04-24 10:44:31,063 - MOT - INFO - MTCNN detect face cost time : 0.053 s -  MainThread - 11704 
2022-04-24 10:44:31,126 - MOT - INFO - MTCNN detect face cost time : 0.053 s -  MainThread - 11704 
2022-04-24 10:44:31,189 - MOT - INFO - MTCNN detect face cost time : 0.053 s -  MainThread - 11704 
2022-04-24 10:44:31,251 - MOT - INFO - MTCNN detect face cost time : 0.054 s -  MainThread - 11704 
2022-04-24 10:44:31,313 - MOT - INFO - MTCNN detect face cost time : 0.053 s -  MainThread - 11704 
2022-04-24 10:44:31,376 - MOT - INFO - MTCNN detect face cost time : 0.053 s -  MainThread - 11704 
2022-04-24 10:44:31,440 - MOT - INFO - MTCNN detect face cost time : 0.053 s -  MainThread - 11704 
2022-04-24 10:44:31,502 - MOT - INFO - MTCNN detect face cost time : 0.053 s -  MainThread - 11704 
2022-04-24 10:44:31,566 - MOT - INFO - MTCNN detect face cost time : 0.054 s -  MainThread - 11704 
2022-04-24 10:44:31,629 - MOT - INFO - MTCNN detect face cost time : 0.054 s -  MainThread - 11704 
2022-04-24 10:44:31,694 - MOT - INFO - MTCNN detect face cost time : 0.055 s -  MainThread - 11704 
2022-04-24 10:44:31,753 - MOT - INFO - MTCNN detect face cost time : 0.051 s -  MainThread - 11704 
2022-04-24 10:44:31,817 - MOT - INFO - MTCNN detect face cost time : 0.053 s -  MainThread - 11704 
2022-04-24 10:44:31,880 - MOT - INFO - MTCNN detect face cost time : 0.052 s -  MainThread - 11704 
2022-04-24 10:44:31,945 - MOT - INFO - MTCNN detect face cost time : 0.054 s -  MainThread - 11704 
2022-04-24 10:44:32,005 - MOT - INFO - MTCNN detect face cost time : 0.053 s -  MainThread - 11704 
2022-04-24 10:44:32,067 - MOT - INFO - MTCNN detect face cost time : 0.053 s -  MainThread - 11704 
2022-04-24 10:44:32,130 - MOT - INFO - MTCNN detect face cost time : 0.053 s -  MainThread - 11704 
2022-04-24 10:44:32,193 - MOT - INFO - MTCNN detect face cost time : 0.054 s -  MainThread - 11704 
2022-04-24 10:44:32,256 - MOT - INFO - MTCNN detect face cost time : 0.053 s -  MainThread - 11704 
2022-04-24 10:44:32,320 - MOT - INFO - MTCNN detect face cost time : 0.053 s -  MainThread - 11704 
2022-04-24 10:44:32,381 - MOT - INFO - MTCNN detect face cost time : 0.053 s -  MainThread - 11704 
2022-04-24 10:44:32,445 - MOT - INFO - MTCNN detect face cost time : 0.054 s -  MainThread - 11704 
2022-04-24 10:44:32,508 - MOT - INFO - MTCNN detect face cost time : 0.053 s -  MainThread - 11704 
2022-04-24 10:44:32,571 - MOT - INFO - MTCNN detect face cost time : 0.054 s -  MainThread - 11704 
2022-04-24 10:44:32,634 - MOT - INFO - MTCNN detect face cost time : 0.054 s -  MainThread - 11704 
2022-04-24 10:44:32,696 - MOT - INFO - MTCNN detect face cost time : 0.053 s -  MainThread - 11704 
2022-04-24 10:44:32,757 - MOT - INFO - MTCNN detect face cost time : 0.053 s -  MainThread - 11704 
2022-04-24 10:44:32,818 - MOT - INFO - MTCNN detect face cost time : 0.051 s -  MainThread - 11704 
2022-04-24 10:44:32,882 - MOT - INFO - MTCNN detect face cost time : 0.053 s -  MainThread - 11704 
2022-04-24 10:44:32,945 - MOT - INFO - MTCNN detect face cost time : 0.053 s -  MainThread - 11704 
2022-04-24 10:44:33,009 - MOT - INFO - MTCNN detect face cost time : 0.054 s -  MainThread - 11704 
2022-04-24 10:44:33,070 - MOT - INFO - MTCNN detect face cost time : 0.052 s -  MainThread - 11704 
2022-04-24 10:44:33,133 - MOT - INFO - MTCNN detect face cost time : 0.053 s -  MainThread - 11704 
2022-04-24 10:44:33,194 - MOT - INFO - MTCNN detect face cost time : 0.053 s -  MainThread - 11704 
2022-04-24 10:44:33,257 - MOT - INFO - MTCNN detect face cost time : 0.054 s -  MainThread - 11704 
2022-04-24 10:44:33,321 - MOT - INFO - MTCNN detect face cost time : 0.054 s -  MainThread - 11704 
2022-04-24 10:44:33,384 - MOT - INFO - MTCNN detect face cost time : 0.054 s -  MainThread - 11704 
2022-04-24 10:44:33,444 - MOT - INFO - MTCNN detect face cost time : 0.051 s -  MainThread - 11704 
2022-04-24 10:44:33,509 - MOT - INFO - MTCNN detect face cost time : 0.053 s -  MainThread - 11704 
2022-04-24 10:44:33,570 - MOT - INFO - MTCNN detect face cost time : 0.053 s -  MainThread - 11704 
2022-04-24 10:44:33,632 - MOT - INFO - MTCNN detect face cost time : 0.054 s -  MainThread - 11704 
2022-04-24 10:44:33,695 - MOT - INFO - MTCNN detect face cost time : 0.054 s -  MainThread - 11704 
2022-04-24 10:44:33,759 - MOT - INFO - MTCNN detect face cost time : 0.055 s -  MainThread - 11704 
2022-04-24 10:44:33,824 - MOT - INFO - MTCNN detect face cost time : 0.056 s -  MainThread - 11704 
2022-04-24 10:44:33,883 - MOT - INFO - MTCNN detect face cost time : 0.053 s -  MainThread - 11704 
2022-04-24 10:44:33,949 - MOT - INFO - MTCNN detect face cost time : 0.056 s -  MainThread - 11704 
2022-04-24 10:44:34,011 - MOT - INFO - MTCNN detect face cost time : 0.054 s -  MainThread - 11704 
2022-04-24 10:44:34,077 - MOT - INFO - MTCNN detect face cost time : 0.059 s -  MainThread - 11704 
2022-04-24 10:44:34,137 - MOT - INFO - MTCNN detect face cost time : 0.055 s -  MainThread - 11704 
2022-04-24 10:44:34,197 - MOT - INFO - MTCNN detect face cost time : 0.052 s -  MainThread - 11704 
2022-04-24 10:44:34,263 - MOT - INFO - MTCNN detect face cost time : 0.055 s -  MainThread - 11704 
2022-04-24 10:44:34,323 - MOT - INFO - MTCNN detect face cost time : 0.053 s -  MainThread - 11704 
2022-04-24 10:44:34,389 - MOT - INFO - MTCNN detect face cost time : 0.055 s -  MainThread - 11704 
2022-04-24 10:44:34,450 - MOT - INFO - MTCNN detect face cost time : 0.053 s -  MainThread - 11704 
2022-04-24 10:44:34,516 - MOT - INFO - MTCNN detect face cost time : 0.055 s -  MainThread - 11704 
2022-04-24 10:44:34,580 - MOT - INFO - MTCNN detect face cost time : 0.056 s -  MainThread - 11704 
2022-04-24 10:44:34,639 - MOT - INFO - MTCNN detect face cost time : 0.053 s -  MainThread - 11704 
2022-04-24 10:44:34,703 - MOT - INFO - MTCNN detect face cost time : 0.053 s -  MainThread - 11704 
2022-04-24 10:44:34,766 - MOT - INFO - MTCNN detect face cost time : 0.052 s -  MainThread - 11704 
2022-04-24 10:44:34,831 - MOT - INFO - MTCNN detect face cost time : 0.053 s -  MainThread - 11704 
2022-04-24 10:44:34,891 - MOT - INFO - MTCNN detect face cost time : 0.052 s -  MainThread - 11704 
2022-04-24 10:44:34,956 - MOT - INFO - MTCNN detect face cost time : 0.054 s -  MainThread - 11704 
2022-04-24 10:44:35,017 - MOT - INFO - MTCNN detect face cost time : 0.052 s -  MainThread - 11704 
2022-04-24 10:44:35,081 - MOT - INFO - MTCNN detect face cost time : 0.054 s -  MainThread - 11704 
2022-04-24 10:44:35,140 - MOT - INFO - MTCNN detect face cost time : 0.05 s -  MainThread - 11704 
2022-04-24 10:44:35,205 - MOT - INFO - MTCNN detect face cost time : 0.052 s -  MainThread - 11704 
2022-04-24 10:44:35,269 - MOT - INFO - MTCNN detect face cost time : 0.053 s -  MainThread - 11704 
2022-04-24 10:44:35,331 - MOT - INFO - MTCNN detect face cost time : 0.051 s -  MainThread - 11704 
2022-04-24 10:44:35,393 - MOT - INFO - MTCNN detect face cost time : 0.052 s -  MainThread - 11704 
2022-04-24 10:44:35,458 - MOT - INFO - MTCNN detect face cost time : 0.053 s -  MainThread - 11704 
2022-04-24 10:44:35,520 - MOT - INFO - MTCNN detect face cost time : 0.053 s -  MainThread - 11704 
2022-04-24 10:44:35,585 - MOT - INFO - MTCNN detect face cost time : 0.054 s -  MainThread - 11704 
2022-04-24 10:44:35,647 - MOT - INFO - MTCNN detect face cost time : 0.054 s -  MainThread - 11704 
2022-04-24 10:44:35,709 - MOT - INFO - MTCNN detect face cost time : 0.053 s -  MainThread - 11704 
2022-04-24 10:44:35,774 - MOT - INFO - MTCNN detect face cost time : 0.054 s -  MainThread - 11704 
2022-04-24 10:44:35,837 - MOT - INFO - MTCNN detect face cost time : 0.053 s -  MainThread - 11704 
2022-04-24 10:44:35,901 - MOT - INFO - MTCNN detect face cost time : 0.054 s -  MainThread - 11704 
2022-04-24 10:44:35,964 - MOT - INFO - MTCNN detect face cost time : 0.054 s -  MainThread - 11704 
2022-04-24 10:44:36,027 - MOT - INFO - MTCNN detect face cost time : 0.054 s -  MainThread - 11704 
2022-04-24 10:44:36,089 - MOT - INFO - MTCNN detect face cost time : 0.055 s -  MainThread - 11704 
2022-04-24 10:44:36,151 - MOT - INFO - MTCNN detect face cost time : 0.054 s -  MainThread - 11704 
2022-04-24 10:44:36,213 - MOT - INFO - MTCNN detect face cost time : 0.052 s -  MainThread - 11704 
2022-04-24 10:44:36,277 - MOT - INFO - MTCNN detect face cost time : 0.054 s -  MainThread - 11704 
2022-04-24 10:44:36,341 - MOT - INFO - MTCNN detect face cost time : 0.054 s -  MainThread - 11704 
2022-04-24 10:44:36,402 - MOT - INFO - MTCNN detect face cost time : 0.052 s -  MainThread - 11704 
2022-04-24 10:44:36,464 - MOT - INFO - MTCNN detect face cost time : 0.053 s -  MainThread - 11704 
2022-04-24 10:44:36,527 - MOT - INFO - MTCNN detect face cost time : 0.053 s -  MainThread - 11704 
2022-04-24 10:44:36,588 - MOT - INFO - MTCNN detect face cost time : 0.053 s -  MainThread - 11704 
2022-04-24 10:44:36,652 - MOT - INFO - MTCNN detect face cost time : 0.053 s -  MainThread - 11704 
2022-04-24 10:44:36,715 - MOT - INFO - MTCNN detect face cost time : 0.053 s -  MainThread - 11704 
2022-04-24 10:44:36,776 - MOT - INFO - MTCNN detect face cost time : 0.052 s -  MainThread - 11704 
2022-04-24 10:44:36,839 - MOT - INFO - MTCNN detect face cost time : 0.051 s -  MainThread - 11704 
2022-04-24 10:44:36,903 - MOT - INFO - MTCNN detect face cost time : 0.052 s -  MainThread - 11704 
2022-04-24 10:44:36,965 - MOT - INFO - MTCNN detect face cost time : 0.052 s -  MainThread - 11704 
2022-04-24 10:44:37,026 - MOT - INFO - MTCNN detect face cost time : 0.052 s -  MainThread - 11704 
2022-04-24 10:44:37,089 - MOT - INFO - MTCNN detect face cost time : 0.052 s -  MainThread - 11704 
2022-04-24 10:44:37,149 - MOT - INFO - MTCNN detect face cost time : 0.052 s -  MainThread - 11704 
2022-04-24 10:44:37,215 - MOT - INFO - MTCNN detect face cost time : 0.055 s -  MainThread - 11704 
2022-04-24 10:44:37,276 - MOT - INFO - MTCNN detect face cost time : 0.053 s -  MainThread - 11704 
2022-04-24 10:44:37,339 - MOT - INFO - MTCNN detect face cost time : 0.054 s -  MainThread - 11704 
2022-04-24 10:44:37,402 - MOT - INFO - MTCNN detect face cost time : 0.054 s -  MainThread - 11704 
2022-04-24 10:44:37,461 - MOT - INFO - MTCNN detect face cost time : 0.053 s -  MainThread - 11704 
2022-04-24 10:44:37,523 - MOT - INFO - MTCNN detect face cost time : 0.052 s -  MainThread - 11704 
2022-04-24 10:44:37,587 - MOT - INFO - MTCNN detect face cost time : 0.053 s -  MainThread - 11704 
2022-04-24 10:44:37,649 - MOT - INFO - MTCNN detect face cost time : 0.053 s -  MainThread - 11704 
2022-04-24 10:44:37,712 - MOT - INFO - MTCNN detect face cost time : 0.053 s -  MainThread - 11704 
2022-04-24 10:44:37,774 - MOT - INFO - MTCNN detect face cost time : 0.053 s -  MainThread - 11704 
2022-04-24 10:44:37,837 - MOT - INFO - MTCNN detect face cost time : 0.053 s -  MainThread - 11704 
2022-04-24 10:44:37,901 - MOT - INFO - MTCNN detect face cost time : 0.055 s -  MainThread - 11704 
2022-04-24 10:44:37,963 - MOT - INFO - MTCNN detect face cost time : 0.054 s -  MainThread - 11704 
2022-04-24 10:44:38,025 - MOT - INFO - MTCNN detect face cost time : 0.053 s -  MainThread - 11704 
2022-04-24 10:44:38,089 - MOT - INFO - MTCNN detect face cost time : 0.054 s -  MainThread - 11704 
2022-04-24 10:44:38,151 - MOT - INFO - MTCNN detect face cost time : 0.053 s -  MainThread - 11704 
2022-04-24 10:44:38,215 - MOT - INFO - MTCNN detect face cost time : 0.054 s -  MainThread - 11704 
2022-04-24 10:44:38,314 - MOT - INFO - MTCNN detect face cost time : 0.089 s -  MainThread - 11704 
2022-04-24 10:44:38,374 - MOT - INFO - MTCNN detect face cost time : 0.056 s -  MainThread - 11704 
2022-04-24 10:44:38,434 - MOT - INFO - MTCNN detect face cost time : 0.053 s -  MainThread - 11704 
2022-04-24 10:44:38,500 - MOT - INFO - MTCNN detect face cost time : 0.056 s -  MainThread - 11704 
2022-04-24 10:44:38,559 - MOT - INFO - MTCNN detect face cost time : 0.053 s -  MainThread - 11704 
2022-04-24 10:44:38,621 - MOT - INFO - MTCNN detect face cost time : 0.052 s -  MainThread - 11704 
2022-04-24 10:44:38,685 - MOT - INFO - MTCNN detect face cost time : 0.052 s -  MainThread - 11704 
2022-04-24 10:44:38,748 - MOT - INFO - MTCNN detect face cost time : 0.053 s -  MainThread - 11704 
2022-04-24 10:44:38,811 - MOT - INFO - MTCNN detect face cost time : 0.052 s -  MainThread - 11704 
2022-04-24 10:44:38,873 - MOT - INFO - MTCNN detect face cost time : 0.052 s -  MainThread - 11704 
2022-04-24 10:44:38,935 - MOT - INFO - MTCNN detect face cost time : 0.051 s -  MainThread - 11704 
2022-04-24 10:44:38,999 - MOT - INFO - MTCNN detect face cost time : 0.052 s -  MainThread - 11704 
2022-04-24 10:44:39,064 - MOT - INFO - MTCNN detect face cost time : 0.054 s -  MainThread - 11704 
2022-04-24 10:44:39,125 - MOT - INFO - MTCNN detect face cost time : 0.053 s -  MainThread - 11704 
2022-04-24 10:44:39,188 - MOT - INFO - MTCNN detect face cost time : 0.053 s -  MainThread - 11704 
2022-04-24 10:44:39,249 - MOT - INFO - MTCNN detect face cost time : 0.052 s -  MainThread - 11704 
2022-04-24 10:44:39,313 - MOT - INFO - MTCNN detect face cost time : 0.053 s -  MainThread - 11704 
2022-04-24 10:44:39,374 - MOT - INFO - MTCNN detect face cost time : 0.052 s -  MainThread - 11704 
2022-04-24 10:44:39,438 - MOT - INFO - MTCNN detect face cost time : 0.053 s -  MainThread - 11704 
2022-04-24 10:44:39,499 - MOT - INFO - MTCNN detect face cost time : 0.051 s -  MainThread - 11704 
2022-04-24 10:44:39,565 - MOT - INFO - MTCNN detect face cost time : 0.054 s -  MainThread - 11704 
2022-04-24 10:44:39,625 - MOT - INFO - MTCNN detect face cost time : 0.052 s -  MainThread - 11704 
2022-04-24 10:44:39,689 - MOT - INFO - MTCNN detect face cost time : 0.052 s -  MainThread - 11704 
2022-04-24 10:44:39,752 - MOT - INFO - MTCNN detect face cost time : 0.052 s -  MainThread - 11704 
2022-04-24 10:44:39,815 - MOT - INFO - MTCNN detect face cost time : 0.052 s -  MainThread - 11704 
2022-04-24 10:44:39,878 - MOT - INFO - MTCNN detect face cost time : 0.052 s -  MainThread - 11704 
2022-04-24 10:44:39,941 - MOT - INFO - MTCNN detect face cost time : 0.052 s -  MainThread - 11704 
2022-04-24 10:44:40,002 - MOT - INFO - MTCNN detect face cost time : 0.052 s -  MainThread - 11704 
2022-04-24 10:44:40,065 - MOT - INFO - MTCNN detect face cost time : 0.052 s -  MainThread - 11704 
2022-04-24 10:44:40,130 - MOT - INFO - MTCNN detect face cost time : 0.054 s -  MainThread - 11704 
2022-04-24 10:44:40,192 - MOT - INFO - MTCNN detect face cost time : 0.052 s -  MainThread - 11704 
2022-04-24 10:44:40,257 - MOT - INFO - MTCNN detect face cost time : 0.054 s -  MainThread - 11704 
2022-04-24 10:44:40,318 - MOT - INFO - MTCNN detect face cost time : 0.052 s -  MainThread - 11704 
2022-04-24 10:44:40,381 - MOT - INFO - MTCNN detect face cost time : 0.052 s -  MainThread - 11704 
2022-04-24 10:44:40,444 - MOT - INFO - MTCNN detect face cost time : 0.052 s -  MainThread - 11704 
2022-04-24 10:44:40,507 - MOT - INFO - MTCNN detect face cost time : 0.053 s -  MainThread - 11704 
2022-04-24 10:44:40,572 - MOT - INFO - MTCNN detect face cost time : 0.053 s -  MainThread - 11704 
2022-04-24 10:44:40,634 - MOT - INFO - MTCNN detect face cost time : 0.053 s -  MainThread - 11704 
2022-04-24 10:44:40,696 - MOT - INFO - MTCNN detect face cost time : 0.053 s -  MainThread - 11704 
2022-04-24 10:44:40,758 - MOT - INFO - MTCNN detect face cost time : 0.053 s -  MainThread - 11704 
2022-04-24 10:44:40,822 - MOT - INFO - MTCNN detect face cost time : 0.052 s -  MainThread - 11704 
2022-04-24 10:44:40,883 - MOT - INFO - MTCNN detect face cost time : 0.052 s -  MainThread - 11704 
2022-04-24 10:44:40,948 - MOT - INFO - MTCNN detect face cost time : 0.054 s -  MainThread - 11704 
2022-04-24 10:44:41,010 - MOT - INFO - MTCNN detect face cost time : 0.053 s -  MainThread - 11704 
2022-04-24 10:44:41,073 - MOT - INFO - MTCNN detect face cost time : 0.053 s -  MainThread - 11704 
2022-04-24 10:44:41,136 - MOT - INFO - MTCNN detect face cost time : 0.052 s -  MainThread - 11704 
2022-04-24 10:44:41,198 - MOT - INFO - MTCNN detect face cost time : 0.052 s -  MainThread - 11704 
2022-04-24 10:44:41,261 - MOT - INFO - MTCNN detect face cost time : 0.052 s -  MainThread - 11704 
2022-04-24 10:44:41,318 - MOT - INFO - MTCNN detect face cost time : 0.052 s -  MainThread - 11704 
2022-04-24 10:44:41,386 - MOT - INFO - MTCNN detect face cost time : 0.052 s -  MainThread - 11704 
2022-04-24 10:44:41,451 - MOT - INFO - MTCNN detect face cost time : 0.053 s -  MainThread - 11704 
2022-04-24 10:44:41,512 - MOT - INFO - MTCNN detect face cost time : 0.051 s -  MainThread - 11704 
2022-04-24 10:44:41,574 - MOT - INFO - MTCNN detect face cost time : 0.051 s -  MainThread - 11704 
2022-04-24 10:44:41,638 - MOT - INFO - MTCNN detect face cost time : 0.053 s -  MainThread - 11704 
2022-04-24 10:44:41,699 - MOT - INFO - MTCNN detect face cost time : 0.051 s -  MainThread - 11704 
2022-04-24 10:44:41,763 - MOT - INFO - MTCNN detect face cost time : 0.052 s -  MainThread - 11704 
2022-04-24 10:44:41,826 - MOT - INFO - MTCNN detect face cost time : 0.052 s -  MainThread - 11704 
2022-04-24 10:44:41,889 - MOT - INFO - MTCNN detect face cost time : 0.053 s -  MainThread - 11704 
2022-04-24 10:44:41,951 - MOT - INFO - MTCNN detect face cost time : 0.054 s -  MainThread - 11704 
2022-04-24 10:44:42,014 - MOT - INFO - MTCNN detect face cost time : 0.054 s -  MainThread - 11704 
2022-04-24 10:44:42,077 - MOT - INFO - MTCNN detect face cost time : 0.053 s -  MainThread - 11704 
2022-04-24 10:44:42,138 - MOT - INFO - MTCNN detect face cost time : 0.053 s -  MainThread - 11704 
2022-04-24 10:44:42,201 - MOT - INFO - MTCNN detect face cost time : 0.053 s -  MainThread - 11704 
2022-04-24 10:44:42,264 - MOT - INFO - MTCNN detect face cost time : 0.052 s -  MainThread - 11704 
2022-04-24 10:44:42,327 - MOT - INFO - MTCNN detect face cost time : 0.051 s -  MainThread - 11704 
2022-04-24 10:44:42,389 - MOT - INFO - MTCNN detect face cost time : 0.052 s -  MainThread - 11704 
2022-04-24 10:44:42,451 - MOT - INFO - MTCNN detect face cost time : 0.053 s -  MainThread - 11704 
2022-04-24 10:44:42,515 - MOT - INFO - MTCNN detect face cost time : 0.053 s -  MainThread - 11704 
2022-04-24 10:44:42,576 - MOT - INFO - MTCNN detect face cost time : 0.052 s -  MainThread - 11704 
2022-04-24 10:44:42,636 - MOT - INFO - MTCNN detect face cost time : 0.051 s -  MainThread - 11704 
2022-04-24 10:44:42,700 - MOT - INFO - MTCNN detect face cost time : 0.052 s -  MainThread - 11704 
2022-04-24 10:44:42,763 - MOT - INFO - MTCNN detect face cost time : 0.053 s -  MainThread - 11704 
2022-04-24 10:44:42,825 - MOT - INFO - MTCNN detect face cost time : 0.052 s -  MainThread - 11704 
2022-04-24 10:44:42,888 - MOT - INFO - MTCNN detect face cost time : 0.052 s -  MainThread - 11704 
2022-04-24 10:44:42,952 - MOT - INFO - MTCNN detect face cost time : 0.053 s -  MainThread - 11704 
2022-04-24 10:44:43,014 - MOT - INFO - MTCNN detect face cost time : 0.053 s -  MainThread - 11704 
2022-04-24 10:44:43,077 - MOT - INFO - MTCNN detect face cost time : 0.053 s -  MainThread - 11704 
2022-04-24 10:44:43,138 - MOT - INFO - MTCNN detect face cost time : 0.052 s -  MainThread - 11704 
2022-04-24 10:44:43,200 - MOT - INFO - MTCNN detect face cost time : 0.052 s -  MainThread - 11704 
2022-04-24 10:44:43,263 - MOT - INFO - MTCNN detect face cost time : 0.052 s -  MainThread - 11704 
2022-04-24 10:44:43,326 - MOT - INFO - MTCNN detect face cost time : 0.053 s -  MainThread - 11704 
2022-04-24 10:44:43,388 - MOT - INFO - MTCNN detect face cost time : 0.053 s -  MainThread - 11704 
2022-04-24 10:44:43,450 - MOT - INFO - MTCNN detect face cost time : 0.054 s -  MainThread - 11704 
2022-04-24 10:44:43,513 - MOT - INFO - MTCNN detect face cost time : 0.052 s -  MainThread - 11704 
2022-04-24 10:44:43,575 - MOT - INFO - MTCNN detect face cost time : 0.052 s -  MainThread - 11704 
2022-04-24 10:44:43,639 - MOT - INFO - MTCNN detect face cost time : 0.053 s -  MainThread - 11704 
2022-04-24 10:44:43,701 - MOT - INFO - MTCNN detect face cost time : 0.053 s -  MainThread - 11704 
2022-04-24 10:44:43,765 - MOT - INFO - MTCNN detect face cost time : 0.053 s -  MainThread - 11704 
2022-04-24 10:44:43,827 - MOT - INFO - MTCNN detect face cost time : 0.052 s -  MainThread - 11704 
2022-04-24 10:44:43,890 - MOT - INFO - MTCNN detect face cost time : 0.053 s -  MainThread - 11704 
2022-04-24 10:44:43,952 - MOT - INFO - MTCNN detect face cost time : 0.053 s -  MainThread - 11704 
2022-04-24 10:44:44,014 - MOT - INFO - MTCNN detect face cost time : 0.053 s -  MainThread - 11704 
2022-04-24 10:44:44,077 - MOT - INFO - MTCNN detect face cost time : 0.053 s -  MainThread - 11704 
2022-04-24 10:44:44,140 - MOT - INFO - MTCNN detect face cost time : 0.054 s -  MainThread - 11704 
2022-04-24 10:44:44,202 - MOT - INFO - MTCNN detect face cost time : 0.053 s -  MainThread - 11704 
2022-04-24 10:44:44,262 - MOT - INFO - MTCNN detect face cost time : 0.052 s -  MainThread - 11704 
2022-04-24 10:44:44,326 - MOT - INFO - MTCNN detect face cost time : 0.053 s -  MainThread - 11704 
2022-04-24 10:44:44,387 - MOT - INFO - MTCNN detect face cost time : 0.052 s -  MainThread - 11704 
2022-04-24 10:44:44,451 - MOT - INFO - MTCNN detect face cost time : 0.053 s -  MainThread - 11704 
2022-04-24 10:44:44,512 - MOT - INFO - MTCNN detect face cost time : 0.052 s -  MainThread - 11704 
2022-04-24 10:44:44,573 - MOT - INFO - MTCNN detect face cost time : 0.05 s -  MainThread - 11704 
2022-04-24 10:44:44,636 - MOT - INFO - MTCNN detect face cost time : 0.052 s -  MainThread - 11704 
2022-04-24 10:44:44,700 - MOT - INFO - MTCNN detect face cost time : 0.052 s -  MainThread - 11704 
2022-04-24 10:44:44,764 - MOT - INFO - MTCNN detect face cost time : 0.053 s -  MainThread - 11704 
2022-04-24 10:44:44,827 - MOT - INFO - MTCNN detect face cost time : 0.053 s -  MainThread - 11704 
2022-04-24 10:44:44,891 - MOT - INFO - MTCNN detect face cost time : 0.053 s -  MainThread - 11704 
2022-04-24 10:44:44,952 - MOT - INFO - MTCNN detect face cost time : 0.052 s -  MainThread - 11704 
2022-04-24 10:44:45,016 - MOT - INFO - MTCNN detect face cost time : 0.052 s -  MainThread - 11704 
2022-04-24 10:44:45,080 - MOT - INFO - MTCNN detect face cost time : 0.052 s -  MainThread - 11704 
2022-04-24 10:44:45,141 - MOT - INFO - MTCNN detect face cost time : 0.052 s -  MainThread - 11704 
2022-04-24 10:44:45,205 - MOT - INFO - MTCNN detect face cost time : 0.053 s -  MainThread - 11704 
2022-04-24 10:44:45,269 - MOT - INFO - MTCNN detect face cost time : 0.053 s -  MainThread - 11704 
2022-04-24 10:44:45,331 - MOT - INFO - MTCNN detect face cost time : 0.053 s -  MainThread - 11704 
2022-04-24 10:44:45,394 - MOT - INFO - MTCNN detect face cost time : 0.052 s -  MainThread - 11704 
2022-04-24 10:44:45,457 - MOT - INFO - MTCNN detect face cost time : 0.053 s -  MainThread - 11704 
2022-04-24 10:44:45,520 - MOT - INFO - MTCNN detect face cost time : 0.053 s -  MainThread - 11704 
2022-04-24 10:44:45,583 - MOT - INFO - MTCNN detect face cost time : 0.052 s -  MainThread - 11704 
2022-04-24 10:44:45,646 - MOT - INFO - MTCNN detect face cost time : 0.051 s -  MainThread - 11704 
2022-04-24 10:44:45,709 - MOT - INFO - MTCNN detect face cost time : 0.052 s -  MainThread - 11704 
2022-04-24 10:44:45,772 - MOT - INFO - MTCNN detect face cost time : 0.053 s -  MainThread - 11704 
2022-04-24 10:44:45,835 - MOT - INFO - MTCNN detect face cost time : 0.053 s -  MainThread - 11704 
2022-04-24 10:44:45,897 - MOT - INFO - MTCNN detect face cost time : 0.052 s -  MainThread - 11704 
2022-04-24 10:44:45,958 - MOT - INFO - MTCNN detect face cost time : 0.052 s -  MainThread - 11704 
2022-04-24 10:44:46,021 - MOT - INFO - MTCNN detect face cost time : 0.052 s -  MainThread - 11704 
2022-04-24 10:44:46,085 - MOT - INFO - MTCNN detect face cost time : 0.052 s -  MainThread - 11704 
2022-04-24 10:44:46,147 - MOT - INFO - MTCNN detect face cost time : 0.052 s -  MainThread - 11704 
2022-04-24 10:44:46,211 - MOT - INFO - MTCNN detect face cost time : 0.053 s -  MainThread - 11704 
2022-04-24 10:44:46,273 - MOT - INFO - MTCNN detect face cost time : 0.053 s -  MainThread - 11704 
2022-04-24 10:44:46,335 - MOT - INFO - MTCNN detect face cost time : 0.053 s -  MainThread - 11704 
2022-04-24 10:44:46,396 - MOT - INFO - MTCNN detect face cost time : 0.052 s -  MainThread - 11704 
2022-04-24 10:44:46,461 - MOT - INFO - MTCNN detect face cost time : 0.053 s -  MainThread - 11704 
2022-04-24 10:44:46,522 - MOT - INFO - MTCNN detect face cost time : 0.052 s -  MainThread - 11704 
2022-04-24 10:44:46,584 - MOT - INFO - MTCNN detect face cost time : 0.052 s -  MainThread - 11704 
2022-04-24 10:44:46,647 - MOT - INFO - MTCNN detect face cost time : 0.053 s -  MainThread - 11704 
2022-04-24 10:44:46,709 - MOT - INFO - MTCNN detect face cost time : 0.052 s -  MainThread - 11704 
2022-04-24 10:44:46,773 - MOT - INFO - MTCNN detect face cost time : 0.053 s -  MainThread - 11704 
2022-04-24 10:44:46,835 - MOT - INFO - MTCNN detect face cost time : 0.052 s -  MainThread - 11704 
2022-04-24 10:44:46,899 - MOT - INFO - MTCNN detect face cost time : 0.052 s -  MainThread - 11704 
2022-04-24 10:44:46,961 - MOT - INFO - MTCNN detect face cost time : 0.052 s -  MainThread - 11704 
2022-04-24 10:44:47,025 - MOT - INFO - MTCNN detect face cost time : 0.053 s -  MainThread - 11704 
2022-04-24 10:44:47,089 - MOT - INFO - MTCNN detect face cost time : 0.054 s -  MainThread - 11704 
2022-04-24 10:44:47,150 - MOT - INFO - MTCNN detect face cost time : 0.052 s -  MainThread - 11704 
2022-04-24 10:44:47,213 - MOT - INFO - MTCNN detect face cost time : 0.051 s -  MainThread - 11704 
2022-04-24 10:44:47,275 - MOT - INFO - MTCNN detect face cost time : 0.051 s -  MainThread - 11704 
2022-04-24 10:44:47,341 - MOT - INFO - MTCNN detect face cost time : 0.054 s -  MainThread - 11704 
2022-04-24 10:44:47,403 - MOT - INFO - MTCNN detect face cost time : 0.054 s -  MainThread - 11704 
2022-04-24 10:44:47,465 - MOT - INFO - MTCNN detect face cost time : 0.053 s -  MainThread - 11704 
2022-04-24 10:44:47,528 - MOT - INFO - MTCNN detect face cost time : 0.053 s -  MainThread - 11704 
2022-04-24 10:44:47,592 - MOT - INFO - MTCNN detect face cost time : 0.054 s -  MainThread - 11704 
2022-04-24 10:44:47,651 - MOT - INFO - MTCNN detect face cost time : 0.051 s -  MainThread - 11704 
2022-04-24 10:44:47,715 - MOT - INFO - MTCNN detect face cost time : 0.052 s -  MainThread - 11704 
2022-04-24 10:44:47,778 - MOT - INFO - MTCNN detect face cost time : 0.052 s -  MainThread - 11704 
2022-04-24 10:44:47,842 - MOT - INFO - MTCNN detect face cost time : 0.053 s -  MainThread - 11704 
2022-04-24 10:44:47,905 - MOT - INFO - MTCNN detect face cost time : 0.052 s -  MainThread - 11704 
2022-04-24 10:44:47,969 - MOT - INFO - MTCNN detect face cost time : 0.054 s -  MainThread - 11704 
2022-04-24 10:44:48,031 - MOT - INFO - MTCNN detect face cost time : 0.053 s -  MainThread - 11704 
2022-04-24 10:44:48,093 - MOT - INFO - MTCNN detect face cost time : 0.052 s -  MainThread - 11704 
2022-04-24 10:44:48,158 - MOT - INFO - MTCNN detect face cost time : 0.053 s -  MainThread - 11704 
2022-04-24 10:44:48,220 - MOT - INFO - MTCNN detect face cost time : 0.051 s -  MainThread - 11704 
2022-04-24 10:44:48,283 - MOT - INFO - MTCNN detect face cost time : 0.053 s -  MainThread - 11704 
2022-04-24 10:44:48,344 - MOT - INFO - MTCNN detect face cost time : 0.053 s -  MainThread - 11704 
2022-04-24 10:44:48,407 - MOT - INFO - MTCNN detect face cost time : 0.053 s -  MainThread - 11704 
2022-04-24 10:44:48,470 - MOT - INFO - MTCNN detect face cost time : 0.053 s -  MainThread - 11704 
2022-04-24 10:44:48,534 - MOT - INFO - MTCNN detect face cost time : 0.053 s -  MainThread - 11704 
2022-04-24 10:44:48,595 - MOT - INFO - MTCNN detect face cost time : 0.051 s -  MainThread - 11704 
2022-04-24 10:44:48,658 - MOT - INFO - MTCNN detect face cost time : 0.052 s -  MainThread - 11704 
2022-04-24 10:44:48,721 - MOT - INFO - MTCNN detect face cost time : 0.051 s -  MainThread - 11704 
2022-04-24 10:44:48,785 - MOT - INFO - MTCNN detect face cost time : 0.052 s -  MainThread - 11704 
2022-04-24 10:44:48,848 - MOT - INFO - MTCNN detect face cost time : 0.052 s -  MainThread - 11704 
2022-04-24 10:44:48,910 - MOT - INFO - MTCNN detect face cost time : 0.052 s -  MainThread - 11704 
2022-04-24 10:44:48,973 - MOT - INFO - MTCNN detect face cost time : 0.053 s -  MainThread - 11704 
2022-04-24 10:44:49,037 - MOT - INFO - MTCNN detect face cost time : 0.053 s -  MainThread - 11704 
2022-04-24 10:44:49,099 - MOT - INFO - MTCNN detect face cost time : 0.052 s -  MainThread - 11704 
2022-04-24 10:44:49,161 - MOT - INFO - MTCNN detect face cost time : 0.053 s -  MainThread - 11704 
2022-04-24 10:44:49,224 - MOT - INFO - MTCNN detect face cost time : 0.052 s -  MainThread - 11704 
2022-04-24 10:44:49,287 - MOT - INFO - MTCNN detect face cost time : 0.052 s -  MainThread - 11704 
2022-04-24 10:44:49,348 - MOT - INFO - MTCNN detect face cost time : 0.051 s -  MainThread - 11704 
2022-04-24 10:44:49,410 - MOT - INFO - MTCNN detect face cost time : 0.052 s -  MainThread - 11704 
2022-04-24 10:44:49,473 - MOT - INFO - MTCNN detect face cost time : 0.052 s -  MainThread - 11704 
2022-04-24 10:44:49,533 - MOT - INFO - MTCNN detect face cost time : 0.052 s -  MainThread - 11704 
2022-04-24 10:44:49,597 - MOT - INFO - MTCNN detect face cost time : 0.053 s -  MainThread - 11704 
2022-04-24 10:44:49,659 - MOT - INFO - MTCNN detect face cost time : 0.053 s -  MainThread - 11704 
2022-04-24 10:44:49,722 - MOT - INFO - MTCNN detect face cost time : 0.053 s -  MainThread - 11704 
2022-04-24 10:44:49,783 - MOT - INFO - MTCNN detect face cost time : 0.052 s -  MainThread - 11704 
2022-04-24 10:44:49,846 - MOT - INFO - MTCNN detect face cost time : 0.051 s -  MainThread - 11704 
2022-04-24 10:44:49,907 - MOT - INFO - MTCNN detect face cost time : 0.051 s -  MainThread - 11704 
2022-04-24 10:44:49,972 - MOT - INFO - MTCNN detect face cost time : 0.053 s -  MainThread - 11704 
2022-04-24 10:44:50,034 - MOT - INFO - MTCNN detect face cost time : 0.053 s -  MainThread - 11704 
2022-04-24 10:44:50,097 - MOT - INFO - MTCNN detect face cost time : 0.053 s -  MainThread - 11704 
2022-04-24 10:44:50,159 - MOT - INFO - MTCNN detect face cost time : 0.052 s -  MainThread - 11704 
2022-04-24 10:44:50,223 - MOT - INFO - MTCNN detect face cost time : 0.053 s -  MainThread - 11704 
2022-04-24 10:44:50,286 - MOT - INFO - MTCNN detect face cost time : 0.052 s -  MainThread - 11704 
2022-04-24 10:44:50,348 - MOT - INFO - MTCNN detect face cost time : 0.052 s -  MainThread - 11704 
2022-04-24 10:44:50,410 - MOT - INFO - MTCNN detect face cost time : 0.052 s -  MainThread - 11704 
2022-04-24 10:44:50,472 - MOT - INFO - MTCNN detect face cost time : 0.052 s -  MainThread - 11704 
2022-04-24 10:44:50,536 - MOT - INFO - MTCNN detect face cost time : 0.053 s -  MainThread - 11704 
2022-04-24 10:44:50,598 - MOT - INFO - MTCNN detect face cost time : 0.053 s -  MainThread - 11704 
2022-04-24 10:44:50,660 - MOT - INFO - MTCNN detect face cost time : 0.053 s -  MainThread - 11704 
2022-04-24 10:44:50,721 - MOT - INFO - MTCNN detect face cost time : 0.052 s -  MainThread - 11704 
2022-04-24 10:44:50,786 - MOT - INFO - MTCNN detect face cost time : 0.053 s -  MainThread - 11704 
2022-04-24 10:44:50,848 - MOT - INFO - MTCNN detect face cost time : 0.052 s -  MainThread - 11704 
2022-04-24 10:44:50,911 - MOT - INFO - MTCNN detect face cost time : 0.052 s -  MainThread - 11704 
2022-04-24 10:44:50,976 - MOT - INFO - MTCNN detect face cost time : 0.053 s -  MainThread - 11704 
2022-04-24 10:44:51,038 - MOT - INFO - MTCNN detect face cost time : 0.052 s -  MainThread - 11704 
2022-04-24 10:44:51,100 - MOT - INFO - MTCNN detect face cost time : 0.052 s -  MainThread - 11704 
2022-04-24 10:44:51,163 - MOT - INFO - MTCNN detect face cost time : 0.051 s -  MainThread - 11704 
2022-04-24 10:44:51,226 - MOT - INFO - MTCNN detect face cost time : 0.052 s -  MainThread - 11704 
2022-04-24 10:44:51,290 - MOT - INFO - MTCNN detect face cost time : 0.053 s -  MainThread - 11704 
2022-04-24 10:44:51,353 - MOT - INFO - MTCNN detect face cost time : 0.053 s -  MainThread - 11704 
2022-04-24 10:44:51,414 - MOT - INFO - MTCNN detect face cost time : 0.052 s -  MainThread - 11704 
2022-04-24 10:44:51,478 - MOT - INFO - MTCNN detect face cost time : 0.053 s -  MainThread - 11704 
2022-04-24 10:44:51,540 - MOT - INFO - MTCNN detect face cost time : 0.053 s -  MainThread - 11704 
2022-04-24 10:44:51,603 - MOT - INFO - MTCNN detect face cost time : 0.053 s -  MainThread - 11704 
2022-04-24 10:44:51,664 - MOT - INFO - MTCNN detect face cost time : 0.052 s -  MainThread - 11704 
2022-04-24 10:44:51,731 - MOT - INFO - MTCNN detect face cost time : 0.056 s -  MainThread - 11704 
2022-04-24 10:44:51,790 - MOT - INFO - MTCNN detect face cost time : 0.053 s -  MainThread - 11704 
2022-04-24 10:44:51,854 - MOT - INFO - MTCNN detect face cost time : 0.053 s -  MainThread - 11704 
2022-04-24 10:44:51,916 - MOT - INFO - MTCNN detect face cost time : 0.052 s -  MainThread - 11704 
2022-04-24 10:44:51,979 - MOT - INFO - MTCNN detect face cost time : 0.053 s -  MainThread - 11704 
2022-04-24 10:44:52,042 - MOT - INFO - MTCNN detect face cost time : 0.054 s -  MainThread - 11704 
2022-04-24 10:44:52,103 - MOT - INFO - MTCNN detect face cost time : 0.052 s -  MainThread - 11704 
2022-04-24 10:44:52,165 - MOT - INFO - MTCNN detect face cost time : 0.051 s -  MainThread - 11704 
2022-04-24 10:44:52,227 - MOT - INFO - MTCNN detect face cost time : 0.051 s -  MainThread - 11704 
2022-04-24 10:44:52,292 - MOT - INFO - MTCNN detect face cost time : 0.053 s -  MainThread - 11704 
2022-04-24 10:44:52,355 - MOT - INFO - MTCNN detect face cost time : 0.053 s -  MainThread - 11704 
2022-04-24 10:44:52,417 - MOT - INFO - MTCNN detect face cost time : 0.052 s -  MainThread - 11704 
2022-04-24 10:44:52,479 - MOT - INFO - MTCNN detect face cost time : 0.053 s -  MainThread - 11704 
2022-04-24 10:44:52,543 - MOT - INFO - MTCNN detect face cost time : 0.054 s -  MainThread - 11704 
2022-04-24 10:44:52,606 - MOT - INFO - MTCNN detect face cost time : 0.053 s -  MainThread - 11704 
2022-04-24 10:44:52,669 - MOT - INFO - MTCNN detect face cost time : 0.053 s -  MainThread - 11704 
2022-04-24 10:44:52,730 - MOT - INFO - MTCNN detect face cost time : 0.053 s -  MainThread - 11704 
2022-04-24 10:44:52,793 - MOT - INFO - MTCNN detect face cost time : 0.053 s -  MainThread - 11704 
2022-04-24 10:44:52,850 - MOT - INFO - MTCNN detect face cost time : 0.052 s -  MainThread - 11704 
2022-04-24 10:44:52,918 - MOT - INFO - MTCNN detect face cost time : 0.053 s -  MainThread - 11704 
2022-04-24 10:44:52,980 - MOT - INFO - MTCNN detect face cost time : 0.052 s -  MainThread - 11704 
2022-04-24 10:44:53,044 - MOT - INFO - MTCNN detect face cost time : 0.053 s -  MainThread - 11704 
2022-04-24 10:44:53,107 - MOT - INFO - MTCNN detect face cost time : 0.053 s -  MainThread - 11704 
2022-04-24 10:44:53,169 - MOT - INFO - MTCNN detect face cost time : 0.053 s -  MainThread - 11704 
2022-04-24 10:44:53,230 - MOT - INFO - MTCNN detect face cost time : 0.053 s -  MainThread - 11704 
2022-04-24 10:44:53,293 - MOT - INFO - MTCNN detect face cost time : 0.053 s -  MainThread - 11704 
2022-04-24 10:44:53,357 - MOT - INFO - MTCNN detect face cost time : 0.053 s -  MainThread - 11704 
2022-04-24 10:44:53,418 - MOT - INFO - MTCNN detect face cost time : 0.052 s -  MainThread - 11704 
2022-04-24 10:44:53,481 - MOT - INFO - MTCNN detect face cost time : 0.052 s -  MainThread - 11704 
2022-04-24 10:44:53,545 - MOT - INFO - MTCNN detect face cost time : 0.053 s -  MainThread - 11704 
2022-04-24 10:44:53,608 - MOT - INFO - MTCNN detect face cost time : 0.053 s -  MainThread - 11704 
2022-04-24 10:44:53,672 - MOT - INFO - MTCNN detect face cost time : 0.054 s -  MainThread - 11704 
2022-04-24 10:44:53,733 - MOT - INFO - MTCNN detect face cost time : 0.053 s -  MainThread - 11704 
2022-04-24 10:44:53,795 - MOT - INFO - MTCNN detect face cost time : 0.053 s -  MainThread - 11704 
2022-04-24 10:44:53,855 - MOT - INFO - MTCNN detect face cost time : 0.052 s -  MainThread - 11704 
2022-04-24 10:44:53,920 - MOT - INFO - MTCNN detect face cost time : 0.054 s -  MainThread - 11704 
2022-04-24 10:44:53,980 - MOT - INFO - MTCNN detect face cost time : 0.052 s -  MainThread - 11704 
2022-04-24 10:44:54,044 - MOT - INFO - MTCNN detect face cost time : 0.052 s -  MainThread - 11704 
2022-04-24 10:44:54,151 - MOT - INFO - MTCNN detect face cost time : 0.095 s -  MainThread - 11704 
2022-04-24 10:44:54,265 - MOT - INFO - MTCNN detect face cost time : 0.099 s -  MainThread - 11704 
2022-04-24 10:44:54,377 - MOT - INFO - MTCNN detect face cost time : 0.099 s -  MainThread - 11704 
2022-04-24 10:44:54,484 - MOT - INFO - MTCNN detect face cost time : 0.098 s -  MainThread - 11704 
2022-04-24 10:44:54,595 - MOT - INFO - MTCNN detect face cost time : 0.099 s -  MainThread - 11704 
2022-04-24 10:44:54,704 - MOT - INFO - MTCNN detect face cost time : 0.099 s -  MainThread - 11704 
2022-04-24 10:44:54,814 - MOT - INFO - MTCNN detect face cost time : 0.101 s -  MainThread - 11704 
2022-04-24 10:44:54,921 - MOT - INFO - MTCNN detect face cost time : 0.095 s -  MainThread - 11704 
2022-04-24 10:44:55,032 - MOT - INFO - MTCNN detect face cost time : 0.097 s -  MainThread - 11704 
2022-04-24 10:44:55,145 - MOT - INFO - MTCNN detect face cost time : 0.098 s -  MainThread - 11704 
2022-04-24 10:44:55,255 - MOT - INFO - MTCNN detect face cost time : 0.098 s -  MainThread - 11704 
2022-04-24 10:44:55,367 - MOT - INFO - MTCNN detect face cost time : 0.1 s -  MainThread - 11704 
2022-04-24 10:44:55,475 - MOT - INFO - MTCNN detect face cost time : 0.099 s -  MainThread - 11704 
2022-04-24 10:44:55,587 - MOT - INFO - MTCNN detect face cost time : 0.1 s -  MainThread - 11704 
2022-04-24 10:44:55,695 - MOT - INFO - MTCNN detect face cost time : 0.098 s -  MainThread - 11704 
2022-04-24 10:44:55,810 - MOT - INFO - MTCNN detect face cost time : 0.101 s -  MainThread - 11704 
2022-04-24 10:44:55,915 - MOT - INFO - MTCNN detect face cost time : 0.095 s -  MainThread - 11704 
2022-04-24 10:44:56,027 - MOT - INFO - MTCNN detect face cost time : 0.097 s -  MainThread - 11704 
2022-04-24 10:44:56,138 - MOT - INFO - MTCNN detect face cost time : 0.097 s -  MainThread - 11704 
2022-04-24 10:44:56,250 - MOT - INFO - MTCNN detect face cost time : 0.099 s -  MainThread - 11704 
2022-04-24 10:44:56,344 - MOT - INFO - MTCNN detect face cost time : 0.082 s -  MainThread - 11704 
2022-04-24 10:44:56,408 - MOT - INFO - MTCNN detect face cost time : 0.053 s -  MainThread - 11704 
2022-04-24 10:44:56,468 - MOT - INFO - MTCNN detect face cost time : 0.051 s -  MainThread - 11704 
2022-04-24 10:44:56,531 - MOT - INFO - MTCNN detect face cost time : 0.053 s -  MainThread - 11704 
2022-04-24 10:44:56,595 - MOT - INFO - MTCNN detect face cost time : 0.054 s -  MainThread - 11704 
2022-04-24 10:44:56,657 - MOT - INFO - MTCNN detect face cost time : 0.053 s -  MainThread - 11704 
2022-04-24 10:44:56,721 - MOT - INFO - MTCNN detect face cost time : 0.053 s -  MainThread - 11704 
2022-04-24 10:44:56,780 - MOT - INFO - MTCNN detect face cost time : 0.05 s -  MainThread - 11704 
2022-04-24 10:44:56,846 - MOT - INFO - MTCNN detect face cost time : 0.052 s -  MainThread - 11704 
2022-04-24 10:44:56,908 - MOT - INFO - MTCNN detect face cost time : 0.052 s -  MainThread - 11704 
2022-04-24 10:44:56,972 - MOT - INFO - MTCNN detect face cost time : 0.053 s -  MainThread - 11704 
2022-04-24 10:44:57,036 - MOT - INFO - MTCNN detect face cost time : 0.053 s -  MainThread - 11704 
2022-04-24 10:44:57,097 - MOT - INFO - MTCNN detect face cost time : 0.053 s -  MainThread - 11704 
2022-04-24 10:44:57,160 - MOT - INFO - MTCNN detect face cost time : 0.053 s -  MainThread - 11704 
2022-04-24 10:44:57,222 - MOT - INFO - MTCNN detect face cost time : 0.052 s -  MainThread - 11704 
2022-04-24 10:44:57,285 - MOT - INFO - MTCNN detect face cost time : 0.052 s -  MainThread - 11704 
2022-04-24 10:44:57,347 - MOT - INFO - MTCNN detect face cost time : 0.052 s -  MainThread - 11704 
2022-04-24 10:44:57,411 - MOT - INFO - MTCNN detect face cost time : 0.053 s -  MainThread - 11704 
2022-04-24 10:44:57,472 - MOT - INFO - MTCNN detect face cost time : 0.052 s -  MainThread - 11704 
2022-04-24 10:44:57,535 - MOT - INFO - MTCNN detect face cost time : 0.054 s -  MainThread - 11704 
2022-04-24 10:44:57,597 - MOT - INFO - MTCNN detect face cost time : 0.052 s -  MainThread - 11704 
2022-04-24 10:44:57,660 - MOT - INFO - MTCNN detect face cost time : 0.053 s -  MainThread - 11704 
2022-04-24 10:44:57,723 - MOT - INFO - MTCNN detect face cost time : 0.054 s -  MainThread - 11704 
2022-04-24 10:44:57,785 - MOT - INFO - MTCNN detect face cost time : 0.052 s -  MainThread - 11704 
2022-04-24 10:44:57,848 - MOT - INFO - MTCNN detect face cost time : 0.053 s -  MainThread - 11704 
2022-04-24 10:44:57,909 - MOT - INFO - MTCNN detect face cost time : 0.051 s -  MainThread - 11704 
2022-04-24 10:44:57,973 - MOT - INFO - MTCNN detect face cost time : 0.054 s -  MainThread - 11704 
2022-04-24 10:44:58,034 - MOT - INFO - MTCNN detect face cost time : 0.052 s -  MainThread - 11704 
2022-04-24 10:44:58,098 - MOT - INFO - MTCNN detect face cost time : 0.053 s -  MainThread - 11704 
2022-04-24 10:44:58,158 - MOT - INFO - MTCNN detect face cost time : 0.052 s -  MainThread - 11704 
2022-04-24 10:44:58,225 - MOT - INFO - MTCNN detect face cost time : 0.055 s -  MainThread - 11704 
2022-04-24 10:44:58,284 - MOT - INFO - MTCNN detect face cost time : 0.051 s -  MainThread - 11704 
2022-04-24 10:44:58,346 - MOT - INFO - MTCNN detect face cost time : 0.052 s -  MainThread - 11704 
2022-04-24 10:44:58,409 - MOT - INFO - MTCNN detect face cost time : 0.052 s -  MainThread - 11704 
2022-04-24 10:44:58,474 - MOT - INFO - MTCNN detect face cost time : 0.053 s -  MainThread - 11704 
2022-04-24 10:44:58,535 - MOT - INFO - MTCNN detect face cost time : 0.052 s -  MainThread - 11704 
2022-04-24 10:44:58,598 - MOT - INFO - MTCNN detect face cost time : 0.053 s -  MainThread - 11704 
2022-04-24 10:44:58,662 - MOT - INFO - MTCNN detect face cost time : 0.054 s -  MainThread - 11704 
2022-04-24 10:44:58,723 - MOT - INFO - MTCNN detect face cost time : 0.053 s -  MainThread - 11704 
2022-04-24 10:44:58,786 - MOT - INFO - MTCNN detect face cost time : 0.052 s -  MainThread - 11704 
2022-04-24 10:44:58,848 - MOT - INFO - MTCNN detect face cost time : 0.052 s -  MainThread - 11704 
2022-04-24 10:44:58,912 - MOT - INFO - MTCNN detect face cost time : 0.053 s -  MainThread - 11704 
2022-04-24 10:44:58,974 - MOT - INFO - MTCNN detect face cost time : 0.052 s -  MainThread - 11704 
2022-04-24 10:44:59,038 - MOT - INFO - MTCNN detect face cost time : 0.053 s -  MainThread - 11704 
2022-04-24 10:44:59,100 - MOT - INFO - MTCNN detect face cost time : 0.052 s -  MainThread - 11704 
2022-04-24 10:44:59,164 - MOT - INFO - MTCNN detect face cost time : 0.053 s -  MainThread - 11704 
2022-04-24 10:44:59,226 - MOT - INFO - MTCNN detect face cost time : 0.053 s -  MainThread - 11704 
2022-04-24 10:44:59,290 - MOT - INFO - MTCNN detect face cost time : 0.054 s -  MainThread - 11704 
2022-04-24 10:44:59,351 - MOT - INFO - MTCNN detect face cost time : 0.052 s -  MainThread - 11704 
2022-04-24 10:44:59,415 - MOT - INFO - MTCNN detect face cost time : 0.052 s -  MainThread - 11704 
2022-04-24 10:44:59,477 - MOT - INFO - MTCNN detect face cost time : 0.051 s -  MainThread - 11704 
2022-04-24 10:44:59,540 - MOT - INFO - MTCNN detect face cost time : 0.052 s -  MainThread - 11704 
2022-04-24 10:44:59,601 - MOT - INFO - MTCNN detect face cost time : 0.052 s -  MainThread - 11704 
2022-04-24 10:44:59,665 - MOT - INFO - MTCNN detect face cost time : 0.053 s -  MainThread - 11704 
2022-04-24 10:44:59,727 - MOT - INFO - MTCNN detect face cost time : 0.052 s -  MainThread - 11704 
2022-04-24 10:44:59,831 - MOT - INFO - MTCNN detect face cost time : 0.096 s -  MainThread - 11704 
2022-04-24 10:44:59,943 - MOT - INFO - MTCNN detect face cost time : 0.099 s -  MainThread - 11704 
2022-04-24 10:45:00,056 - MOT - INFO - MTCNN detect face cost time : 0.1 s -  MainThread - 11704 
2022-04-24 10:45:00,166 - MOT - INFO - MTCNN detect face cost time : 0.098 s -  MainThread - 11704 
2022-04-24 10:45:00,277 - MOT - INFO - MTCNN detect face cost time : 0.1 s -  MainThread - 11704 
2022-04-24 10:45:00,388 - MOT - INFO - MTCNN detect face cost time : 0.1 s -  MainThread - 11704 
2022-04-24 10:45:00,496 - MOT - INFO - MTCNN detect face cost time : 0.1 s -  MainThread - 11704 
2022-04-24 10:45:00,604 - MOT - INFO - MTCNN detect face cost time : 0.097 s -  MainThread - 11704 
2022-04-24 10:45:00,710 - MOT - INFO - MTCNN detect face cost time : 0.095 s -  MainThread - 11704 
2022-04-24 10:45:00,824 - MOT - INFO - MTCNN detect face cost time : 0.097 s -  MainThread - 11704 
2022-04-24 10:45:00,934 - MOT - INFO - MTCNN detect face cost time : 0.097 s -  MainThread - 11704 
2022-04-24 10:45:01,045 - MOT - INFO - MTCNN detect face cost time : 0.099 s -  MainThread - 11704 
2022-04-24 10:45:01,157 - MOT - INFO - MTCNN detect face cost time : 0.1 s -  MainThread - 11704 
2022-04-24 10:45:01,264 - MOT - INFO - MTCNN detect face cost time : 0.096 s -  MainThread - 11704 
2022-04-24 10:45:01,376 - MOT - INFO - MTCNN detect face cost time : 0.099 s -  MainThread - 11704 
2022-04-24 10:45:01,484 - MOT - INFO - MTCNN detect face cost time : 0.1 s -  MainThread - 11704 
2022-04-24 10:45:01,593 - MOT - INFO - MTCNN detect face cost time : 0.098 s -  MainThread - 11704 
2022-04-24 10:45:01,703 - MOT - INFO - MTCNN detect face cost time : 0.099 s -  MainThread - 11704 
2022-04-24 10:45:01,810 - MOT - INFO - MTCNN detect face cost time : 0.096 s -  MainThread - 11704 
2022-04-24 10:45:01,920 - MOT - INFO - MTCNN detect face cost time : 0.099 s -  MainThread - 11704 
2022-04-24 10:45:02,014 - MOT - INFO - MTCNN detect face cost time : 0.084 s -  MainThread - 11704 
2022-04-24 10:45:02,072 - MOT - INFO - MTCNN detect face cost time : 0.05 s -  MainThread - 11704 
2022-04-24 10:45:02,136 - MOT - INFO - MTCNN detect face cost time : 0.051 s -  MainThread - 11704 
2022-04-24 10:45:02,197 - MOT - INFO - MTCNN detect face cost time : 0.05 s -  MainThread - 11704 
2022-04-24 10:45:02,259 - MOT - INFO - MTCNN detect face cost time : 0.05 s -  MainThread - 11704 
2022-04-24 10:45:02,324 - MOT - INFO - MTCNN detect face cost time : 0.053 s -  MainThread - 11704 
2022-04-24 10:45:02,386 - MOT - INFO - MTCNN detect face cost time : 0.053 s -  MainThread - 11704 
2022-04-24 10:45:02,448 - MOT - INFO - MTCNN detect face cost time : 0.052 s -  MainThread - 11704 
2022-04-24 10:45:02,513 - MOT - INFO - MTCNN detect face cost time : 0.053 s -  MainThread - 11704 
2022-04-24 10:45:02,576 - MOT - INFO - MTCNN detect face cost time : 0.052 s -  MainThread - 11704 
2022-04-24 10:45:02,637 - MOT - INFO - MTCNN detect face cost time : 0.052 s -  MainThread - 11704 
2022-04-24 10:45:02,700 - MOT - INFO - MTCNN detect face cost time : 0.052 s -  MainThread - 11704 
2022-04-24 10:45:02,764 - MOT - INFO - MTCNN detect face cost time : 0.053 s -  MainThread - 11704 
2022-04-24 10:45:02,826 - MOT - INFO - MTCNN detect face cost time : 0.052 s -  MainThread - 11704 
2022-04-24 10:45:02,889 - MOT - INFO - MTCNN detect face cost time : 0.053 s -  MainThread - 11704 
2022-04-24 10:45:02,951 - MOT - INFO - MTCNN detect face cost time : 0.052 s -  MainThread - 11704 
2022-04-24 10:45:03,017 - MOT - INFO - MTCNN detect face cost time : 0.053 s -  MainThread - 11704 
2022-04-24 10:45:03,077 - MOT - INFO - MTCNN detect face cost time : 0.05 s -  MainThread - 11704 
2022-04-24 10:45:03,142 - MOT - INFO - MTCNN detect face cost time : 0.053 s -  MainThread - 11704 
2022-04-24 10:45:03,203 - MOT - INFO - MTCNN detect face cost time : 0.051 s -  MainThread - 11704 
2022-04-24 10:45:03,265 - MOT - INFO - MTCNN detect face cost time : 0.051 s -  MainThread - 11704 
2022-04-24 10:45:03,330 - MOT - INFO - MTCNN detect face cost time : 0.053 s -  MainThread - 11704 
2022-04-24 10:45:03,392 - MOT - INFO - MTCNN detect face cost time : 0.051 s -  MainThread - 11704 
2022-04-24 10:45:03,458 - MOT - INFO - MTCNN detect face cost time : 0.053 s -  MainThread - 11704 
2022-04-24 10:45:03,520 - MOT - INFO - MTCNN detect face cost time : 0.052 s -  MainThread - 11704 
2022-04-24 10:45:03,583 - MOT - INFO - MTCNN detect face cost time : 0.052 s -  MainThread - 11704 
2022-04-24 10:45:03,647 - MOT - INFO - MTCNN detect face cost time : 0.053 s -  MainThread - 11704 
2022-04-24 10:45:03,709 - MOT - INFO - MTCNN detect face cost time : 0.053 s -  MainThread - 11704 
2022-04-24 10:45:03,771 - MOT - INFO - MTCNN detect face cost time : 0.052 s -  MainThread - 11704 
2022-04-24 10:45:03,835 - MOT - INFO - MTCNN detect face cost time : 0.053 s -  MainThread - 11704 
2022-04-24 10:45:03,897 - MOT - INFO - MTCNN detect face cost time : 0.052 s -  MainThread - 11704 
2022-04-24 10:45:03,960 - MOT - INFO - MTCNN detect face cost time : 0.052 s -  MainThread - 11704 
2022-04-24 10:45:04,024 - MOT - INFO - MTCNN detect face cost time : 0.052 s -  MainThread - 11704 
2022-04-24 10:45:04,087 - MOT - INFO - MTCNN detect face cost time : 0.052 s -  MainThread - 11704 
2022-04-24 10:45:04,151 - MOT - INFO - MTCNN detect face cost time : 0.054 s -  MainThread - 11704 
2022-04-24 10:45:04,212 - MOT - INFO - MTCNN detect face cost time : 0.052 s -  MainThread - 11704 
2022-04-24 10:45:04,276 - MOT - INFO - MTCNN detect face cost time : 0.053 s -  MainThread - 11704 
2022-04-24 10:45:04,338 - MOT - INFO - MTCNN detect face cost time : 0.051 s -  MainThread - 11704 
2022-04-24 10:45:04,401 - MOT - INFO - MTCNN detect face cost time : 0.052 s -  MainThread - 11704 
2022-04-24 10:45:04,463 - MOT - INFO - MTCNN detect face cost time : 0.05 s -  MainThread - 11704 
2022-04-24 10:45:04,528 - MOT - INFO - MTCNN detect face cost time : 0.051 s -  MainThread - 11704 
2022-04-24 10:45:04,590 - MOT - INFO - MTCNN detect face cost time : 0.052 s -  MainThread - 11704 
2022-04-24 10:45:04,655 - MOT - INFO - MTCNN detect face cost time : 0.053 s -  MainThread - 11704 
2022-04-24 10:45:04,716 - MOT - INFO - MTCNN detect face cost time : 0.053 s -  MainThread - 11704 
2022-04-24 10:45:04,778 - MOT - INFO - MTCNN detect face cost time : 0.052 s -  MainThread - 11704 
2022-04-24 10:45:04,843 - MOT - INFO - MTCNN detect face cost time : 0.054 s -  MainThread - 11704 
2022-04-24 10:45:04,905 - MOT - INFO - MTCNN detect face cost time : 0.053 s -  MainThread - 11704 
2022-04-24 10:45:04,967 - MOT - INFO - MTCNN detect face cost time : 0.052 s -  MainThread - 11704 
2022-04-24 10:45:05,028 - MOT - INFO - MTCNN detect face cost time : 0.051 s -  MainThread - 11704 
2022-04-24 10:45:05,091 - MOT - INFO - MTCNN detect face cost time : 0.053 s -  MainThread - 11704 
2022-04-24 10:45:05,153 - MOT - INFO - MTCNN detect face cost time : 0.053 s -  MainThread - 11704 
2022-04-24 10:45:05,216 - MOT - INFO - MTCNN detect face cost time : 0.053 s -  MainThread - 11704 
2022-04-24 10:45:05,278 - MOT - INFO - MTCNN detect face cost time : 0.052 s -  MainThread - 11704 
2022-04-24 10:45:05,339 - MOT - INFO - MTCNN detect face cost time : 0.052 s -  MainThread - 11704 
2022-04-24 10:45:05,407 - MOT - INFO - MTCNN detect face cost time : 0.057 s -  MainThread - 11704 
2022-04-24 10:45:05,513 - MOT - INFO - MTCNN detect face cost time : 0.1 s -  MainThread - 11704 
2022-04-24 10:45:05,626 - MOT - INFO - MTCNN detect face cost time : 0.1 s -  MainThread - 11704 
2022-04-24 10:45:05,735 - MOT - INFO - MTCNN detect face cost time : 0.103 s -  MainThread - 11704 
2022-04-24 10:45:05,834 - MOT - INFO - MTCNN detect face cost time : 0.092 s -  MainThread - 11704 
2022-04-24 10:45:05,948 - MOT - INFO - MTCNN detect face cost time : 0.094 s -  MainThread - 11704 
2022-04-24 10:45:06,060 - MOT - INFO - MTCNN detect face cost time : 0.096 s -  MainThread - 11704 
2022-04-24 10:45:06,172 - MOT - INFO - MTCNN detect face cost time : 0.097 s -  MainThread - 11704 
2022-04-24 10:45:06,282 - MOT - INFO - MTCNN detect face cost time : 0.098 s -  MainThread - 11704 
2022-04-24 10:45:06,394 - MOT - INFO - MTCNN detect face cost time : 0.1 s -  MainThread - 11704 
2022-04-24 10:45:06,502 - MOT - INFO - MTCNN detect face cost time : 0.099 s -  MainThread - 11704 
2022-04-24 10:45:06,610 - MOT - INFO - MTCNN detect face cost time : 0.098 s -  MainThread - 11704 
2022-04-24 10:45:06,719 - MOT - INFO - MTCNN detect face cost time : 0.097 s -  MainThread - 11704 
2022-04-24 10:45:06,833 - MOT - INFO - MTCNN detect face cost time : 0.1 s -  MainThread - 11704 
2022-04-24 10:45:06,942 - MOT - INFO - MTCNN detect face cost time : 0.099 s -  MainThread - 11704 
2022-04-24 10:45:07,053 - MOT - INFO - MTCNN detect face cost time : 0.099 s -  MainThread - 11704 
2022-04-24 10:45:07,168 - MOT - INFO - MTCNN detect face cost time : 0.103 s -  MainThread - 11704 
2022-04-24 10:45:07,277 - MOT - INFO - MTCNN detect face cost time : 0.103 s -  MainThread - 11704 
2022-04-24 10:45:07,391 - MOT - INFO - MTCNN detect face cost time : 0.107 s -  MainThread - 11704 
2022-04-24 10:45:07,511 - MOT - INFO - MTCNN detect face cost time : 0.101 s -  MainThread - 11704 
2022-04-24 10:45:07,620 - MOT - INFO - MTCNN detect face cost time : 0.101 s -  MainThread - 11704 
2022-04-24 10:45:07,700 - MOT - INFO - MTCNN detect face cost time : 0.073 s -  MainThread - 11704 
2022-04-24 10:45:07,757 - MOT - INFO - MTCNN detect face cost time : 0.053 s -  MainThread - 11704 
2022-04-24 10:45:07,822 - MOT - INFO - MTCNN detect face cost time : 0.056 s -  MainThread - 11704 
2022-04-24 10:45:07,884 - MOT - INFO - MTCNN detect face cost time : 0.054 s -  MainThread - 11704 
2022-04-24 10:45:07,948 - MOT - INFO - MTCNN detect face cost time : 0.054 s -  MainThread - 11704 
2022-04-24 10:45:08,010 - MOT - INFO - MTCNN detect face cost time : 0.054 s -  MainThread - 11704 
2022-04-24 10:45:08,074 - MOT - INFO - MTCNN detect face cost time : 0.055 s -  MainThread - 11704 
2022-04-24 10:45:08,136 - MOT - INFO - MTCNN detect face cost time : 0.055 s -  MainThread - 11704 
2022-04-24 10:45:08,198 - MOT - INFO - MTCNN detect face cost time : 0.054 s -  MainThread - 11704 
2022-04-24 10:45:08,264 - MOT - INFO - MTCNN detect face cost time : 0.057 s -  MainThread - 11704 
2022-04-24 10:45:08,327 - MOT - INFO - MTCNN detect face cost time : 0.056 s -  MainThread - 11704 
2022-04-24 10:45:08,390 - MOT - INFO - MTCNN detect face cost time : 0.057 s -  MainThread - 11704 
2022-04-24 10:45:08,453 - MOT - INFO - MTCNN detect face cost time : 0.057 s -  MainThread - 11704 
2022-04-24 10:45:08,514 - MOT - INFO - MTCNN detect face cost time : 0.056 s -  MainThread - 11704 
2022-04-24 10:45:08,578 - MOT - INFO - MTCNN detect face cost time : 0.058 s -  MainThread - 11704 
2022-04-24 10:45:08,642 - MOT - INFO - MTCNN detect face cost time : 0.057 s -  MainThread - 11704 
2022-04-24 10:45:08,705 - MOT - INFO - MTCNN detect face cost time : 0.057 s -  MainThread - 11704 
2022-04-24 10:45:08,767 - MOT - INFO - MTCNN detect face cost time : 0.057 s -  MainThread - 11704 
2022-04-24 10:45:08,831 - MOT - INFO - MTCNN detect face cost time : 0.058 s -  MainThread - 11704 
2022-04-24 10:45:08,892 - MOT - INFO - MTCNN detect face cost time : 0.058 s -  MainThread - 11704 
2022-04-24 10:45:08,957 - MOT - INFO - MTCNN detect face cost time : 0.057 s -  MainThread - 11704 
2022-04-24 10:45:09,019 - MOT - INFO - MTCNN detect face cost time : 0.059 s -  MainThread - 11704 
2022-04-24 10:45:09,082 - MOT - INFO - MTCNN detect face cost time : 0.058 s -  MainThread - 11704 
2022-04-24 10:45:09,145 - MOT - INFO - MTCNN detect face cost time : 0.059 s -  MainThread - 11704 
2022-04-24 10:45:09,207 - MOT - INFO - MTCNN detect face cost time : 0.058 s -  MainThread - 11704 
2022-04-24 10:45:09,284 - MOT - INFO - MTCNN detect face cost time : 0.058 s -  MainThread - 11704 
2022-04-24 10:45:09,345 - MOT - INFO - MTCNN detect face cost time : 0.057 s -  MainThread - 11704 
2022-04-24 10:45:09,409 - MOT - INFO - MTCNN detect face cost time : 0.058 s -  MainThread - 11704 
2022-04-24 10:45:09,471 - MOT - INFO - MTCNN detect face cost time : 0.058 s -  MainThread - 11704 
2022-04-24 10:45:09,534 - MOT - INFO - MTCNN detect face cost time : 0.058 s -  MainThread - 11704 
2022-04-24 10:45:09,597 - MOT - INFO - MTCNN detect face cost time : 0.058 s -  MainThread - 11704 
2022-04-24 10:45:09,661 - MOT - INFO - MTCNN detect face cost time : 0.06 s -  MainThread - 11704 
2022-04-24 10:45:09,738 - MOT - INFO - MTCNN detect face cost time : 0.059 s -  MainThread - 11704 
2022-04-24 10:45:09,801 - MOT - INFO - MTCNN detect face cost time : 0.059 s -  MainThread - 11704 
2022-04-24 10:45:09,864 - MOT - INFO - MTCNN detect face cost time : 0.059 s -  MainThread - 11704 
2022-04-24 10:45:09,927 - MOT - INFO - MTCNN detect face cost time : 0.058 s -  MainThread - 11704 
2022-04-24 10:45:09,989 - MOT - INFO - MTCNN detect face cost time : 0.057 s -  MainThread - 11704 
2022-04-24 10:45:10,053 - MOT - INFO - MTCNN detect face cost time : 0.059 s -  MainThread - 11704 
2022-04-24 10:45:10,129 - MOT - INFO - MTCNN detect face cost time : 0.058 s -  MainThread - 11704 
2022-04-24 10:45:10,192 - MOT - INFO - MTCNN detect face cost time : 0.058 s -  MainThread - 11704 
2022-04-24 10:45:10,253 - MOT - INFO - MTCNN detect face cost time : 0.057 s -  MainThread - 11704 
2022-04-24 10:45:10,316 - MOT - INFO - MTCNN detect face cost time : 0.056 s -  MainThread - 11704 
2022-04-24 10:45:10,379 - MOT - INFO - MTCNN detect face cost time : 0.057 s -  MainThread - 11704 
2022-04-24 10:45:10,444 - MOT - INFO - MTCNN detect face cost time : 0.059 s -  MainThread - 11704 
2022-04-24 10:45:10,505 - MOT - INFO - MTCNN detect face cost time : 0.057 s -  MainThread - 11704 
2022-04-24 10:45:10,569 - MOT - INFO - MTCNN detect face cost time : 0.057 s -  MainThread - 11704 
2022-04-24 10:45:10,630 - MOT - INFO - MTCNN detect face cost time : 0.056 s -  MainThread - 11704 
2022-04-24 10:45:10,694 - MOT - INFO - MTCNN detect face cost time : 0.057 s -  MainThread - 11704 
2022-04-24 10:45:10,756 - MOT - INFO - MTCNN detect face cost time : 0.056 s -  MainThread - 11704 
2022-04-24 10:45:10,817 - MOT - INFO - MTCNN detect face cost time : 0.056 s -  MainThread - 11704 
2022-04-24 10:45:10,879 - MOT - INFO - MTCNN detect face cost time : 0.056 s -  MainThread - 11704 
2022-04-24 10:45:10,941 - MOT - INFO - MTCNN detect face cost time : 0.057 s -  MainThread - 11704 
2022-04-24 10:45:11,003 - MOT - INFO - MTCNN detect face cost time : 0.056 s -  MainThread - 11704 
2022-04-24 10:45:11,066 - MOT - INFO - MTCNN detect face cost time : 0.056 s -  MainThread - 11704 
2022-04-24 10:45:11,184 - MOT - INFO - MTCNN detect face cost time : 0.109 s -  MainThread - 11704 
2022-04-24 10:45:11,310 - MOT - INFO - MTCNN detect face cost time : 0.111 s -  MainThread - 11704 
2022-04-24 10:45:11,435 - MOT - INFO - MTCNN detect face cost time : 0.11 s -  MainThread - 11704 
2022-04-24 10:45:11,567 - MOT - INFO - MTCNN detect face cost time : 0.115 s -  MainThread - 11704 
2022-04-24 10:45:11,690 - MOT - INFO - MTCNN detect face cost time : 0.112 s -  MainThread - 11704 
2022-04-24 10:45:11,815 - MOT - INFO - MTCNN detect face cost time : 0.11 s -  MainThread - 11704 
2022-04-24 10:45:11,942 - MOT - INFO - MTCNN detect face cost time : 0.11 s -  MainThread - 11704 
2022-04-24 10:45:12,071 - MOT - INFO - MTCNN detect face cost time : 0.113 s -  MainThread - 11704 
2022-04-24 10:45:12,199 - MOT - INFO - MTCNN detect face cost time : 0.115 s -  MainThread - 11704 
2022-04-24 10:45:12,320 - MOT - INFO - MTCNN detect face cost time : 0.11 s -  MainThread - 11704 
2022-04-24 10:45:12,450 - MOT - INFO - MTCNN detect face cost time : 0.114 s -  MainThread - 11704 
2022-04-24 10:45:12,575 - MOT - INFO - MTCNN detect face cost time : 0.114 s -  MainThread - 11704 
2022-04-24 10:45:12,701 - MOT - INFO - MTCNN detect face cost time : 0.114 s -  MainThread - 11704 
2022-04-24 10:45:12,829 - MOT - INFO - MTCNN detect face cost time : 0.117 s -  MainThread - 11704 
2022-04-24 10:45:12,943 - MOT - INFO - MTCNN detect face cost time : 0.103 s -  MainThread - 11704 
2022-04-24 10:45:13,056 - MOT - INFO - MTCNN detect face cost time : 0.106 s -  MainThread - 11704 
2022-04-24 10:45:13,170 - MOT - INFO - MTCNN detect face cost time : 0.108 s -  MainThread - 11704 
2022-04-24 10:45:13,297 - MOT - INFO - MTCNN detect face cost time : 0.109 s -  MainThread - 11704 
2022-04-24 10:45:13,385 - MOT - INFO - MTCNN detect face cost time : 0.072 s -  MainThread - 11704 
2022-04-24 10:45:13,449 - MOT - INFO - MTCNN detect face cost time : 0.056 s -  MainThread - 11704 
2022-04-24 10:45:13,512 - MOT - INFO - MTCNN detect face cost time : 0.058 s -  MainThread - 11704 
2022-04-24 10:45:13,574 - MOT - INFO - MTCNN detect face cost time : 0.057 s -  MainThread - 11704 
2022-04-24 10:45:13,636 - MOT - INFO - MTCNN detect face cost time : 0.057 s -  MainThread - 11704 
2022-04-24 10:45:13,699 - MOT - INFO - MTCNN detect face cost time : 0.058 s -  MainThread - 11704 
2022-04-24 10:45:13,762 - MOT - INFO - MTCNN detect face cost time : 0.057 s -  MainThread - 11704 
2022-04-24 10:45:13,825 - MOT - INFO - MTCNN detect face cost time : 0.057 s -  MainThread - 11704 
2022-04-24 10:45:13,889 - MOT - INFO - MTCNN detect face cost time : 0.058 s -  MainThread - 11704 
2022-04-24 10:45:13,964 - MOT - INFO - MTCNN detect face cost time : 0.057 s -  MainThread - 11704 
2022-04-24 10:45:14,029 - MOT - INFO - MTCNN detect face cost time : 0.058 s -  MainThread - 11704 
2022-04-24 10:45:14,090 - MOT - INFO - MTCNN detect face cost time : 0.057 s -  MainThread - 11704 
2022-04-24 10:45:14,156 - MOT - INFO - MTCNN detect face cost time : 0.059 s -  MainThread - 11704 
2022-04-24 10:45:14,231 - MOT - INFO - MTCNN detect face cost time : 0.058 s -  MainThread - 11704 
2022-04-24 10:45:14,293 - MOT - INFO - MTCNN detect face cost time : 0.057 s -  MainThread - 11704 
2022-04-24 10:45:14,355 - MOT - INFO - MTCNN detect face cost time : 0.057 s -  MainThread - 11704 
2022-04-24 10:45:14,419 - MOT - INFO - MTCNN detect face cost time : 0.056 s -  MainThread - 11704 
2022-04-24 10:45:14,482 - MOT - INFO - MTCNN detect face cost time : 0.056 s -  MainThread - 11704 
2022-04-24 10:45:14,545 - MOT - INFO - MTCNN detect face cost time : 0.057 s -  MainThread - 11704 
2022-04-24 10:45:14,609 - MOT - INFO - MTCNN detect face cost time : 0.058 s -  MainThread - 11704 
2022-04-24 10:45:14,671 - MOT - INFO - MTCNN detect face cost time : 0.058 s -  MainThread - 11704 
2022-04-24 10:45:14,735 - MOT - INFO - MTCNN detect face cost time : 0.058 s -  MainThread - 11704 
2022-04-24 10:45:14,796 - MOT - INFO - MTCNN detect face cost time : 0.058 s -  MainThread - 11704 
2022-04-24 10:45:14,858 - MOT - INFO - MTCNN detect face cost time : 0.057 s -  MainThread - 11704 
2022-04-24 10:45:14,919 - MOT - INFO - MTCNN detect face cost time : 0.055 s -  MainThread - 11704 
2022-04-24 10:45:14,983 - MOT - INFO - MTCNN detect face cost time : 0.056 s -  MainThread - 11704 
2022-04-24 10:45:15,045 - MOT - INFO - MTCNN detect face cost time : 0.056 s -  MainThread - 11704 
2022-04-24 10:45:15,110 - MOT - INFO - MTCNN detect face cost time : 0.058 s -  MainThread - 11704 
2022-04-24 10:45:15,171 - MOT - INFO - MTCNN detect face cost time : 0.058 s -  MainThread - 11704 
2022-04-24 10:45:15,232 - MOT - INFO - MTCNN detect face cost time : 0.056 s -  MainThread - 11704 
2022-04-24 10:45:15,295 - MOT - INFO - MTCNN detect face cost time : 0.057 s -  MainThread - 11704 
2022-04-24 10:45:15,357 - MOT - INFO - MTCNN detect face cost time : 0.056 s -  MainThread - 11704 
2022-04-24 10:45:15,420 - MOT - INFO - MTCNN detect face cost time : 0.056 s -  MainThread - 11704 
2022-04-24 10:45:15,483 - MOT - INFO - MTCNN detect face cost time : 0.057 s -  MainThread - 11704 
2022-04-24 10:45:15,544 - MOT - INFO - MTCNN detect face cost time : 0.057 s -  MainThread - 11704 
2022-04-24 10:45:15,607 - MOT - INFO - MTCNN detect face cost time : 0.057 s -  MainThread - 11704 
2022-04-24 10:45:15,670 - MOT - INFO - MTCNN detect face cost time : 0.058 s -  MainThread - 11704 
2022-04-24 10:45:15,732 - MOT - INFO - MTCNN detect face cost time : 0.057 s -  MainThread - 11704 
2022-04-24 10:45:15,793 - MOT - INFO - MTCNN detect face cost time : 0.056 s -  MainThread - 11704 
2022-04-24 10:45:15,857 - MOT - INFO - MTCNN detect face cost time : 0.058 s -  MainThread - 11704 
2022-04-24 10:45:15,917 - MOT - INFO - MTCNN detect face cost time : 0.055 s -  MainThread - 11704 
2022-04-24 10:45:15,980 - MOT - INFO - MTCNN detect face cost time : 0.056 s -  MainThread - 11704 
2022-04-24 10:45:16,044 - MOT - INFO - MTCNN detect face cost time : 0.056 s -  MainThread - 11704 
2022-04-24 10:45:16,107 - MOT - INFO - MTCNN detect face cost time : 0.056 s -  MainThread - 11704 
2022-04-24 10:45:16,169 - MOT - INFO - MTCNN detect face cost time : 0.057 s -  MainThread - 11704 
2022-04-24 10:45:16,232 - MOT - INFO - MTCNN detect face cost time : 0.056 s -  MainThread - 11704 
2022-04-24 10:45:16,293 - MOT - INFO - MTCNN detect face cost time : 0.056 s -  MainThread - 11704 
2022-04-24 10:45:16,354 - MOT - INFO - MTCNN detect face cost time : 0.055 s -  MainThread - 11704 
2022-04-24 10:45:16,418 - MOT - INFO - MTCNN detect face cost time : 0.056 s -  MainThread - 11704 
2022-04-24 10:45:16,480 - MOT - INFO - MTCNN detect face cost time : 0.055 s -  MainThread - 11704 
2022-04-24 10:45:16,543 - MOT - INFO - MTCNN detect face cost time : 0.055 s -  MainThread - 11704 
2022-04-24 10:45:16,605 - MOT - INFO - MTCNN detect face cost time : 0.055 s -  MainThread - 11704 
2022-04-24 10:45:16,670 - MOT - INFO - MTCNN detect face cost time : 0.057 s -  MainThread - 11704 
2022-04-24 10:45:16,731 - MOT - INFO - MTCNN detect face cost time : 0.057 s -  MainThread - 11704 
2022-04-24 10:45:16,839 - MOT - INFO - MTCNN detect face cost time : 0.101 s -  MainThread - 11704 
2022-04-24 10:45:16,957 - MOT - INFO - MTCNN detect face cost time : 0.107 s -  MainThread - 11704 
2022-04-24 10:45:17,083 - MOT - INFO - MTCNN detect face cost time : 0.109 s -  MainThread - 11704 
2022-04-24 10:45:17,210 - MOT - INFO - MTCNN detect face cost time : 0.107 s -  MainThread - 11704 
2022-04-24 10:45:17,343 - MOT - INFO - MTCNN detect face cost time : 0.115 s -  MainThread - 11704 
2022-04-24 10:45:17,461 - MOT - INFO - MTCNN detect face cost time : 0.107 s -  MainThread - 11704 
2022-04-24 10:45:17,587 - MOT - INFO - MTCNN detect face cost time : 0.108 s -  MainThread - 11704 
2022-04-24 10:45:17,714 - MOT - INFO - MTCNN detect face cost time : 0.11 s -  MainThread - 11704 
2022-04-24 10:45:17,843 - MOT - INFO - MTCNN detect face cost time : 0.113 s -  MainThread - 11704 
2022-04-24 10:45:17,966 - MOT - INFO - MTCNN detect face cost time : 0.111 s -  MainThread - 11704 
2022-04-24 10:45:18,092 - MOT - INFO - MTCNN detect face cost time : 0.113 s -  MainThread - 11704 
2022-04-24 10:45:18,219 - MOT - INFO - MTCNN detect face cost time : 0.114 s -  MainThread - 11704 
2022-04-24 10:45:18,340 - MOT - INFO - MTCNN detect face cost time : 0.11 s -  MainThread - 11704 
2022-04-24 10:45:18,467 - MOT - INFO - MTCNN detect face cost time : 0.111 s -  MainThread - 11704 
2022-04-24 10:45:18,587 - MOT - INFO - MTCNN detect face cost time : 0.105 s -  MainThread - 11704 
2022-04-24 10:45:18,699 - MOT - INFO - MTCNN detect face cost time : 0.105 s -  MainThread - 11704 
2022-04-24 10:45:18,814 - MOT - INFO - MTCNN detect face cost time : 0.109 s -  MainThread - 11704 
2022-04-24 10:45:18,939 - MOT - INFO - MTCNN detect face cost time : 0.107 s -  MainThread - 11704 
2022-04-24 10:45:19,040 - MOT - INFO - MTCNN detect face cost time : 0.084 s -  MainThread - 11704 
2022-04-24 10:45:19,102 - MOT - INFO - MTCNN detect face cost time : 0.053 s -  MainThread - 11704 
2022-04-24 10:45:19,163 - MOT - INFO - MTCNN detect face cost time : 0.053 s -  MainThread - 11704 
2022-04-24 10:45:19,224 - MOT - INFO - MTCNN detect face cost time : 0.051 s -  MainThread - 11704 
2022-04-24 10:45:19,292 - MOT - INFO - MTCNN detect face cost time : 0.057 s -  MainThread - 11704 
2022-04-24 10:45:19,351 - MOT - INFO - MTCNN detect face cost time : 0.053 s -  MainThread - 11704 
2022-04-24 10:45:19,416 - MOT - INFO - MTCNN detect face cost time : 0.056 s -  MainThread - 11704 
2022-04-24 10:45:19,477 - MOT - INFO - MTCNN detect face cost time : 0.054 s -  MainThread - 11704 
2022-04-24 10:45:19,540 - MOT - INFO - MTCNN detect face cost time : 0.056 s -  MainThread - 11704 
2022-04-24 10:45:19,602 - MOT - INFO - MTCNN detect face cost time : 0.054 s -  MainThread - 11704 
2022-04-24 10:45:19,664 - MOT - INFO - MTCNN detect face cost time : 0.053 s -  MainThread - 11704 
2022-04-24 10:45:19,726 - MOT - INFO - MTCNN detect face cost time : 0.054 s -  MainThread - 11704 
2022-04-24 10:45:19,789 - MOT - INFO - MTCNN detect face cost time : 0.054 s -  MainThread - 11704 
2022-04-24 10:45:19,853 - MOT - INFO - MTCNN detect face cost time : 0.054 s -  MainThread - 11704 
2022-04-24 10:45:19,916 - MOT - INFO - MTCNN detect face cost time : 0.055 s -  MainThread - 11704 
2022-04-24 10:45:19,979 - MOT - INFO - MTCNN detect face cost time : 0.054 s -  MainThread - 11704 
2022-04-24 10:45:20,042 - MOT - INFO - MTCNN detect face cost time : 0.054 s -  MainThread - 11704 
2022-04-24 10:45:20,111 - MOT - INFO - MTCNN detect face cost time : 0.059 s -  MainThread - 11704 
2022-04-24 10:45:20,174 - MOT - INFO - MTCNN detect face cost time : 0.059 s -  MainThread - 11704 
2022-04-24 10:45:20,237 - MOT - INFO - MTCNN detect face cost time : 0.059 s -  MainThread - 11704 
2022-04-24 10:45:20,300 - MOT - INFO - MTCNN detect face cost time : 0.058 s -  MainThread - 11704 
2022-04-24 10:45:20,363 - MOT - INFO - MTCNN detect face cost time : 0.059 s -  MainThread - 11704 
2022-04-24 10:45:20,422 - MOT - INFO - MTCNN detect face cost time : 0.056 s -  MainThread - 11704 
2022-04-24 10:45:20,485 - MOT - INFO - MTCNN detect face cost time : 0.057 s -  MainThread - 11704 
2022-04-24 10:45:20,546 - MOT - INFO - MTCNN detect face cost time : 0.055 s -  MainThread - 11704 
2022-04-24 10:45:20,610 - MOT - INFO - MTCNN detect face cost time : 0.055 s -  MainThread - 11704 
2022-04-24 10:45:20,675 - MOT - INFO - MTCNN detect face cost time : 0.056 s -  MainThread - 11704 
2022-04-24 10:45:20,737 - MOT - INFO - MTCNN detect face cost time : 0.055 s -  MainThread - 11704 
2022-04-24 10:45:20,802 - MOT - INFO - MTCNN detect face cost time : 0.056 s -  MainThread - 11704 
2022-04-24 10:45:20,862 - MOT - INFO - MTCNN detect face cost time : 0.054 s -  MainThread - 11704 
2022-04-24 10:45:20,925 - MOT - INFO - MTCNN detect face cost time : 0.053 s -  MainThread - 11704 
2022-04-24 10:45:20,989 - MOT - INFO - MTCNN detect face cost time : 0.054 s -  MainThread - 11704 
2022-04-24 10:45:21,054 - MOT - INFO - MTCNN detect face cost time : 0.056 s -  MainThread - 11704 
2022-04-24 10:45:21,117 - MOT - INFO - MTCNN detect face cost time : 0.058 s -  MainThread - 11704 
2022-04-24 10:45:21,182 - MOT - INFO - MTCNN detect face cost time : 0.06 s -  MainThread - 11704 
2022-04-24 10:45:21,244 - MOT - INFO - MTCNN detect face cost time : 0.057 s -  MainThread - 11704 
2022-04-24 10:45:21,319 - MOT - INFO - MTCNN detect face cost time : 0.058 s -  MainThread - 11704 
2022-04-24 10:45:21,397 - MOT - INFO - MTCNN detect face cost time : 0.059 s -  MainThread - 11704 
2022-04-24 10:45:21,475 - MOT - INFO - MTCNN detect face cost time : 0.058 s -  MainThread - 11704 
2022-04-24 10:45:21,537 - MOT - INFO - MTCNN detect face cost time : 0.058 s -  MainThread - 11704 
2022-04-24 10:45:21,600 - MOT - INFO - MTCNN detect face cost time : 0.058 s -  MainThread - 11704 
2022-04-24 10:45:21,663 - MOT - INFO - MTCNN detect face cost time : 0.058 s -  MainThread - 11704 
2022-04-24 10:45:21,725 - MOT - INFO - MTCNN detect face cost time : 0.058 s -  MainThread - 11704 
2022-04-24 10:45:21,788 - MOT - INFO - MTCNN detect face cost time : 0.058 s -  MainThread - 11704 
2022-04-24 10:45:21,849 - MOT - INFO - MTCNN detect face cost time : 0.057 s -  MainThread - 11704 
2022-04-24 10:45:21,912 - MOT - INFO - MTCNN detect face cost time : 0.057 s -  MainThread - 11704 
2022-04-24 10:45:21,975 - MOT - INFO - MTCNN detect face cost time : 0.056 s -  MainThread - 11704 
2022-04-24 10:45:22,038 - MOT - INFO - MTCNN detect face cost time : 0.058 s -  MainThread - 11704 
2022-04-24 10:45:22,104 - MOT - INFO - MTCNN detect face cost time : 0.061 s -  MainThread - 11704 
2022-04-24 10:45:22,186 - MOT - INFO - MTCNN detect face cost time : 0.064 s -  MainThread - 11704 
2022-04-24 10:45:22,263 - MOT - INFO - MTCNN detect face cost time : 0.064 s -  MainThread - 11704 
2022-04-24 10:45:22,340 - MOT - INFO - MTCNN detect face cost time : 0.063 s -  MainThread - 11704 
2022-04-24 10:45:22,423 - MOT - INFO - MTCNN detect face cost time : 0.067 s -  MainThread - 11704 
2022-04-24 10:45:22,555 - MOT - INFO - MTCNN detect face cost time : 0.121 s -  MainThread - 11704 
2022-04-24 10:45:22,556 - MOT - INFO - new Tracker: 1 -  MainThread - 11704 
2022-04-24 10:45:22,557 - MOT - INFO - new Tracker: 2 -  MainThread - 11704 
2022-04-24 10:45:22,697 - MOT - INFO - MTCNN detect face cost time : 0.121 s -  MainThread - 11704 
2022-04-24 10:45:23,472 - MOT - INFO - MTCNN detect face cost time : 0.119 s -  MainThread - 11704 
2022-04-24 10:45:23,613 - MOT - INFO - MTCNN detect face cost time : 0.119 s -  MainThread - 11704 
