2022-04-26 20:30:05,728 - MOT - INFO - Start track and extract...... -  MainThread - 9068 
2022-04-26 20:30:06,904 - MOT - INFO - All files:video.mp4 -  MainThread - 9068 
2022-04-26 20:30:35,471 - MOT - INFO - Start track and extract...... -  MainThread - 18032 
2022-04-26 20:30:36,674 - MOT - INFO - All files:video.mp4 -  MainThread - 18032 
2022-04-26 20:30:36,674 - MOT - INFO - Video_name:videos\video.mp4 -  MainThread - 18032 
2022-04-26 20:30:37,245 - MOT - INFO - MTCNN detect face cost time : 0.493 s -  MainThread - 18032 
2022-04-26 20:30:37,245 - MOT - INFO - new Tracker: 1 -  MainThread - 18032 
2022-04-26 20:30:37,245 - MOT - INFO - new Tracker: 2 -  MainThread - 18032 
2022-04-26 20:30:37,245 - MOT - INFO - new Tracker: 3 -  MainThread - 18032 
2022-04-26 20:30:37,245 - MOT - INFO - new Tracker: 4 -  MainThread - 18032 
2022-04-26 20:30:37,245 - MOT - INFO - new Tracker: 5 -  MainThread - 18032 
2022-04-26 20:30:37,261 - MOT - INFO - new Tracker: 6 -  MainThread - 18032 
2022-04-26 20:30:37,714 - MOT - INFO - MTCNN detect face cost time : 0.437 s -  MainThread - 18032 
2022-04-26 20:30:38,433 - MOT - INFO - MTCNN detect face cost time : 0.391 s -  MainThread - 18032 
2022-04-26 20:30:38,876 - MOT - INFO - MTCNN detect face cost time : 0.411 s -  MainThread - 18032 
2022-04-26 20:30:39,329 - MOT - INFO - MTCNN detect face cost time : 0.422 s -  MainThread - 18032 
2022-04-26 20:30:39,747 - MOT - INFO - MTCNN detect face cost time : 0.402 s -  MainThread - 18032 
2022-04-26 20:30:40,176 - MOT - INFO - MTCNN detect face cost time : 0.398 s -  MainThread - 18032 
2022-04-26 20:30:40,176 - MOT - INFO - new Tracker: 7 -  MainThread - 18032 
2022-04-26 20:30:40,577 - MOT - INFO - MTCNN detect face cost time : 0.385 s -  MainThread - 18032 
2022-04-26 20:30:40,970 - MOT - INFO - MTCNN detect face cost time : 0.378 s -  MainThread - 18032 
2022-04-26 20:30:41,383 - MOT - INFO - MTCNN detect face cost time : 0.397 s -  MainThread - 18032 
2022-04-26 20:30:41,383 - MOT - INFO - remove tracker: 7 -  MainThread - 18032 
2022-04-26 20:30:41,799 - MOT - INFO - MTCNN detect face cost time : 0.401 s -  MainThread - 18032 
2022-04-26 20:30:42,207 - MOT - INFO - MTCNN detect face cost time : 0.392 s -  MainThread - 18032 
2022-04-26 20:30:42,614 - MOT - INFO - MTCNN detect face cost time : 0.391 s -  MainThread - 18032 
2022-04-26 20:30:43,011 - MOT - INFO - MTCNN detect face cost time : 0.382 s -  MainThread - 18032 
2022-04-26 20:30:43,439 - MOT - INFO - MTCNN detect face cost time : 0.396 s -  MainThread - 18032 
2022-04-26 20:30:43,852 - MOT - INFO - MTCNN detect face cost time : 0.397 s -  MainThread - 18032 
2022-04-26 20:30:44,258 - MOT - INFO - MTCNN detect face cost time : 0.39 s -  MainThread - 18032 
2022-04-26 20:30:44,690 - MOT - INFO - MTCNN detect face cost time : 0.416 s -  MainThread - 18032 
2022-04-26 20:30:45,096 - MOT - INFO - MTCNN detect face cost time : 0.391 s -  MainThread - 18032 
2022-04-26 20:30:45,502 - MOT - INFO - MTCNN detect face cost time : 0.391 s -  MainThread - 18032 
