2022-04-17 03:26:49,210 - MOT - INFO - Start track and extract...... -  MainThread - 6152 
2022-04-17 03:26:52,759 - MOT - INFO - All files:1_Hours Of _Harassment' In NYC!.mp4 -  MainThread - 6152 
2022-04-17 03:26:52,759 - MOT - INFO - All files:2_Obama.mp4 -  MainThread - 6152 
2022-04-17 03:26:52,759 - MOT - INFO - Video_name:videos\1_Hours Of _Harassment' In NYC!.mp4 -  MainThread - 6152 
2022-04-17 03:26:54,757 - MOT - INFO - MTCNN detect face cost time : 0.951 s -  MainThread - 6152 
2022-04-17 03:26:54,773 - MOT - INFO - new Tracker: 1 -  MainThread - 6152 
2022-04-17 03:26:55,195 - MOT - INFO - MTCNN detect face cost time : 0.297 s -  MainThread - 6152 
2022-04-17 03:26:56,978 - MOT - INFO - MTCNN detect face cost time : 0.264 s -  MainThread - 6152 
2022-04-17 03:26:57,259 - MOT - INFO - MTCNN detect face cost time : 0.25 s -  MainThread - 6152 
2022-04-17 03:26:57,491 - MOT - INFO - MTCNN detect face cost time : 0.2 s -  MainThread - 6152 
2022-04-17 03:26:57,741 - MOT - INFO - MTCNN detect face cost time : 0.234 s -  MainThread - 6152 
2022-04-17 03:26:58,038 - MOT - INFO - MTCNN detect face cost time : 0.281 s -  MainThread - 6152 
2022-04-17 03:26:58,304 - MOT - INFO - MTCNN detect face cost time : 0.25 s -  MainThread - 6152 
2022-04-17 03:26:58,533 - MOT - INFO - MTCNN detect face cost time : 0.213 s -  MainThread - 6152 
2022-04-17 03:26:58,799 - MOT - INFO - MTCNN detect face cost time : 0.234 s -  MainThread - 6152 
2022-04-17 03:26:59,049 - MOT - INFO - MTCNN detect face cost time : 0.234 s -  MainThread - 6152 
2022-04-17 03:26:59,299 - MOT - INFO - MTCNN detect face cost time : 0.234 s -  MainThread - 6152 
2022-04-17 03:26:59,532 - MOT - INFO - MTCNN detect face cost time : 0.233 s -  MainThread - 6152 
2022-04-17 03:26:59,766 - MOT - INFO - MTCNN detect face cost time : 0.219 s -  MainThread - 6152 
2022-04-17 03:27:00,031 - MOT - INFO - MTCNN detect face cost time : 0.234 s -  MainThread - 6152 
2022-04-17 03:27:00,281 - MOT - INFO - MTCNN detect face cost time : 0.234 s -  MainThread - 6152 
2022-04-17 03:27:00,531 - MOT - INFO - MTCNN detect face cost time : 0.234 s -  MainThread - 6152 
2022-04-17 03:27:00,797 - MOT - INFO - MTCNN detect face cost time : 0.234 s -  MainThread - 6152 
2022-04-17 03:27:01,067 - MOT - INFO - MTCNN detect face cost time : 0.239 s -  MainThread - 6152 
2022-04-17 03:27:01,342 - MOT - INFO - MTCNN detect face cost time : 0.243 s -  MainThread - 6152 
2022-04-17 03:27:01,594 - MOT - INFO - MTCNN detect face cost time : 0.236 s -  MainThread - 6152 
2022-04-17 03:27:01,844 - MOT - INFO - MTCNN detect face cost time : 0.234 s -  MainThread - 6152 
2022-04-17 03:27:02,127 - MOT - INFO - MTCNN detect face cost time : 0.25 s -  MainThread - 6152 
2022-04-17 03:27:02,389 - MOT - INFO - MTCNN detect face cost time : 0.246 s -  MainThread - 6152 
2022-04-17 03:27:02,639 - MOT - INFO - MTCNN detect face cost time : 0.25 s -  MainThread - 6152 
2022-04-17 03:27:02,912 - MOT - INFO - MTCNN detect face cost time : 0.25 s -  MainThread - 6152 
2022-04-17 03:27:03,161 - MOT - INFO - MTCNN detect face cost time : 0.25 s -  MainThread - 6152 
2022-04-17 03:27:03,427 - MOT - INFO - MTCNN detect face cost time : 0.25 s -  MainThread - 6152 
2022-04-17 03:27:03,668 - MOT - INFO - MTCNN detect face cost time : 0.241 s -  MainThread - 6152 
2022-04-17 03:27:04,364 - MOT - INFO - MTCNN detect face cost time : 0.241 s -  MainThread - 6152 
2022-04-17 03:27:04,627 - MOT - INFO - MTCNN detect face cost time : 0.247 s -  MainThread - 6152 
2022-04-17 03:27:04,883 - MOT - INFO - MTCNN detect face cost time : 0.24 s -  MainThread - 6152 
2022-04-17 03:27:05,167 - MOT - INFO - MTCNN detect face cost time : 0.268 s -  MainThread - 6152 
2022-04-17 03:27:05,417 - MOT - INFO - MTCNN detect face cost time : 0.25 s -  MainThread - 6152 
2022-04-17 03:27:05,683 - MOT - INFO - MTCNN detect face cost time : 0.25 s -  MainThread - 6152 
2022-04-17 03:27:05,964 - MOT - INFO - MTCNN detect face cost time : 0.25 s -  MainThread - 6152 
2022-04-17 03:27:06,229 - MOT - INFO - MTCNN detect face cost time : 0.25 s -  MainThread - 6152 
2022-04-17 03:27:06,495 - MOT - INFO - MTCNN detect face cost time : 0.25 s -  MainThread - 6152 
2022-04-17 03:27:06,745 - MOT - INFO - MTCNN detect face cost time : 0.234 s -  MainThread - 6152 
2022-04-17 03:27:07,026 - MOT - INFO - MTCNN detect face cost time : 0.249 s -  MainThread - 6152 
2022-04-17 03:27:07,292 - MOT - INFO - MTCNN detect face cost time : 0.25 s -  MainThread - 6152 
2022-04-17 03:27:07,541 - MOT - INFO - MTCNN detect face cost time : 0.25 s -  MainThread - 6152 
2022-04-17 03:27:07,823 - MOT - INFO - MTCNN detect face cost time : 0.266 s -  MainThread - 6152 
2022-04-17 03:27:25,253 - MOT - INFO - MTCNN detect face cost time : 0.25 s -  MainThread - 6152 
2022-04-17 03:27:25,503 - MOT - INFO - MTCNN detect face cost time : 0.234 s -  MainThread - 6152 
2022-04-17 03:27:25,737 - MOT - INFO - MTCNN detect face cost time : 0.219 s -  MainThread - 6152 
2022-04-17 03:27:25,967 - MOT - INFO - MTCNN detect face cost time : 0.215 s -  MainThread - 6152 
2022-04-17 03:27:26,264 - MOT - INFO - MTCNN detect face cost time : 0.281 s -  MainThread - 6152 
2022-04-17 03:27:26,561 - MOT - INFO - MTCNN detect face cost time : 0.281 s -  MainThread - 6152 
2022-04-17 03:27:26,827 - MOT - INFO - MTCNN detect face cost time : 0.234 s -  MainThread - 6152 
2022-04-17 03:27:27,092 - MOT - INFO - MTCNN detect face cost time : 0.234 s -  MainThread - 6152 
2022-04-17 03:27:27,311 - MOT - INFO - MTCNN detect face cost time : 0.203 s -  MainThread - 6152 
2022-04-17 03:27:27,535 - MOT - INFO - MTCNN detect face cost time : 0.209 s -  MainThread - 6152 
2022-04-17 03:27:27,770 - MOT - INFO - MTCNN detect face cost time : 0.203 s -  MainThread - 6152 
2022-04-17 03:27:28,020 - MOT - INFO - MTCNN detect face cost time : 0.234 s -  MainThread - 6152 
2022-04-17 03:27:28,301 - MOT - INFO - MTCNN detect face cost time : 0.25 s -  MainThread - 6152 
2022-04-17 03:27:28,557 - MOT - INFO - MTCNN detect face cost time : 0.241 s -  MainThread - 6152 
2022-04-17 03:27:28,807 - MOT - INFO - MTCNN detect face cost time : 0.234 s -  MainThread - 6152 
2022-04-17 03:27:29,057 - MOT - INFO - MTCNN detect face cost time : 0.234 s -  MainThread - 6152 
2022-04-17 03:27:29,323 - MOT - INFO - MTCNN detect face cost time : 0.25 s -  MainThread - 6152 
2022-04-17 03:27:29,578 - MOT - INFO - MTCNN detect face cost time : 0.239 s -  MainThread - 6152 
2022-04-17 03:27:29,875 - MOT - INFO - MTCNN detect face cost time : 0.281 s -  MainThread - 6152 
2022-04-17 03:27:30,171 - MOT - INFO - MTCNN detect face cost time : 0.281 s -  MainThread - 6152 
2022-04-17 03:27:30,171 - MOT - INFO - new Tracker: 2 -  MainThread - 6152 
2022-04-17 03:27:30,452 - MOT - INFO - MTCNN detect face cost time : 0.281 s -  MainThread - 6152 
2022-04-17 03:27:30,452 - MOT - INFO - remove tracker: 2 -  MainThread - 6152 
2022-04-17 03:27:30,734 - MOT - INFO - MTCNN detect face cost time : 0.265 s -  MainThread - 6152 
2022-04-17 03:27:31,062 - MOT - INFO - MTCNN detect face cost time : 0.297 s -  MainThread - 6152 
2022-04-17 03:27:31,359 - MOT - INFO - MTCNN detect face cost time : 0.281 s -  MainThread - 6152 
2022-04-17 03:27:31,655 - MOT - INFO - MTCNN detect face cost time : 0.281 s -  MainThread - 6152 
2022-04-17 03:27:31,937 - MOT - INFO - MTCNN detect face cost time : 0.281 s -  MainThread - 6152 
2022-04-17 03:27:32,249 - MOT - INFO - MTCNN detect face cost time : 0.281 s -  MainThread - 6152 
2022-04-17 03:27:32,546 - MOT - INFO - MTCNN detect face cost time : 0.281 s -  MainThread - 6152 
2022-04-17 03:27:32,827 - MOT - INFO - MTCNN detect face cost time : 0.281 s -  MainThread - 6152 
2022-04-17 03:27:33,108 - MOT - INFO - MTCNN detect face cost time : 0.281 s -  MainThread - 6152 
2022-04-17 03:27:33,389 - MOT - INFO - MTCNN detect face cost time : 0.281 s -  MainThread - 6152 
2022-04-17 03:27:33,670 - MOT - INFO - MTCNN detect face cost time : 0.281 s -  MainThread - 6152 
2022-04-17 03:27:33,952 - MOT - INFO - MTCNN detect face cost time : 0.265 s -  MainThread - 6152 
2022-04-17 03:27:33,952 - MOT - INFO - new Tracker: 3 -  MainThread - 6152 
2022-04-17 03:27:34,217 - MOT - INFO - MTCNN detect face cost time : 0.266 s -  MainThread - 6152 
2022-04-17 03:27:34,217 - MOT - INFO - remove tracker: 3 -  MainThread - 6152 
2022-04-17 03:27:34,498 - MOT - INFO - MTCNN detect face cost time : 0.266 s -  MainThread - 6152 
2022-04-17 03:27:34,764 - MOT - INFO - MTCNN detect face cost time : 0.266 s -  MainThread - 6152 
2022-04-17 03:27:36,024 - MOT - INFO - MTCNN detect face cost time : 0.254 s -  MainThread - 6152 
2022-04-17 03:27:36,307 - MOT - INFO - MTCNN detect face cost time : 0.267 s -  MainThread - 6152 
2022-04-17 03:27:36,573 - MOT - INFO - MTCNN detect face cost time : 0.25 s -  MainThread - 6152 
2022-04-17 03:27:36,854 - MOT - INFO - MTCNN detect face cost time : 0.25 s -  MainThread - 6152 
2022-04-17 03:27:37,120 - MOT - INFO - MTCNN detect face cost time : 0.25 s -  MainThread - 6152 
2022-04-17 03:27:37,416 - MOT - INFO - MTCNN detect face cost time : 0.266 s -  MainThread - 6152 
2022-04-17 03:27:37,688 - MOT - INFO - MTCNN detect face cost time : 0.256 s -  MainThread - 6152 
2022-04-17 03:27:37,974 - MOT - INFO - MTCNN detect face cost time : 0.27 s -  MainThread - 6152 
2022-04-17 03:27:38,255 - MOT - INFO - MTCNN detect face cost time : 0.281 s -  MainThread - 6152 
2022-04-17 03:27:38,537 - MOT - INFO - MTCNN detect face cost time : 0.266 s -  MainThread - 6152 
2022-04-17 03:27:38,802 - MOT - INFO - MTCNN detect face cost time : 0.249 s -  MainThread - 6152 
2022-04-17 03:27:39,095 - MOT - INFO - MTCNN detect face cost time : 0.261 s -  MainThread - 6152 
2022-04-17 03:27:39,361 - MOT - INFO - MTCNN detect face cost time : 0.25 s -  MainThread - 6152 
2022-04-17 03:27:39,633 - MOT - INFO - MTCNN detect face cost time : 0.24 s -  MainThread - 6152 
2022-04-17 03:27:39,914 - MOT - INFO - MTCNN detect face cost time : 0.249 s -  MainThread - 6152 
2022-04-17 03:27:40,179 - MOT - INFO - MTCNN detect face cost time : 0.25 s -  MainThread - 6152 
2022-04-17 03:27:40,430 - MOT - INFO - MTCNN detect face cost time : 0.235 s -  MainThread - 6152 
2022-04-17 03:27:40,696 - MOT - INFO - MTCNN detect face cost time : 0.234 s -  MainThread - 6152 
2022-04-17 03:27:40,961 - MOT - INFO - MTCNN detect face cost time : 0.25 s -  MainThread - 6152 
2022-04-17 03:27:41,218 - MOT - INFO - MTCNN detect face cost time : 0.241 s -  MainThread - 6152 
2022-04-17 03:27:41,473 - MOT - INFO - MTCNN detect face cost time : 0.239 s -  MainThread - 6152 
2022-04-17 03:27:41,726 - MOT - INFO - MTCNN detect face cost time : 0.237 s -  MainThread - 6152 
2022-04-17 03:27:41,987 - MOT - INFO - MTCNN detect face cost time : 0.246 s -  MainThread - 6152 
2022-04-17 03:27:42,237 - MOT - INFO - MTCNN detect face cost time : 0.234 s -  MainThread - 6152 
2022-04-17 03:27:42,518 - MOT - INFO - MTCNN detect face cost time : 0.25 s -  MainThread - 6152 
2022-04-17 03:27:42,761 - MOT - INFO - MTCNN detect face cost time : 0.227 s -  MainThread - 6152 
2022-04-17 03:27:43,011 - MOT - INFO - MTCNN detect face cost time : 0.234 s -  MainThread - 6152 
2022-04-17 03:27:43,261 - MOT - INFO - MTCNN detect face cost time : 0.234 s -  MainThread - 6152 
2022-04-17 03:27:43,527 - MOT - INFO - MTCNN detect face cost time : 0.25 s -  MainThread - 6152 
2022-04-17 03:27:43,777 - MOT - INFO - MTCNN detect face cost time : 0.234 s -  MainThread - 6152 
2022-04-17 03:27:44,027 - MOT - INFO - MTCNN detect face cost time : 0.234 s -  MainThread - 6152 
2022-04-17 03:27:44,277 - MOT - INFO - MTCNN detect face cost time : 0.234 s -  MainThread - 6152 
2022-04-17 03:27:44,542 - MOT - INFO - MTCNN detect face cost time : 0.234 s -  MainThread - 6152 
2022-04-17 03:27:44,820 - MOT - INFO - MTCNN detect face cost time : 0.234 s -  MainThread - 6152 
2022-04-17 03:27:45,077 - MOT - INFO - MTCNN detect face cost time : 0.242 s -  MainThread - 6152 
2022-04-17 03:27:45,346 - MOT - INFO - MTCNN detect face cost time : 0.253 s -  MainThread - 6152 
2022-04-17 03:27:45,590 - MOT - INFO - MTCNN detect face cost time : 0.243 s -  MainThread - 6152 
2022-04-17 03:27:45,996 - MOT - INFO - MTCNN detect face cost time : 0.266 s -  MainThread - 6152 
2022-04-17 03:27:46,261 - MOT - INFO - MTCNN detect face cost time : 0.266 s -  MainThread - 6152 
2022-04-17 03:27:46,511 - MOT - INFO - MTCNN detect face cost time : 0.25 s -  MainThread - 6152 
2022-04-17 03:27:46,777 - MOT - INFO - MTCNN detect face cost time : 0.25 s -  MainThread - 6152 
2022-04-17 03:27:47,058 - MOT - INFO - MTCNN detect face cost time : 0.25 s -  MainThread - 6152 
2022-04-17 03:27:47,386 - MOT - INFO - MTCNN detect face cost time : 0.25 s -  MainThread - 6152 
2022-04-17 03:27:47,651 - MOT - INFO - MTCNN detect face cost time : 0.249 s -  MainThread - 6152 
2022-04-17 03:27:47,921 - MOT - INFO - MTCNN detect face cost time : 0.255 s -  MainThread - 6152 
2022-04-17 03:27:48,203 - MOT - INFO - MTCNN detect face cost time : 0.265 s -  MainThread - 6152 
2022-04-17 03:27:48,484 - MOT - INFO - MTCNN detect face cost time : 0.266 s -  MainThread - 6152 
2022-04-17 03:27:48,749 - MOT - INFO - MTCNN detect face cost time : 0.25 s -  MainThread - 6152 
2022-04-17 03:27:49,031 - MOT - INFO - MTCNN detect face cost time : 0.25 s -  MainThread - 6152 
2022-04-17 03:27:49,327 - MOT - INFO - MTCNN detect face cost time : 0.265 s -  MainThread - 6152 
2022-04-17 03:27:49,609 - MOT - INFO - MTCNN detect face cost time : 0.265 s -  MainThread - 6152 
2022-04-17 03:27:49,874 - MOT - INFO - MTCNN detect face cost time : 0.249 s -  MainThread - 6152 
2022-04-17 03:27:50,155 - MOT - INFO - MTCNN detect face cost time : 0.25 s -  MainThread - 6152 
2022-04-17 03:27:50,421 - MOT - INFO - MTCNN detect face cost time : 0.25 s -  MainThread - 6152 
2022-04-17 03:27:50,704 - MOT - INFO - MTCNN detect face cost time : 0.267 s -  MainThread - 6152 
2022-04-17 03:27:50,972 - MOT - INFO - MTCNN detect face cost time : 0.253 s -  MainThread - 6152 
2022-04-17 03:27:51,253 - MOT - INFO - MTCNN detect face cost time : 0.265 s -  MainThread - 6152 
2022-04-17 03:27:51,518 - MOT - INFO - MTCNN detect face cost time : 0.249 s -  MainThread - 6152 
2022-04-17 03:27:51,803 - MOT - INFO - MTCNN detect face cost time : 0.254 s -  MainThread - 6152 
2022-04-17 03:27:52,069 - MOT - INFO - MTCNN detect face cost time : 0.25 s -  MainThread - 6152 
2022-04-17 03:27:52,334 - MOT - INFO - MTCNN detect face cost time : 0.25 s -  MainThread - 6152 
2022-04-17 03:27:52,609 - MOT - INFO - MTCNN detect face cost time : 0.243 s -  MainThread - 6152 
2022-04-17 03:27:52,890 - MOT - INFO - MTCNN detect face cost time : 0.249 s -  MainThread - 6152 
2022-04-17 03:27:53,140 - MOT - INFO - MTCNN detect face cost time : 0.234 s -  MainThread - 6152 
2022-04-17 03:27:53,421 - MOT - INFO - MTCNN detect face cost time : 0.249 s -  MainThread - 6152 
2022-04-17 03:27:53,687 - MOT - INFO - MTCNN detect face cost time : 0.251 s -  MainThread - 6152 
2022-04-17 03:27:53,946 - MOT - INFO - MTCNN detect face cost time : 0.243 s -  MainThread - 6152 
2022-04-17 03:27:54,242 - MOT - INFO - MTCNN detect face cost time : 0.25 s -  MainThread - 6152 
2022-04-17 03:27:54,508 - MOT - INFO - MTCNN detect face cost time : 0.25 s -  MainThread - 6152 
2022-04-17 03:27:54,758 - MOT - INFO - MTCNN detect face cost time : 0.234 s -  MainThread - 6152 
2022-04-17 03:27:55,008 - MOT - INFO - MTCNN detect face cost time : 0.234 s -  MainThread - 6152 
2022-04-17 03:27:55,289 - MOT - INFO - MTCNN detect face cost time : 0.25 s -  MainThread - 6152 
2022-04-17 03:27:55,539 - MOT - INFO - MTCNN detect face cost time : 0.234 s -  MainThread - 6152 
2022-04-17 03:27:55,814 - MOT - INFO - MTCNN detect face cost time : 0.244 s -  MainThread - 6152 
2022-04-17 03:27:56,074 - MOT - INFO - MTCNN detect face cost time : 0.244 s -  MainThread - 6152 
2022-04-17 03:27:56,340 - MOT - INFO - MTCNN detect face cost time : 0.249 s -  MainThread - 6152 
2022-04-17 03:27:56,605 - MOT - INFO - MTCNN detect face cost time : 0.25 s -  MainThread - 6152 
2022-04-17 03:27:57,151 - MOT - INFO - MTCNN detect face cost time : 0.25 s -  MainThread - 6152 
2022-04-17 03:27:57,416 - MOT - INFO - MTCNN detect face cost time : 0.25 s -  MainThread - 6152 
2022-04-17 03:27:57,687 - MOT - INFO - MTCNN detect face cost time : 0.255 s -  MainThread - 6152 
2022-04-17 03:27:57,937 - MOT - INFO - MTCNN detect face cost time : 0.234 s -  MainThread - 6152 
2022-04-17 03:27:58,207 - MOT - INFO - MTCNN detect face cost time : 0.239 s -  MainThread - 6152 
2022-04-17 03:27:58,489 - MOT - INFO - MTCNN detect face cost time : 0.249 s -  MainThread - 6152 
2022-04-17 03:27:58,754 - MOT - INFO - MTCNN detect face cost time : 0.25 s -  MainThread - 6152 
2022-04-17 03:27:59,013 - MOT - INFO - MTCNN detect face cost time : 0.243 s -  MainThread - 6152 
2022-04-17 03:27:59,279 - MOT - INFO - MTCNN detect face cost time : 0.25 s -  MainThread - 6152 
2022-04-17 03:27:59,544 - MOT - INFO - MTCNN detect face cost time : 0.249 s -  MainThread - 6152 
2022-04-17 03:27:59,825 - MOT - INFO - MTCNN detect face cost time : 0.25 s -  MainThread - 6152 
2022-04-17 03:28:00,091 - MOT - INFO - MTCNN detect face cost time : 0.25 s -  MainThread - 6152 
2022-04-17 03:28:00,363 - MOT - INFO - MTCNN detect face cost time : 0.257 s -  MainThread - 6152 
2022-04-17 03:28:00,660 - MOT - INFO - MTCNN detect face cost time : 0.266 s -  MainThread - 6152 
2022-04-17 03:28:00,926 - MOT - INFO - MTCNN detect face cost time : 0.25 s -  MainThread - 6152 
2022-04-17 03:28:01,178 - MOT - INFO - MTCNN detect face cost time : 0.237 s -  MainThread - 6152 
2022-04-17 03:28:01,444 - MOT - INFO - MTCNN detect face cost time : 0.234 s -  MainThread - 6152 
2022-04-17 03:28:01,710 - MOT - INFO - MTCNN detect face cost time : 0.234 s -  MainThread - 6152 
2022-04-17 03:28:01,960 - MOT - INFO - MTCNN detect face cost time : 0.234 s -  MainThread - 6152 
2022-04-17 03:28:02,222 - MOT - INFO - MTCNN detect face cost time : 0.246 s -  MainThread - 6152 
2022-04-17 03:28:02,472 - MOT - INFO - MTCNN detect face cost time : 0.234 s -  MainThread - 6152 
2022-04-17 03:28:02,737 - MOT - INFO - MTCNN detect face cost time : 0.25 s -  MainThread - 6152 
2022-04-17 03:28:02,998 - MOT - INFO - MTCNN detect face cost time : 0.245 s -  MainThread - 6152 
2022-04-17 03:28:03,250 - MOT - INFO - MTCNN detect face cost time : 0.236 s -  MainThread - 6152 
2022-04-17 03:28:03,531 - MOT - INFO - MTCNN detect face cost time : 0.25 s -  MainThread - 6152 
2022-04-17 03:28:03,791 - MOT - INFO - MTCNN detect face cost time : 0.244 s -  MainThread - 6152 
2022-04-17 03:28:04,041 - MOT - INFO - MTCNN detect face cost time : 0.235 s -  MainThread - 6152 
2022-04-17 03:28:04,307 - MOT - INFO - MTCNN detect face cost time : 0.234 s -  MainThread - 6152 
2022-04-17 03:28:04,588 - MOT - INFO - MTCNN detect face cost time : 0.25 s -  MainThread - 6152 
2022-04-17 03:28:04,869 - MOT - INFO - MTCNN detect face cost time : 0.266 s -  MainThread - 6152 
2022-04-17 03:28:05,135 - MOT - INFO - MTCNN detect face cost time : 0.249 s -  MainThread - 6152 
2022-04-17 03:28:05,399 - MOT - INFO - MTCNN detect face cost time : 0.248 s -  MainThread - 6152 
2022-04-17 03:28:05,665 - MOT - INFO - MTCNN detect face cost time : 0.25 s -  MainThread - 6152 
2022-04-17 03:28:05,914 - MOT - INFO - MTCNN detect face cost time : 0.234 s -  MainThread - 6152 
2022-04-17 03:28:06,188 - MOT - INFO - MTCNN detect face cost time : 0.242 s -  MainThread - 6152 
2022-04-17 03:28:06,454 - MOT - INFO - MTCNN detect face cost time : 0.25 s -  MainThread - 6152 
2022-04-17 03:28:06,721 - MOT - INFO - MTCNN detect face cost time : 0.252 s -  MainThread - 6152 
2022-04-17 03:28:06,968 - MOT - INFO - MTCNN detect face cost time : 0.238 s -  MainThread - 6152 
2022-04-17 03:28:07,245 - MOT - INFO - MTCNN detect face cost time : 0.245 s -  MainThread - 6152 
2022-04-17 03:28:07,511 - MOT - INFO - MTCNN detect face cost time : 0.25 s -  MainThread - 6152 
2022-04-17 03:28:07,776 - MOT - INFO - MTCNN detect face cost time : 0.25 s -  MainThread - 6152 
2022-04-17 03:28:08,043 - MOT - INFO - MTCNN detect face cost time : 0.251 s -  MainThread - 6152 
2022-04-17 03:28:08,301 - MOT - INFO - MTCNN detect face cost time : 0.242 s -  MainThread - 6152 
2022-04-17 03:28:08,566 - MOT - INFO - MTCNN detect face cost time : 0.249 s -  MainThread - 6152 
2022-04-17 03:28:08,819 - MOT - INFO - MTCNN detect face cost time : 0.237 s -  MainThread - 6152 
2022-04-17 03:28:09,072 - MOT - INFO - MTCNN detect face cost time : 0.236 s -  MainThread - 6152 
2022-04-17 03:28:09,333 - MOT - INFO - MTCNN detect face cost time : 0.246 s -  MainThread - 6152 
2022-04-17 03:28:09,599 - MOT - INFO - MTCNN detect face cost time : 0.249 s -  MainThread - 6152 
2022-04-17 03:28:09,849 - MOT - INFO - MTCNN detect face cost time : 0.234 s -  MainThread - 6152 
2022-04-17 03:28:10,115 - MOT - INFO - MTCNN detect face cost time : 0.234 s -  MainThread - 6152 
2022-04-17 03:28:10,396 - MOT - INFO - MTCNN detect face cost time : 0.249 s -  MainThread - 6152 
2022-04-17 03:28:10,677 - MOT - INFO - MTCNN detect face cost time : 0.266 s -  MainThread - 6152 
2022-04-17 03:28:10,958 - MOT - INFO - MTCNN detect face cost time : 0.266 s -  MainThread - 6152 
2022-04-17 03:28:11,224 - MOT - INFO - MTCNN detect face cost time : 0.25 s -  MainThread - 6152 
2022-04-17 03:28:11,489 - MOT - INFO - MTCNN detect face cost time : 0.249 s -  MainThread - 6152 
2022-04-17 03:28:11,739 - MOT - INFO - MTCNN detect face cost time : 0.234 s -  MainThread - 6152 
2022-04-17 03:28:12,020 - MOT - INFO - MTCNN detect face cost time : 0.249 s -  MainThread - 6152 
2022-04-17 03:28:12,272 - MOT - INFO - MTCNN detect face cost time : 0.236 s -  MainThread - 6152 
2022-04-17 03:28:12,537 - MOT - INFO - MTCNN detect face cost time : 0.249 s -  MainThread - 6152 
2022-04-17 03:28:12,787 - MOT - INFO - MTCNN detect face cost time : 0.234 s -  MainThread - 6152 
2022-04-17 03:28:13,072 - MOT - INFO - MTCNN detect face cost time : 0.253 s -  MainThread - 6152 
2022-04-17 03:28:13,322 - MOT - INFO - MTCNN detect face cost time : 0.234 s -  MainThread - 6152 
2022-04-17 03:28:13,603 - MOT - INFO - MTCNN detect face cost time : 0.249 s -  MainThread - 6152 
2022-04-17 03:28:13,853 - MOT - INFO - MTCNN detect face cost time : 0.234 s -  MainThread - 6152 
2022-04-17 03:28:14,103 - MOT - INFO - MTCNN detect face cost time : 0.234 s -  MainThread - 6152 
2022-04-17 03:28:14,374 - MOT - INFO - MTCNN detect face cost time : 0.239 s -  MainThread - 6152 
2022-04-17 03:28:14,671 - MOT - INFO - MTCNN detect face cost time : 0.265 s -  MainThread - 6152 
2022-04-17 03:28:14,947 - MOT - INFO - MTCNN detect face cost time : 0.26 s -  MainThread - 6152 
2022-04-17 03:28:15,212 - MOT - INFO - MTCNN detect face cost time : 0.25 s -  MainThread - 6152 
2022-04-17 03:28:15,510 - MOT - INFO - MTCNN detect face cost time : 0.266 s -  MainThread - 6152 
2022-04-17 03:28:15,791 - MOT - INFO - MTCNN detect face cost time : 0.266 s -  MainThread - 6152 
2022-04-17 03:28:16,057 - MOT - INFO - MTCNN detect face cost time : 0.25 s -  MainThread - 6152 
2022-04-17 03:28:16,360 - MOT - INFO - MTCNN detect face cost time : 0.271 s -  MainThread - 6152 
2022-04-17 03:28:16,647 - MOT - INFO - MTCNN detect face cost time : 0.271 s -  MainThread - 6152 
2022-04-17 03:28:16,935 - MOT - INFO - MTCNN detect face cost time : 0.272 s -  MainThread - 6152 
2022-04-17 03:28:17,216 - MOT - INFO - MTCNN detect face cost time : 0.265 s -  MainThread - 6152 
2022-04-17 03:28:17,513 - MOT - INFO - MTCNN detect face cost time : 0.265 s -  MainThread - 6152 
2022-04-17 03:28:17,810 - MOT - INFO - MTCNN detect face cost time : 0.266 s -  MainThread - 6152 
2022-04-17 03:28:18,122 - MOT - INFO - MTCNN detect face cost time : 0.281 s -  MainThread - 6152 
2022-04-17 03:28:18,399 - MOT - INFO - MTCNN detect face cost time : 0.261 s -  MainThread - 6152 
2022-04-17 03:28:18,711 - MOT - INFO - MTCNN detect face cost time : 0.281 s -  MainThread - 6152 
2022-04-17 03:28:18,994 - MOT - INFO - MTCNN detect face cost time : 0.267 s -  MainThread - 6152 
2022-04-17 03:28:19,322 - MOT - INFO - MTCNN detect face cost time : 0.297 s -  MainThread - 6152 
2022-04-17 03:28:19,618 - MOT - INFO - MTCNN detect face cost time : 0.281 s -  MainThread - 6152 
2022-04-17 03:28:19,931 - MOT - INFO - MTCNN detect face cost time : 0.281 s -  MainThread - 6152 
2022-04-17 03:28:20,228 - MOT - INFO - MTCNN detect face cost time : 0.281 s -  MainThread - 6152 
2022-04-17 03:28:20,528 - MOT - INFO - MTCNN detect face cost time : 0.284 s -  MainThread - 6152 
2022-04-17 03:28:20,825 - MOT - INFO - MTCNN detect face cost time : 0.281 s -  MainThread - 6152 
2022-04-17 03:28:21,122 - MOT - INFO - MTCNN detect face cost time : 0.281 s -  MainThread - 6152 
2022-04-17 03:28:21,403 - MOT - INFO - MTCNN detect face cost time : 0.265 s -  MainThread - 6152 
2022-04-17 03:28:21,715 - MOT - INFO - MTCNN detect face cost time : 0.281 s -  MainThread - 6152 
2022-04-17 03:28:22,028 - MOT - INFO - MTCNN detect face cost time : 0.281 s -  MainThread - 6152 
2022-04-17 03:28:22,309 - MOT - INFO - MTCNN detect face cost time : 0.265 s -  MainThread - 6152 
2022-04-17 03:28:22,606 - MOT - INFO - MTCNN detect face cost time : 0.265 s -  MainThread - 6152 
2022-04-17 03:28:23,136 - MOT - INFO - MTCNN detect face cost time : 0.28 s -  MainThread - 6152 
2022-04-17 03:28:23,417 - MOT - INFO - MTCNN detect face cost time : 0.265 s -  MainThread - 6152 
2022-04-17 03:28:23,703 - MOT - INFO - MTCNN detect face cost time : 0.27 s -  MainThread - 6152 
2022-04-17 03:28:23,703 - MOT - INFO - new Tracker: 4 -  MainThread - 6152 
2022-04-17 03:28:23,969 - MOT - INFO - MTCNN detect face cost time : 0.25 s -  MainThread - 6152 
2022-04-17 03:28:23,984 - MOT - INFO - remove tracker: 4 -  MainThread - 6152 
2022-04-17 03:28:24,250 - MOT - INFO - MTCNN detect face cost time : 0.266 s -  MainThread - 6152 
2022-04-17 03:28:24,524 - MOT - INFO - MTCNN detect face cost time : 0.259 s -  MainThread - 6152 
2022-04-17 03:28:24,806 - MOT - INFO - MTCNN detect face cost time : 0.266 s -  MainThread - 6152 
2022-04-17 03:28:25,087 - MOT - INFO - MTCNN detect face cost time : 0.266 s -  MainThread - 6152 
2022-04-17 03:28:25,352 - MOT - INFO - MTCNN detect face cost time : 0.249 s -  MainThread - 6152 
2022-04-17 03:28:25,633 - MOT - INFO - MTCNN detect face cost time : 0.25 s -  MainThread - 6152 
2022-04-17 03:28:25,907 - MOT - INFO - MTCNN detect face cost time : 0.258 s -  MainThread - 6152 
2022-04-17 03:28:26,172 - MOT - INFO - MTCNN detect face cost time : 0.249 s -  MainThread - 6152 
2022-04-17 03:28:26,438 - MOT - INFO - MTCNN detect face cost time : 0.25 s -  MainThread - 6152 
2022-04-17 03:28:26,719 - MOT - INFO - MTCNN detect face cost time : 0.266 s -  MainThread - 6152 
2022-04-17 03:28:26,993 - MOT - INFO - MTCNN detect face cost time : 0.259 s -  MainThread - 6152 
2022-04-17 03:28:27,259 - MOT - INFO - MTCNN detect face cost time : 0.249 s -  MainThread - 6152 
2022-04-17 03:28:27,540 - MOT - INFO - MTCNN detect face cost time : 0.249 s -  MainThread - 6152 
2022-04-17 03:28:27,837 - MOT - INFO - MTCNN detect face cost time : 0.266 s -  MainThread - 6152 
2022-04-17 03:28:28,112 - MOT - INFO - MTCNN detect face cost time : 0.259 s -  MainThread - 6152 
2022-04-17 03:28:28,382 - MOT - INFO - MTCNN detect face cost time : 0.253 s -  MainThread - 6152 
2022-04-17 03:28:28,663 - MOT - INFO - MTCNN detect face cost time : 0.265 s -  MainThread - 6152 
2022-04-17 03:28:28,944 - MOT - INFO - MTCNN detect face cost time : 0.25 s -  MainThread - 6152 
2022-04-17 03:28:29,209 - MOT - INFO - MTCNN detect face cost time : 0.25 s -  MainThread - 6152 
2022-04-17 03:28:29,491 - MOT - INFO - MTCNN detect face cost time : 0.25 s -  MainThread - 6152 
2022-04-17 03:28:29,772 - MOT - INFO - MTCNN detect face cost time : 0.265 s -  MainThread - 6152 
2022-04-17 03:28:30,037 - MOT - INFO - MTCNN detect face cost time : 0.25 s -  MainThread - 6152 
2022-04-17 03:28:30,303 - MOT - INFO - MTCNN detect face cost time : 0.25 s -  MainThread - 6152 
2022-04-17 03:28:30,576 - MOT - INFO - MTCNN detect face cost time : 0.257 s -  MainThread - 6152 
2022-04-17 03:28:30,857 - MOT - INFO - MTCNN detect face cost time : 0.25 s -  MainThread - 6152 
2022-04-17 03:28:31,154 - MOT - INFO - MTCNN detect face cost time : 0.281 s -  MainThread - 6152 
2022-04-17 03:28:31,420 - MOT - INFO - MTCNN detect face cost time : 0.251 s -  MainThread - 6152 
2022-04-17 03:28:31,702 - MOT - INFO - MTCNN detect face cost time : 0.266 s -  MainThread - 6152 
2022-04-17 03:28:31,967 - MOT - INFO - MTCNN detect face cost time : 0.25 s -  MainThread - 6152 
2022-04-17 03:28:32,233 - MOT - INFO - MTCNN detect face cost time : 0.25 s -  MainThread - 6152 
2022-04-17 03:28:32,514 - MOT - INFO - MTCNN detect face cost time : 0.249 s -  MainThread - 6152 
2022-04-17 03:28:32,842 - MOT - INFO - MTCNN detect face cost time : 0.312 s -  MainThread - 6152 
2022-04-17 03:28:33,123 - MOT - INFO - MTCNN detect face cost time : 0.266 s -  MainThread - 6152 
2022-04-17 03:28:33,404 - MOT - INFO - MTCNN detect face cost time : 0.265 s -  MainThread - 6152 
2022-04-17 03:28:33,670 - MOT - INFO - MTCNN detect face cost time : 0.25 s -  MainThread - 6152 
2022-04-17 03:28:33,951 - MOT - INFO - MTCNN detect face cost time : 0.25 s -  MainThread - 6152 
2022-04-17 03:28:34,248 - MOT - INFO - MTCNN detect face cost time : 0.281 s -  MainThread - 6152 
2022-04-17 03:28:34,513 - MOT - INFO - MTCNN detect face cost time : 0.249 s -  MainThread - 6152 
2022-04-17 03:28:34,779 - MOT - INFO - MTCNN detect face cost time : 0.25 s -  MainThread - 6152 
2022-04-17 03:28:35,060 - MOT - INFO - MTCNN detect face cost time : 0.266 s -  MainThread - 6152 
2022-04-17 03:28:35,326 - MOT - INFO - MTCNN detect face cost time : 0.249 s -  MainThread - 6152 
2022-04-17 03:28:35,591 - MOT - INFO - MTCNN detect face cost time : 0.25 s -  MainThread - 6152 
2022-04-17 03:28:35,873 - MOT - INFO - MTCNN detect face cost time : 0.25 s -  MainThread - 6152 
2022-04-17 03:28:36,154 - MOT - INFO - MTCNN detect face cost time : 0.25 s -  MainThread - 6152 
2022-04-17 03:28:36,414 - MOT - INFO - MTCNN detect face cost time : 0.245 s -  MainThread - 6152 
2022-04-17 03:28:36,711 - MOT - INFO - MTCNN detect face cost time : 0.265 s -  MainThread - 6152 
2022-04-17 03:28:36,988 - MOT - INFO - MTCNN detect face cost time : 0.262 s -  MainThread - 6152 
2022-04-17 03:28:37,254 - MOT - INFO - MTCNN detect face cost time : 0.25 s -  MainThread - 6152 
2022-04-17 03:28:37,535 - MOT - INFO - MTCNN detect face cost time : 0.25 s -  MainThread - 6152 
2022-04-17 03:28:37,832 - MOT - INFO - MTCNN detect face cost time : 0.265 s -  MainThread - 6152 
2022-04-17 03:28:38,113 - MOT - INFO - MTCNN detect face cost time : 0.266 s -  MainThread - 6152 
2022-04-17 03:28:38,398 - MOT - INFO - MTCNN detect face cost time : 0.269 s -  MainThread - 6152 
2022-04-17 03:28:38,671 - MOT - INFO - MTCNN detect face cost time : 0.257 s -  MainThread - 6152 
2022-04-17 03:28:38,952 - MOT - INFO - MTCNN detect face cost time : 0.266 s -  MainThread - 6152 
2022-04-17 03:28:39,233 - MOT - INFO - MTCNN detect face cost time : 0.265 s -  MainThread - 6152 
2022-04-17 03:28:39,514 - MOT - INFO - MTCNN detect face cost time : 0.266 s -  MainThread - 6152 
2022-04-17 03:28:39,827 - MOT - INFO - MTCNN detect face cost time : 0.281 s -  MainThread - 6152 
2022-04-17 03:28:40,123 - MOT - INFO - MTCNN detect face cost time : 0.281 s -  MainThread - 6152 
2022-04-17 03:28:40,420 - MOT - INFO - MTCNN detect face cost time : 0.281 s -  MainThread - 6152 
2022-04-17 03:28:40,717 - MOT - INFO - MTCNN detect face cost time : 0.281 s -  MainThread - 6152 
2022-04-17 03:28:41,017 - MOT - INFO - MTCNN detect face cost time : 0.284 s -  MainThread - 6152 
2022-04-17 03:28:41,329 - MOT - INFO - MTCNN detect face cost time : 0.297 s -  MainThread - 6152 
2022-04-17 03:28:41,626 - MOT - INFO - MTCNN detect face cost time : 0.281 s -  MainThread - 6152 
2022-04-17 03:28:41,923 - MOT - INFO - MTCNN detect face cost time : 0.282 s -  MainThread - 6152 
2022-04-17 03:28:42,220 - MOT - INFO - MTCNN detect face cost time : 0.281 s -  MainThread - 6152 
2022-04-17 03:28:42,525 - MOT - INFO - MTCNN detect face cost time : 0.288 s -  MainThread - 6152 
2022-04-17 03:28:42,853 - MOT - INFO - MTCNN detect face cost time : 0.312 s -  MainThread - 6152 
2022-04-17 03:28:43,165 - MOT - INFO - MTCNN detect face cost time : 0.297 s -  MainThread - 6152 
2022-04-17 03:28:43,470 - MOT - INFO - MTCNN detect face cost time : 0.29 s -  MainThread - 6152 
2022-04-17 03:28:43,774 - MOT - INFO - MTCNN detect face cost time : 0.288 s -  MainThread - 6152 
2022-04-17 03:28:44,102 - MOT - INFO - MTCNN detect face cost time : 0.297 s -  MainThread - 6152 
2022-04-17 03:28:44,415 - MOT - INFO - MTCNN detect face cost time : 0.297 s -  MainThread - 6152 
2022-04-17 03:28:44,711 - MOT - INFO - MTCNN detect face cost time : 0.281 s -  MainThread - 6152 
2022-04-17 03:28:45,008 - MOT - INFO - MTCNN detect face cost time : 0.297 s -  MainThread - 6152 
2022-04-17 03:28:45,306 - MOT - INFO - MTCNN detect face cost time : 0.282 s -  MainThread - 6152 
2022-04-17 03:28:45,602 - MOT - INFO - MTCNN detect face cost time : 0.281 s -  MainThread - 6152 
2022-04-17 03:28:45,884 - MOT - INFO - MTCNN detect face cost time : 0.265 s -  MainThread - 6152 
2022-04-17 03:28:46,157 - MOT - INFO - MTCNN detect face cost time : 0.258 s -  MainThread - 6152 
2022-04-17 03:28:46,423 - MOT - INFO - MTCNN detect face cost time : 0.25 s -  MainThread - 6152 
2022-04-17 03:28:46,721 - MOT - INFO - MTCNN detect face cost time : 0.267 s -  MainThread - 6152 
2022-04-17 03:28:46,987 - MOT - INFO - MTCNN detect face cost time : 0.266 s -  MainThread - 6152 
2022-04-17 03:28:47,268 - MOT - INFO - MTCNN detect face cost time : 0.265 s -  MainThread - 6152 
2022-04-17 03:28:47,534 - MOT - INFO - MTCNN detect face cost time : 0.249 s -  MainThread - 6152 
2022-04-17 03:28:47,815 - MOT - INFO - MTCNN detect face cost time : 0.265 s -  MainThread - 6152 
2022-04-17 03:28:48,080 - MOT - INFO - MTCNN detect face cost time : 0.25 s -  MainThread - 6152 
2022-04-17 03:28:48,361 - MOT - INFO - MTCNN detect face cost time : 0.249 s -  MainThread - 6152 
2022-04-17 03:28:49,346 - MOT - INFO - MTCNN detect face cost time : 0.25 s -  MainThread - 6152 
2022-04-17 03:28:49,611 - MOT - INFO - MTCNN detect face cost time : 0.25 s -  MainThread - 6152 
2022-04-17 03:28:49,877 - MOT - INFO - MTCNN detect face cost time : 0.25 s -  MainThread - 6152 
2022-04-17 03:28:50,152 - MOT - INFO - MTCNN detect face cost time : 0.259 s -  MainThread - 6152 
2022-04-17 03:28:50,417 - MOT - INFO - MTCNN detect face cost time : 0.249 s -  MainThread - 6152 
2022-04-17 03:28:50,683 - MOT - INFO - MTCNN detect face cost time : 0.25 s -  MainThread - 6152 
2022-04-17 03:28:50,948 - MOT - INFO - MTCNN detect face cost time : 0.25 s -  MainThread - 6152 
2022-04-17 03:28:50,948 - MOT - INFO - new Tracker: 5 -  MainThread - 6152 
2022-04-17 03:28:51,220 - MOT - INFO - MTCNN detect face cost time : 0.256 s -  MainThread - 6152 
2022-04-17 03:28:51,220 - MOT - INFO - remove tracker: 5 -  MainThread - 6152 
2022-04-17 03:28:51,486 - MOT - INFO - MTCNN detect face cost time : 0.25 s -  MainThread - 6152 
2022-04-17 03:28:51,751 - MOT - INFO - MTCNN detect face cost time : 0.249 s -  MainThread - 6152 
2022-04-17 03:28:52,033 - MOT - INFO - MTCNN detect face cost time : 0.266 s -  MainThread - 6152 
2022-04-17 03:28:52,293 - MOT - INFO - MTCNN detect face cost time : 0.251 s -  MainThread - 6152 
2022-04-17 03:28:52,293 - MOT - INFO - new Tracker: 6 -  MainThread - 6152 
2022-04-17 03:28:52,543 - MOT - INFO - MTCNN detect face cost time : 0.25 s -  MainThread - 6152 
2022-04-17 03:28:53,090 - MOT - INFO - MTCNN detect face cost time : 0.25 s -  MainThread - 6152 
2022-04-17 03:28:53,105 - MOT - INFO - remove tracker: 6 -  MainThread - 6152 
2022-04-17 03:28:53,371 - MOT - INFO - MTCNN detect face cost time : 0.266 s -  MainThread - 6152 
2022-04-17 03:28:53,646 - MOT - INFO - MTCNN detect face cost time : 0.259 s -  MainThread - 6152 
2022-04-17 03:28:53,911 - MOT - INFO - MTCNN detect face cost time : 0.25 s -  MainThread - 6152 
2022-04-17 03:28:54,192 - MOT - INFO - MTCNN detect face cost time : 0.266 s -  MainThread - 6152 
2022-04-17 03:28:54,482 - MOT - INFO - MTCNN detect face cost time : 0.257 s -  MainThread - 6152 
2022-04-17 03:28:54,754 - MOT - INFO - MTCNN detect face cost time : 0.256 s -  MainThread - 6152 
2022-04-17 03:28:55,035 - MOT - INFO - MTCNN detect face cost time : 0.266 s -  MainThread - 6152 
2022-04-17 03:28:55,304 - MOT - INFO - MTCNN detect face cost time : 0.253 s -  MainThread - 6152 
2022-04-17 03:28:55,606 - MOT - INFO - MTCNN detect face cost time : 0.269 s -  MainThread - 6152 
2022-04-17 03:28:55,880 - MOT - INFO - MTCNN detect face cost time : 0.258 s -  MainThread - 6152 
2022-04-17 03:28:56,192 - MOT - INFO - MTCNN detect face cost time : 0.281 s -  MainThread - 6152 
2022-04-17 03:28:56,192 - MOT - INFO - new Tracker: 7 -  MainThread - 6152 
2022-04-17 03:28:56,474 - MOT - INFO - MTCNN detect face cost time : 0.281 s -  MainThread - 6152 
2022-04-17 03:28:56,745 - MOT - INFO - MTCNN detect face cost time : 0.255 s -  MainThread - 6152 
2022-04-17 03:28:57,061 - MOT - INFO - MTCNN detect face cost time : 0.285 s -  MainThread - 6152 
2022-04-17 03:28:57,063 - MOT - INFO - remove tracker: 7 -  MainThread - 6152 
2022-04-17 03:28:57,345 - MOT - INFO - MTCNN detect face cost time : 0.281 s -  MainThread - 6152 
2022-04-17 03:28:57,345 - MOT - INFO - new Tracker: 8 -  MainThread - 6152 
2022-04-17 03:28:57,624 - MOT - INFO - MTCNN detect face cost time : 0.279 s -  MainThread - 6152 
2022-04-17 03:28:57,921 - MOT - INFO - MTCNN detect face cost time : 0.281 s -  MainThread - 6152 
2022-04-17 03:28:58,202 - MOT - INFO - MTCNN detect face cost time : 0.266 s -  MainThread - 6152 
2022-04-17 03:28:58,499 - MOT - INFO - MTCNN detect face cost time : 0.265 s -  MainThread - 6152 
2022-04-17 03:28:58,499 - MOT - INFO - remove tracker: 8 -  MainThread - 6152 
2022-04-17 03:28:58,796 - MOT - INFO - MTCNN detect face cost time : 0.297 s -  MainThread - 6152 
2022-04-17 03:28:59,077 - MOT - INFO - MTCNN detect face cost time : 0.266 s -  MainThread - 6152 
2022-04-17 03:28:59,334 - MOT - INFO - MTCNN detect face cost time : 0.257 s -  MainThread - 6152 
2022-04-17 03:28:59,615 - MOT - INFO - MTCNN detect face cost time : 0.266 s -  MainThread - 6152 
2022-04-17 03:28:59,615 - MOT - INFO - new Tracker: 9 -  MainThread - 6152 
2022-04-17 03:28:59,880 - MOT - INFO - MTCNN detect face cost time : 0.266 s -  MainThread - 6152 
2022-04-17 03:29:00,162 - MOT - INFO - MTCNN detect face cost time : 0.266 s -  MainThread - 6152 
2022-04-17 03:29:00,165 - MOT - INFO - remove tracker: 9 -  MainThread - 6152 
2022-04-17 03:29:00,415 - MOT - INFO - MTCNN detect face cost time : 0.25 s -  MainThread - 6152 
2022-04-17 03:29:00,696 - MOT - INFO - MTCNN detect face cost time : 0.249 s -  MainThread - 6152 
2022-04-17 03:29:01,008 - MOT - INFO - MTCNN detect face cost time : 0.281 s -  MainThread - 6152 
2022-04-17 03:29:01,321 - MOT - INFO - MTCNN detect face cost time : 0.281 s -  MainThread - 6152 
2022-04-17 03:29:01,631 - MOT - INFO - MTCNN detect face cost time : 0.278 s -  MainThread - 6152 
2022-04-17 03:29:01,912 - MOT - INFO - MTCNN detect face cost time : 0.266 s -  MainThread - 6152 
2022-04-17 03:29:02,193 - MOT - INFO - MTCNN detect face cost time : 0.266 s -  MainThread - 6152 
2022-04-17 03:29:02,470 - MOT - INFO - MTCNN detect face cost time : 0.253 s -  MainThread - 6152 
2022-04-17 03:29:02,758 - MOT - INFO - MTCNN detect face cost time : 0.273 s -  MainThread - 6152 
2022-04-17 03:29:03,039 - MOT - INFO - MTCNN detect face cost time : 0.265 s -  MainThread - 6152 
2022-04-17 03:29:03,326 - MOT - INFO - MTCNN detect face cost time : 0.256 s -  MainThread - 6152 
2022-04-17 03:29:03,607 - MOT - INFO - MTCNN detect face cost time : 0.265 s -  MainThread - 6152 
2022-04-17 03:29:03,888 - MOT - INFO - MTCNN detect face cost time : 0.265 s -  MainThread - 6152 
2022-04-17 03:29:04,170 - MOT - INFO - MTCNN detect face cost time : 0.266 s -  MainThread - 6152 
2022-04-17 03:29:04,170 - MOT - INFO - new Tracker: 10 -  MainThread - 6152 
2022-04-17 03:29:04,461 - MOT - INFO - MTCNN detect face cost time : 0.26 s -  MainThread - 6152 
2022-04-17 03:29:04,461 - MOT - INFO - remove tracker: 10 -  MainThread - 6152 
2022-04-17 03:29:04,711 - MOT - INFO - MTCNN detect face cost time : 0.25 s -  MainThread - 6152 
2022-04-17 03:29:04,993 - MOT - INFO - MTCNN detect face cost time : 0.25 s -  MainThread - 6152 
2022-04-17 03:29:05,258 - MOT - INFO - MTCNN detect face cost time : 0.25 s -  MainThread - 6152 
2022-04-17 03:29:05,524 - MOT - INFO - MTCNN detect face cost time : 0.266 s -  MainThread - 6152 
2022-04-17 03:29:05,792 - MOT - INFO - MTCNN detect face cost time : 0.252 s -  MainThread - 6152 
2022-04-17 03:29:06,089 - MOT - INFO - MTCNN detect face cost time : 0.281 s -  MainThread - 6152 
2022-04-17 03:29:06,354 - MOT - INFO - MTCNN detect face cost time : 0.25 s -  MainThread - 6152 
2022-04-17 03:29:06,620 - MOT - INFO - MTCNN detect face cost time : 0.249 s -  MainThread - 6152 
2022-04-17 03:29:06,901 - MOT - INFO - MTCNN detect face cost time : 0.25 s -  MainThread - 6152 
2022-04-17 03:29:07,182 - MOT - INFO - MTCNN detect face cost time : 0.25 s -  MainThread - 6152 
2022-04-17 03:29:07,479 - MOT - INFO - MTCNN detect face cost time : 0.265 s -  MainThread - 6152 
2022-04-17 03:29:07,764 - MOT - INFO - MTCNN detect face cost time : 0.27 s -  MainThread - 6152 
2022-04-17 03:29:08,061 - MOT - INFO - MTCNN detect face cost time : 0.265 s -  MainThread - 6152 
2022-04-17 03:29:08,342 - MOT - INFO - MTCNN detect face cost time : 0.266 s -  MainThread - 6152 
2022-04-17 03:29:08,610 - MOT - INFO - MTCNN detect face cost time : 0.268 s -  MainThread - 6152 
2022-04-17 03:29:08,907 - MOT - INFO - MTCNN detect face cost time : 0.281 s -  MainThread - 6152 
2022-04-17 03:29:09,204 - MOT - INFO - MTCNN detect face cost time : 0.266 s -  MainThread - 6152 
2022-04-17 03:29:09,470 - MOT - INFO - MTCNN detect face cost time : 0.25 s -  MainThread - 6152 
2022-04-17 03:29:09,751 - MOT - INFO - MTCNN detect face cost time : 0.25 s -  MainThread - 6152 
2022-04-17 03:29:10,048 - MOT - INFO - MTCNN detect face cost time : 0.265 s -  MainThread - 6152 
2022-04-17 03:29:10,313 - MOT - INFO - MTCNN detect face cost time : 0.25 s -  MainThread - 6152 
2022-04-17 03:29:10,610 - MOT - INFO - MTCNN detect face cost time : 0.265 s -  MainThread - 6152 
2022-04-17 03:29:10,876 - MOT - INFO - MTCNN detect face cost time : 0.25 s -  MainThread - 6152 
2022-04-17 03:29:11,172 - MOT - INFO - MTCNN detect face cost time : 0.266 s -  MainThread - 6152 
2022-04-17 03:29:11,454 - MOT - INFO - MTCNN detect face cost time : 0.265 s -  MainThread - 6152 
2022-04-17 03:29:11,735 - MOT - INFO - MTCNN detect face cost time : 0.265 s -  MainThread - 6152 
2022-04-17 03:29:12,016 - MOT - INFO - MTCNN detect face cost time : 0.265 s -  MainThread - 6152 
2022-04-17 03:29:12,313 - MOT - INFO - MTCNN detect face cost time : 0.266 s -  MainThread - 6152 
2022-04-17 03:29:12,586 - MOT - INFO - MTCNN detect face cost time : 0.258 s -  MainThread - 6152 
2022-04-17 03:29:12,868 - MOT - INFO - MTCNN detect face cost time : 0.266 s -  MainThread - 6152 
2022-04-17 03:29:13,149 - MOT - INFO - MTCNN detect face cost time : 0.266 s -  MainThread - 6152 
2022-04-17 03:29:13,430 - MOT - INFO - MTCNN detect face cost time : 0.266 s -  MainThread - 6152 
2022-04-17 03:29:13,696 - MOT - INFO - MTCNN detect face cost time : 0.25 s -  MainThread - 6152 
2022-04-17 03:29:13,993 - MOT - INFO - MTCNN detect face cost time : 0.265 s -  MainThread - 6152 
2022-04-17 03:29:14,274 - MOT - INFO - MTCNN detect face cost time : 0.266 s -  MainThread - 6152 
2022-04-17 03:29:15,485 - MOT - INFO - MTCNN detect face cost time : 0.25 s -  MainThread - 6152 
2022-04-17 03:29:15,805 - MOT - INFO - MTCNN detect face cost time : 0.289 s -  MainThread - 6152 
2022-04-17 03:29:16,064 - MOT - INFO - MTCNN detect face cost time : 0.25 s -  MainThread - 6152 
2022-04-17 03:29:16,360 - MOT - INFO - MTCNN detect face cost time : 0.266 s -  MainThread - 6152 
2022-04-17 03:29:16,626 - MOT - INFO - MTCNN detect face cost time : 0.249 s -  MainThread - 6152 
2022-04-17 03:29:16,892 - MOT - INFO - MTCNN detect face cost time : 0.25 s -  MainThread - 6152 
2022-04-17 03:29:17,188 - MOT - INFO - MTCNN detect face cost time : 0.265 s -  MainThread - 6152 
2022-04-17 03:29:17,468 - MOT - INFO - MTCNN detect face cost time : 0.264 s -  MainThread - 6152 
2022-04-17 03:29:17,733 - MOT - INFO - MTCNN detect face cost time : 0.25 s -  MainThread - 6152 
2022-04-17 03:29:18,014 - MOT - INFO - MTCNN detect face cost time : 0.25 s -  MainThread - 6152 
2022-04-17 03:29:18,311 - MOT - INFO - MTCNN detect face cost time : 0.265 s -  MainThread - 6152 
2022-04-17 03:29:18,578 - MOT - INFO - MTCNN detect face cost time : 0.252 s -  MainThread - 6152 
2022-04-17 03:29:18,860 - MOT - INFO - MTCNN detect face cost time : 0.249 s -  MainThread - 6152 
2022-04-17 03:29:19,147 - MOT - INFO - MTCNN detect face cost time : 0.256 s -  MainThread - 6152 
2022-04-17 03:29:19,429 - MOT - INFO - MTCNN detect face cost time : 0.281 s -  MainThread - 6152 
2022-04-17 03:29:19,705 - MOT - INFO - MTCNN detect face cost time : 0.261 s -  MainThread - 6152 
2022-04-17 03:29:19,978 - MOT - INFO - MTCNN detect face cost time : 0.257 s -  MainThread - 6152 
2022-04-17 03:29:20,259 - MOT - INFO - MTCNN detect face cost time : 0.266 s -  MainThread - 6152 
2022-04-17 03:29:20,540 - MOT - INFO - MTCNN detect face cost time : 0.266 s -  MainThread - 6152 
2022-04-17 03:29:20,808 - MOT - INFO - MTCNN detect face cost time : 0.252 s -  MainThread - 6152 
2022-04-17 03:29:21,089 - MOT - INFO - MTCNN detect face cost time : 0.25 s -  MainThread - 6152 
2022-04-17 03:29:21,828 - MOT - INFO - MTCNN detect face cost time : 0.265 s -  MainThread - 6152 
2022-04-17 03:29:22,093 - MOT - INFO - MTCNN detect face cost time : 0.25 s -  MainThread - 6152 
2022-04-17 03:29:22,093 - MOT - INFO - new Tracker: 11 -  MainThread - 6152 
2022-04-17 03:29:22,374 - MOT - INFO - MTCNN detect face cost time : 0.266 s -  MainThread - 6152 
2022-04-17 03:29:22,374 - MOT - INFO - remove tracker: 11 -  MainThread - 6152 
2022-04-17 03:29:22,640 - MOT - INFO - MTCNN detect face cost time : 0.25 s -  MainThread - 6152 
2022-04-17 03:29:22,906 - MOT - INFO - MTCNN detect face cost time : 0.25 s -  MainThread - 6152 
2022-04-17 03:29:23,171 - MOT - INFO - MTCNN detect face cost time : 0.249 s -  MainThread - 6152 
2022-04-17 03:29:23,437 - MOT - INFO - MTCNN detect face cost time : 0.25 s -  MainThread - 6152 
2022-04-17 03:29:23,720 - MOT - INFO - MTCNN detect face cost time : 0.251 s -  MainThread - 6152 
2022-04-17 03:29:23,989 - MOT - INFO - MTCNN detect face cost time : 0.253 s -  MainThread - 6152 
2022-04-17 03:29:24,256 - MOT - INFO - MTCNN detect face cost time : 0.249 s -  MainThread - 6152 
2022-04-17 03:29:24,531 - MOT - INFO - MTCNN detect face cost time : 0.244 s -  MainThread - 6152 
2022-04-17 03:29:24,828 - MOT - INFO - MTCNN detect face cost time : 0.265 s -  MainThread - 6152 
2022-04-17 03:29:25,117 - MOT - INFO - MTCNN detect face cost time : 0.273 s -  MainThread - 6152 
2022-04-17 03:29:25,398 - MOT - INFO - MTCNN detect face cost time : 0.265 s -  MainThread - 6152 
2022-04-17 03:29:25,663 - MOT - INFO - MTCNN detect face cost time : 0.25 s -  MainThread - 6152 
2022-04-17 03:29:25,945 - MOT - INFO - MTCNN detect face cost time : 0.25 s -  MainThread - 6152 
2022-04-17 03:29:26,210 - MOT - INFO - MTCNN detect face cost time : 0.25 s -  MainThread - 6152 
2022-04-17 03:29:26,491 - MOT - INFO - MTCNN detect face cost time : 0.266 s -  MainThread - 6152 
2022-04-17 03:29:26,757 - MOT - INFO - MTCNN detect face cost time : 0.249 s -  MainThread - 6152 
2022-04-17 03:29:27,150 - MOT - INFO - MTCNN detect face cost time : 0.253 s -  MainThread - 6152 
2022-04-17 03:29:27,416 - MOT - INFO - MTCNN detect face cost time : 0.25 s -  MainThread - 6152 
2022-04-17 03:29:27,681 - MOT - INFO - MTCNN detect face cost time : 0.25 s -  MainThread - 6152 
2022-04-17 03:29:27,947 - MOT - INFO - MTCNN detect face cost time : 0.25 s -  MainThread - 6152 
2022-04-17 03:29:29,079 - MOT - INFO - MTCNN detect face cost time : 0.257 s -  MainThread - 6152 
2022-04-17 03:29:29,345 - MOT - INFO - MTCNN detect face cost time : 0.25 s -  MainThread - 6152 
2022-04-17 03:29:29,642 - MOT - INFO - MTCNN detect face cost time : 0.266 s -  MainThread - 6152 
2022-04-17 03:29:29,908 - MOT - INFO - MTCNN detect face cost time : 0.251 s -  MainThread - 6152 
2022-04-17 03:29:30,189 - MOT - INFO - MTCNN detect face cost time : 0.25 s -  MainThread - 6152 
2022-04-17 03:29:30,470 - MOT - INFO - MTCNN detect face cost time : 0.25 s -  MainThread - 6152 
2022-04-17 03:29:30,752 - MOT - INFO - MTCNN detect face cost time : 0.25 s -  MainThread - 6152 
2022-04-17 03:29:31,017 - MOT - INFO - MTCNN detect face cost time : 0.249 s -  MainThread - 6152 
2022-04-17 03:29:31,298 - MOT - INFO - MTCNN detect face cost time : 0.265 s -  MainThread - 6152 
2022-04-17 03:29:31,580 - MOT - INFO - MTCNN detect face cost time : 0.266 s -  MainThread - 6152 
2022-04-17 03:29:31,862 - MOT - INFO - MTCNN detect face cost time : 0.267 s -  MainThread - 6152 
2022-04-17 03:29:32,128 - MOT - INFO - MTCNN detect face cost time : 0.25 s -  MainThread - 6152 
2022-04-17 03:29:32,409 - MOT - INFO - MTCNN detect face cost time : 0.266 s -  MainThread - 6152 
2022-04-17 03:29:32,690 - MOT - INFO - MTCNN detect face cost time : 0.266 s -  MainThread - 6152 
2022-04-17 03:29:32,987 - MOT - INFO - MTCNN detect face cost time : 0.265 s -  MainThread - 6152 
2022-04-17 03:29:33,268 - MOT - INFO - MTCNN detect face cost time : 0.265 s -  MainThread - 6152 
2022-04-17 03:29:33,549 - MOT - INFO - MTCNN detect face cost time : 0.265 s -  MainThread - 6152 
2022-04-17 03:29:33,830 - MOT - INFO - MTCNN detect face cost time : 0.265 s -  MainThread - 6152 
2022-04-17 03:29:34,111 - MOT - INFO - MTCNN detect face cost time : 0.266 s -  MainThread - 6152 
2022-04-17 03:29:34,408 - MOT - INFO - MTCNN detect face cost time : 0.265 s -  MainThread - 6152 
2022-04-17 03:29:34,689 - MOT - INFO - MTCNN detect face cost time : 0.266 s -  MainThread - 6152 
2022-04-17 03:29:35,001 - MOT - INFO - MTCNN detect face cost time : 0.281 s -  MainThread - 6152 
2022-04-17 03:29:35,283 - MOT - INFO - MTCNN detect face cost time : 0.265 s -  MainThread - 6152 
2022-04-17 03:29:35,579 - MOT - INFO - MTCNN detect face cost time : 0.266 s -  MainThread - 6152 
2022-04-17 03:29:35,861 - MOT - INFO - MTCNN detect face cost time : 0.265 s -  MainThread - 6152 
2022-04-17 03:29:36,146 - MOT - INFO - MTCNN detect face cost time : 0.269 s -  MainThread - 6152 
2022-04-17 03:29:36,427 - MOT - INFO - MTCNN detect face cost time : 0.265 s -  MainThread - 6152 
2022-04-17 03:29:36,709 - MOT - INFO - MTCNN detect face cost time : 0.266 s -  MainThread - 6152 
2022-04-17 03:29:37,006 - MOT - INFO - MTCNN detect face cost time : 0.281 s -  MainThread - 6152 
2022-04-17 03:29:37,303 - MOT - INFO - MTCNN detect face cost time : 0.297 s -  MainThread - 6152 
2022-04-17 03:29:37,615 - MOT - INFO - MTCNN detect face cost time : 0.281 s -  MainThread - 6152 
2022-04-17 03:29:37,896 - MOT - INFO - MTCNN detect face cost time : 0.266 s -  MainThread - 6152 
2022-04-17 03:29:38,209 - MOT - INFO - MTCNN detect face cost time : 0.281 s -  MainThread - 6152 
2022-04-17 03:29:38,506 - MOT - INFO - MTCNN detect face cost time : 0.281 s -  MainThread - 6152 
2022-04-17 03:29:38,802 - MOT - INFO - MTCNN detect face cost time : 0.281 s -  MainThread - 6152 
2022-04-17 03:29:39,099 - MOT - INFO - MTCNN detect face cost time : 0.281 s -  MainThread - 6152 
2022-04-17 03:29:39,396 - MOT - INFO - MTCNN detect face cost time : 0.281 s -  MainThread - 6152 
2022-04-17 03:29:39,693 - MOT - INFO - MTCNN detect face cost time : 0.281 s -  MainThread - 6152 
2022-04-17 03:29:39,990 - MOT - INFO - MTCNN detect face cost time : 0.281 s -  MainThread - 6152 
2022-04-17 03:29:40,302 - MOT - INFO - MTCNN detect face cost time : 0.281 s -  MainThread - 6152 
2022-04-17 03:29:40,599 - MOT - INFO - MTCNN detect face cost time : 0.281 s -  MainThread - 6152 
2022-04-17 03:29:40,896 - MOT - INFO - MTCNN detect face cost time : 0.281 s -  MainThread - 6152 
2022-04-17 03:29:41,192 - MOT - INFO - MTCNN detect face cost time : 0.281 s -  MainThread - 6152 
2022-04-17 03:29:41,474 - MOT - INFO - MTCNN detect face cost time : 0.281 s -  MainThread - 6152 
2022-04-17 03:29:41,755 - MOT - INFO - MTCNN detect face cost time : 0.266 s -  MainThread - 6152 
2022-04-17 03:29:42,026 - MOT - INFO - MTCNN detect face cost time : 0.255 s -  MainThread - 6152 
2022-04-17 03:29:42,323 - MOT - INFO - MTCNN detect face cost time : 0.265 s -  MainThread - 6152 
2022-04-17 03:29:42,608 - MOT - INFO - MTCNN detect face cost time : 0.269 s -  MainThread - 6152 
2022-04-17 03:29:42,889 - MOT - INFO - MTCNN detect face cost time : 0.265 s -  MainThread - 6152 
2022-04-17 03:29:43,164 - MOT - INFO - MTCNN detect face cost time : 0.259 s -  MainThread - 6152 
2022-04-17 03:29:43,446 - MOT - INFO - MTCNN detect face cost time : 0.265 s -  MainThread - 6152 
2022-04-17 03:29:43,721 - MOT - INFO - MTCNN detect face cost time : 0.26 s -  MainThread - 6152 
2022-04-17 03:29:43,993 - MOT - INFO - MTCNN detect face cost time : 0.256 s -  MainThread - 6152 
2022-04-17 03:29:44,260 - MOT - INFO - MTCNN detect face cost time : 0.251 s -  MainThread - 6152 
2022-04-17 03:29:44,541 - MOT - INFO - MTCNN detect face cost time : 0.25 s -  MainThread - 6152 
2022-04-17 03:29:44,822 - MOT - INFO - MTCNN detect face cost time : 0.249 s -  MainThread - 6152 
2022-04-17 03:29:45,097 - MOT - INFO - MTCNN detect face cost time : 0.26 s -  MainThread - 6152 
2022-04-17 03:29:45,369 - MOT - INFO - MTCNN detect face cost time : 0.256 s -  MainThread - 6152 
2022-04-17 03:29:45,653 - MOT - INFO - MTCNN detect face cost time : 0.267 s -  MainThread - 6152 
2022-04-17 03:29:45,909 - MOT - INFO - MTCNN detect face cost time : 0.241 s -  MainThread - 6152 
2022-04-17 03:29:46,174 - MOT - INFO - MTCNN detect face cost time : 0.25 s -  MainThread - 6152 
2022-04-17 03:29:46,456 - MOT - INFO - MTCNN detect face cost time : 0.249 s -  MainThread - 6152 
2022-04-17 03:29:46,725 - MOT - INFO - MTCNN detect face cost time : 0.254 s -  MainThread - 6152 
2022-04-17 03:29:46,991 - MOT - INFO - MTCNN detect face cost time : 0.249 s -  MainThread - 6152 
2022-04-17 03:29:47,256 - MOT - INFO - MTCNN detect face cost time : 0.249 s -  MainThread - 6152 
2022-04-17 03:29:47,506 - MOT - INFO - MTCNN detect face cost time : 0.234 s -  MainThread - 6152 
2022-04-17 03:29:47,788 - MOT - INFO - MTCNN detect face cost time : 0.25 s -  MainThread - 6152 
2022-04-17 03:29:48,053 - MOT - INFO - MTCNN detect face cost time : 0.25 s -  MainThread - 6152 
2022-04-17 03:29:48,322 - MOT - INFO - MTCNN detect face cost time : 0.253 s -  MainThread - 6152 
2022-04-17 03:29:48,588 - MOT - INFO - MTCNN detect face cost time : 0.25 s -  MainThread - 6152 
2022-04-17 03:29:48,853 - MOT - INFO - MTCNN detect face cost time : 0.234 s -  MainThread - 6152 
2022-04-17 03:29:49,119 - MOT - INFO - MTCNN detect face cost time : 0.234 s -  MainThread - 6152 
2022-04-17 03:29:49,385 - MOT - INFO - MTCNN detect face cost time : 0.251 s -  MainThread - 6152 
2022-04-17 03:29:49,666 - MOT - INFO - MTCNN detect face cost time : 0.266 s -  MainThread - 6152 
2022-04-17 03:29:49,932 - MOT - INFO - MTCNN detect face cost time : 0.25 s -  MainThread - 6152 
2022-04-17 03:29:50,198 - MOT - INFO - MTCNN detect face cost time : 0.234 s -  MainThread - 6152 
2022-04-17 03:29:50,479 - MOT - INFO - MTCNN detect face cost time : 0.25 s -  MainThread - 6152 
2022-04-17 03:29:50,744 - MOT - INFO - MTCNN detect face cost time : 0.25 s -  MainThread - 6152 
2022-04-17 03:29:51,010 - MOT - INFO - MTCNN detect face cost time : 0.249 s -  MainThread - 6152 
2022-04-17 03:29:51,283 - MOT - INFO - MTCNN detect face cost time : 0.249 s -  MainThread - 6152 
2022-04-17 03:29:51,549 - MOT - INFO - MTCNN detect face cost time : 0.25 s -  MainThread - 6152 
2022-04-17 03:29:51,837 - MOT - INFO - MTCNN detect face cost time : 0.257 s -  MainThread - 6152 
2022-04-17 03:29:52,087 - MOT - INFO - MTCNN detect face cost time : 0.234 s -  MainThread - 6152 
2022-04-17 03:29:52,368 - MOT - INFO - MTCNN detect face cost time : 0.25 s -  MainThread - 6152 
2022-04-17 03:29:52,634 - MOT - INFO - MTCNN detect face cost time : 0.25 s -  MainThread - 6152 
2022-04-17 03:29:52,899 - MOT - INFO - MTCNN detect face cost time : 0.249 s -  MainThread - 6152 
2022-04-17 03:29:53,149 - MOT - INFO - MTCNN detect face cost time : 0.234 s -  MainThread - 6152 
2022-04-17 03:29:53,446 - MOT - INFO - MTCNN detect face cost time : 0.265 s -  MainThread - 6152 
2022-04-17 03:29:53,649 - MOT - INFO - MTCNN detect face cost time : 0.187 s -  MainThread - 6152 
2022-04-17 03:29:53,993 - MOT - INFO - remove tracker: 1 -  MainThread - 6152 
2022-04-17 03:29:54,227 - MOT - INFO - MTCNN detect face cost time : 0.203 s -  MainThread - 6152 
2022-04-17 03:29:54,446 - MOT - INFO - MTCNN detect face cost time : 0.203 s -  MainThread - 6152 
2022-04-17 03:29:54,649 - MOT - INFO - MTCNN detect face cost time : 0.188 s -  MainThread - 6152 
2022-04-17 03:29:54,852 - MOT - INFO - MTCNN detect face cost time : 0.187 s -  MainThread - 6152 
2022-04-17 03:29:55,086 - MOT - INFO - MTCNN detect face cost time : 0.203 s -  MainThread - 6152 
2022-04-17 03:29:55,305 - MOT - INFO - MTCNN detect face cost time : 0.203 s -  MainThread - 6152 
2022-04-17 03:29:55,508 - MOT - INFO - MTCNN detect face cost time : 0.187 s -  MainThread - 6152 
2022-04-17 03:29:55,805 - MOT - INFO - MTCNN detect face cost time : 0.266 s -  MainThread - 6152 
2022-04-17 03:29:56,023 - MOT - INFO - MTCNN detect face cost time : 0.203 s -  MainThread - 6152 
2022-04-17 03:29:56,228 - MOT - INFO - MTCNN detect face cost time : 0.189 s -  MainThread - 6152 
2022-04-17 03:29:56,446 - MOT - INFO - MTCNN detect face cost time : 0.187 s -  MainThread - 6152 
2022-04-17 03:29:56,665 - MOT - INFO - MTCNN detect face cost time : 0.187 s -  MainThread - 6152 
2022-04-17 03:29:56,884 - MOT - INFO - MTCNN detect face cost time : 0.187 s -  MainThread - 6152 
2022-04-17 03:29:57,087 - MOT - INFO - MTCNN detect face cost time : 0.187 s -  MainThread - 6152 
2022-04-17 03:29:57,301 - MOT - INFO - MTCNN detect face cost time : 0.187 s -  MainThread - 6152 
2022-04-17 03:29:57,504 - MOT - INFO - MTCNN detect face cost time : 0.187 s -  MainThread - 6152 
2022-04-17 03:29:57,733 - MOT - INFO - MTCNN detect face cost time : 0.198 s -  MainThread - 6152 
2022-04-17 03:29:57,936 - MOT - INFO - MTCNN detect face cost time : 0.203 s -  MainThread - 6152 
2022-04-17 03:29:58,129 - MOT - INFO - MTCNN detect face cost time : 0.192 s -  MainThread - 6152 
2022-04-17 03:29:58,348 - MOT - INFO - MTCNN detect face cost time : 0.203 s -  MainThread - 6152 
2022-04-17 03:29:58,551 - MOT - INFO - MTCNN detect face cost time : 0.203 s -  MainThread - 6152 
2022-04-17 03:29:58,757 - MOT - INFO - MTCNN detect face cost time : 0.191 s -  MainThread - 6152 
2022-04-17 03:29:58,961 - MOT - INFO - MTCNN detect face cost time : 0.187 s -  MainThread - 6152 
2022-04-17 03:29:59,179 - MOT - INFO - MTCNN detect face cost time : 0.203 s -  MainThread - 6152 
2022-04-17 03:29:59,382 - MOT - INFO - MTCNN detect face cost time : 0.203 s -  MainThread - 6152 
2022-04-17 03:29:59,601 - MOT - INFO - MTCNN detect face cost time : 0.203 s -  MainThread - 6152 
2022-04-17 03:29:59,821 - MOT - INFO - MTCNN detect face cost time : 0.205 s -  MainThread - 6152 
2022-04-17 03:30:00,025 - MOT - INFO - MTCNN detect face cost time : 0.203 s -  MainThread - 6152 
2022-04-17 03:30:00,228 - MOT - INFO - MTCNN detect face cost time : 0.203 s -  MainThread - 6152 
2022-04-17 03:30:00,446 - MOT - INFO - MTCNN detect face cost time : 0.203 s -  MainThread - 6152 
2022-04-17 03:30:00,665 - MOT - INFO - MTCNN detect face cost time : 0.203 s -  MainThread - 6152 
2022-04-17 03:30:00,884 - MOT - INFO - MTCNN detect face cost time : 0.203 s -  MainThread - 6152 
2022-04-17 03:30:01,086 - MOT - INFO - MTCNN detect face cost time : 0.202 s -  MainThread - 6152 
2022-04-17 03:30:01,289 - MOT - INFO - MTCNN detect face cost time : 0.203 s -  MainThread - 6152 
2022-04-17 03:30:01,570 - MOT - INFO - MTCNN detect face cost time : 0.234 s -  MainThread - 6152 
2022-04-17 03:30:01,820 - MOT - INFO - MTCNN detect face cost time : 0.219 s -  MainThread - 6152 
2022-04-17 03:30:02,041 - MOT - INFO - MTCNN detect face cost time : 0.19 s -  MainThread - 6152 
2022-04-17 03:30:02,246 - MOT - INFO - MTCNN detect face cost time : 0.205 s -  MainThread - 6152 
2022-04-17 03:30:02,449 - MOT - INFO - MTCNN detect face cost time : 0.203 s -  MainThread - 6152 
2022-04-17 03:30:02,652 - MOT - INFO - MTCNN detect face cost time : 0.187 s -  MainThread - 6152 
2022-04-17 03:30:02,878 - MOT - INFO - MTCNN detect face cost time : 0.195 s -  MainThread - 6152 
2022-04-17 03:30:03,097 - MOT - INFO - MTCNN detect face cost time : 0.203 s -  MainThread - 6152 
2022-04-17 03:30:03,300 - MOT - INFO - MTCNN detect face cost time : 0.203 s -  MainThread - 6152 
2022-04-17 03:30:03,518 - MOT - INFO - MTCNN detect face cost time : 0.203 s -  MainThread - 6152 
2022-04-17 03:30:03,737 - MOT - INFO - MTCNN detect face cost time : 0.203 s -  MainThread - 6152 
2022-04-17 03:30:03,971 - MOT - INFO - MTCNN detect face cost time : 0.219 s -  MainThread - 6152 
2022-04-17 03:30:04,190 - MOT - INFO - MTCNN detect face cost time : 0.203 s -  MainThread - 6152 
2022-04-17 03:30:04,409 - MOT - INFO - MTCNN detect face cost time : 0.219 s -  MainThread - 6152 
2022-04-17 03:30:04,628 - MOT - INFO - MTCNN detect face cost time : 0.203 s -  MainThread - 6152 
2022-04-17 03:30:04,846 - MOT - INFO - MTCNN detect face cost time : 0.203 s -  MainThread - 6152 
2022-04-17 03:30:05,065 - MOT - INFO - MTCNN detect face cost time : 0.203 s -  MainThread - 6152 
2022-04-17 03:30:05,284 - MOT - INFO - MTCNN detect face cost time : 0.203 s -  MainThread - 6152 
2022-04-17 03:30:05,518 - MOT - INFO - MTCNN detect face cost time : 0.218 s -  MainThread - 6152 
2022-04-17 03:30:05,737 - MOT - INFO - MTCNN detect face cost time : 0.204 s -  MainThread - 6152 
2022-04-17 03:30:05,955 - MOT - INFO - MTCNN detect face cost time : 0.218 s -  MainThread - 6152 
2022-04-17 03:30:06,189 - MOT - INFO - MTCNN detect face cost time : 0.219 s -  MainThread - 6152 
2022-04-17 03:30:06,408 - MOT - INFO - MTCNN detect face cost time : 0.203 s -  MainThread - 6152 
2022-04-17 03:30:06,658 - MOT - INFO - MTCNN detect face cost time : 0.219 s -  MainThread - 6152 
2022-04-17 03:30:06,877 - MOT - INFO - MTCNN detect face cost time : 0.219 s -  MainThread - 6152 
2022-04-17 03:30:07,111 - MOT - INFO - MTCNN detect face cost time : 0.234 s -  MainThread - 6152 
2022-04-17 03:30:07,314 - MOT - INFO - MTCNN detect face cost time : 0.203 s -  MainThread - 6152 
2022-04-17 03:30:07,533 - MOT - INFO - MTCNN detect face cost time : 0.203 s -  MainThread - 6152 
2022-04-17 03:30:07,880 - MOT - INFO - MTCNN detect face cost time : 0.222 s -  MainThread - 6152 
2022-04-17 03:30:08,083 - MOT - INFO - MTCNN detect face cost time : 0.203 s -  MainThread - 6152 
2022-04-17 03:30:08,302 - MOT - INFO - MTCNN detect face cost time : 0.203 s -  MainThread - 6152 
2022-04-17 03:30:08,521 - MOT - INFO - MTCNN detect face cost time : 0.219 s -  MainThread - 6152 
2022-04-17 03:30:08,734 - MOT - INFO - MTCNN detect face cost time : 0.213 s -  MainThread - 6152 
2022-04-17 03:30:08,952 - MOT - INFO - MTCNN detect face cost time : 0.203 s -  MainThread - 6152 
2022-04-17 03:30:09,156 - MOT - INFO - MTCNN detect face cost time : 0.203 s -  MainThread - 6152 
2022-04-17 03:30:09,374 - MOT - INFO - MTCNN detect face cost time : 0.203 s -  MainThread - 6152 
2022-04-17 03:30:09,593 - MOT - INFO - MTCNN detect face cost time : 0.203 s -  MainThread - 6152 
2022-04-17 03:30:09,812 - MOT - INFO - MTCNN detect face cost time : 0.203 s -  MainThread - 6152 
2022-04-17 03:30:10,029 - MOT - INFO - MTCNN detect face cost time : 0.201 s -  MainThread - 6152 
2022-04-17 03:30:10,232 - MOT - INFO - MTCNN detect face cost time : 0.203 s -  MainThread - 6152 
2022-04-17 03:30:10,454 - MOT - INFO - MTCNN detect face cost time : 0.206 s -  MainThread - 6152 
2022-04-17 03:30:10,657 - MOT - INFO - MTCNN detect face cost time : 0.203 s -  MainThread - 6152 
2022-04-17 03:30:10,909 - MOT - INFO - MTCNN detect face cost time : 0.221 s -  MainThread - 6152 
2022-04-17 03:30:11,112 - MOT - INFO - MTCNN detect face cost time : 0.203 s -  MainThread - 6152 
2022-04-17 03:30:11,315 - MOT - INFO - MTCNN detect face cost time : 0.187 s -  MainThread - 6152 
2022-04-17 03:30:11,534 - MOT - INFO - MTCNN detect face cost time : 0.203 s -  MainThread - 6152 
2022-04-17 03:30:11,753 - MOT - INFO - MTCNN detect face cost time : 0.219 s -  MainThread - 6152 
2022-04-17 03:30:11,956 - MOT - INFO - MTCNN detect face cost time : 0.203 s -  MainThread - 6152 
2022-04-17 03:30:12,175 - MOT - INFO - MTCNN detect face cost time : 0.203 s -  MainThread - 6152 
2022-04-17 03:30:12,378 - MOT - INFO - MTCNN detect face cost time : 0.203 s -  MainThread - 6152 
2022-04-17 03:30:12,612 - MOT - INFO - MTCNN detect face cost time : 0.203 s -  MainThread - 6152 
2022-04-17 03:30:12,815 - MOT - INFO - MTCNN detect face cost time : 0.203 s -  MainThread - 6152 
2022-04-17 03:30:13,034 - MOT - INFO - MTCNN detect face cost time : 0.203 s -  MainThread - 6152 
2022-04-17 03:30:13,246 - MOT - INFO - MTCNN detect face cost time : 0.213 s -  MainThread - 6152 
2022-04-17 03:30:13,449 - MOT - INFO - MTCNN detect face cost time : 0.203 s -  MainThread - 6152 
2022-04-17 03:30:13,668 - MOT - INFO - MTCNN detect face cost time : 0.203 s -  MainThread - 6152 
2022-04-17 03:30:13,881 - MOT - INFO - MTCNN detect face cost time : 0.197 s -  MainThread - 6152 
2022-04-17 03:30:14,100 - MOT - INFO - MTCNN detect face cost time : 0.203 s -  MainThread - 6152 
2022-04-17 03:30:14,319 - MOT - INFO - MTCNN detect face cost time : 0.203 s -  MainThread - 6152 
2022-04-17 03:30:14,546 - MOT - INFO - MTCNN detect face cost time : 0.211 s -  MainThread - 6152 
2022-04-17 03:30:14,764 - MOT - INFO - MTCNN detect face cost time : 0.203 s -  MainThread - 6152 
2022-04-17 03:30:14,983 - MOT - INFO - MTCNN detect face cost time : 0.203 s -  MainThread - 6152 
2022-04-17 03:30:15,202 - MOT - INFO - MTCNN detect face cost time : 0.203 s -  MainThread - 6152 
2022-04-17 03:30:15,421 - MOT - INFO - MTCNN detect face cost time : 0.203 s -  MainThread - 6152 
2022-04-17 03:30:15,624 - MOT - INFO - MTCNN detect face cost time : 0.203 s -  MainThread - 6152 
