2022-04-18 13:01:44,026 - MOT - INFO - Start track and extract...... -  MainThread - 18264 
2022-04-18 13:01:49,909 - MOT - INFO - All files:1_Hours Of _Harassment' In NYC!.mp4 -  MainThread - 18264 
2022-04-18 13:01:49,909 - MOT - INFO - All files:video.mp4 -  MainThread - 18264 
2022-04-18 13:01:49,909 - MOT - INFO - Video_name:videos\1_Hours Of _Harassment' In NYC!.mp4 -  MainThread - 18264 
2022-04-18 13:01:55,001 - MOT - INFO - MTCNN detect face cost time : 2.385 s -  MainThread - 18264 
2022-04-18 13:01:55,031 - MOT - INFO - new Tracker: 1 -  MainThread - 18264 
2022-04-18 13:01:56,015 - MOT - INFO - MTCNN detect face cost time : 0.257 s -  MainThread - 18264 
2022-04-18 13:01:58,162 - MOT - INFO - MTCNN detect face cost time : 0.272 s -  MainThread - 18264 
2022-04-18 13:01:58,458 - MOT - INFO - MTCNN detect face cost time : 0.28 s -  MainThread - 18264 
2022-04-18 13:01:58,747 - MOT - INFO - MTCNN detect face cost time : 0.272 s -  MainThread - 18264 
2022-04-18 13:01:59,027 - MOT - INFO - MTCNN detect face cost time : 0.264 s -  MainThread - 18264 
2022-04-18 13:01:59,307 - MOT - INFO - MTCNN detect face cost time : 0.272 s -  MainThread - 18264 
2022-04-18 13:01:59,566 - MOT - INFO - MTCNN detect face cost time : 0.25 s -  MainThread - 18264 
2022-04-18 13:01:59,849 - MOT - INFO - MTCNN detect face cost time : 0.259 s -  MainThread - 18264 
2022-04-18 13:02:00,141 - MOT - INFO - MTCNN detect face cost time : 0.275 s -  MainThread - 18264 
2022-04-18 13:02:00,413 - MOT - INFO - MTCNN detect face cost time : 0.256 s -  MainThread - 18264 
2022-04-18 13:02:00,689 - MOT - INFO - MTCNN detect face cost time : 0.26 s -  MainThread - 18264 
2022-04-18 13:02:00,970 - MOT - INFO - MTCNN detect face cost time : 0.265 s -  MainThread - 18264 
2022-04-18 13:02:01,237 - MOT - INFO - MTCNN detect face cost time : 0.259 s -  MainThread - 18264 
2022-04-18 13:02:01,515 - MOT - INFO - MTCNN detect face cost time : 0.251 s -  MainThread - 18264 
2022-04-18 13:02:01,779 - MOT - INFO - MTCNN detect face cost time : 0.248 s -  MainThread - 18264 
2022-04-18 13:02:02,046 - MOT - INFO - MTCNN detect face cost time : 0.251 s -  MainThread - 18264 
2022-04-18 13:02:02,306 - MOT - INFO - MTCNN detect face cost time : 0.243 s -  MainThread - 18264 
2022-04-18 13:02:02,575 - MOT - INFO - MTCNN detect face cost time : 0.253 s -  MainThread - 18264 
2022-04-18 13:02:02,839 - MOT - INFO - MTCNN detect face cost time : 0.248 s -  MainThread - 18264 
2022-04-18 13:02:03,104 - MOT - INFO - MTCNN detect face cost time : 0.247 s -  MainThread - 18264 
2022-04-18 13:02:03,368 - MOT - INFO - MTCNN detect face cost time : 0.248 s -  MainThread - 18264 
2022-04-18 13:02:03,636 - MOT - INFO - MTCNN detect face cost time : 0.251 s -  MainThread - 18264 
2022-04-18 13:02:03,895 - MOT - INFO - MTCNN detect face cost time : 0.243 s -  MainThread - 18264 
2022-04-18 13:02:04,161 - MOT - INFO - MTCNN detect face cost time : 0.25 s -  MainThread - 18264 
2022-04-18 13:02:04,419 - MOT - INFO - MTCNN detect face cost time : 0.242 s -  MainThread - 18264 
2022-04-18 13:02:04,687 - MOT - INFO - MTCNN detect face cost time : 0.25 s -  MainThread - 18264 
2022-04-18 13:02:04,964 - MOT - INFO - MTCNN detect face cost time : 0.252 s -  MainThread - 18264 
2022-04-18 13:02:05,224 - MOT - INFO - MTCNN detect face cost time : 0.252 s -  MainThread - 18264 
2022-04-18 13:02:05,483 - MOT - INFO - MTCNN detect face cost time : 0.25 s -  MainThread - 18264 
2022-04-18 13:02:05,747 - MOT - INFO - MTCNN detect face cost time : 0.248 s -  MainThread - 18264 
2022-04-18 13:02:06,013 - MOT - INFO - MTCNN detect face cost time : 0.25 s -  MainThread - 18264 
2022-04-18 13:02:06,270 - MOT - INFO - MTCNN detect face cost time : 0.249 s -  MainThread - 18264 
2022-04-18 13:02:06,538 - MOT - INFO - MTCNN detect face cost time : 0.252 s -  MainThread - 18264 
2022-04-18 13:02:06,806 - MOT - INFO - MTCNN detect face cost time : 0.252 s -  MainThread - 18264 
2022-04-18 13:02:07,065 - MOT - INFO - MTCNN detect face cost time : 0.251 s -  MainThread - 18264 
2022-04-18 13:02:07,322 - MOT - INFO - MTCNN detect face cost time : 0.249 s -  MainThread - 18264 
2022-04-18 13:02:07,586 - MOT - INFO - MTCNN detect face cost time : 0.248 s -  MainThread - 18264 
2022-04-18 13:02:07,842 - MOT - INFO - MTCNN detect face cost time : 0.248 s -  MainThread - 18264 
2022-04-18 13:02:08,109 - MOT - INFO - MTCNN detect face cost time : 0.248 s -  MainThread - 18264 
2022-04-18 13:02:08,373 - MOT - INFO - MTCNN detect face cost time : 0.248 s -  MainThread - 18264 
2022-04-18 13:02:08,637 - MOT - INFO - MTCNN detect face cost time : 0.248 s -  MainThread - 18264 
2022-04-18 13:02:08,904 - MOT - INFO - MTCNN detect face cost time : 0.248 s -  MainThread - 18264 
2022-04-18 13:02:09,176 - MOT - INFO - MTCNN detect face cost time : 0.248 s -  MainThread - 18264 
2022-04-18 13:02:09,438 - MOT - INFO - MTCNN detect face cost time : 0.253 s -  MainThread - 18264 
2022-04-18 13:02:09,715 - MOT - INFO - MTCNN detect face cost time : 0.253 s -  MainThread - 18264 
2022-04-18 13:02:09,973 - MOT - INFO - MTCNN detect face cost time : 0.249 s -  MainThread - 18264 
2022-04-18 13:02:10,229 - MOT - INFO - MTCNN detect face cost time : 0.248 s -  MainThread - 18264 
2022-04-18 13:02:10,482 - MOT - INFO - MTCNN detect face cost time : 0.237 s -  MainThread - 18264 
2022-04-18 13:02:10,762 - MOT - INFO - MTCNN detect face cost time : 0.256 s -  MainThread - 18264 
2022-04-18 13:02:11,029 - MOT - INFO - MTCNN detect face cost time : 0.251 s -  MainThread - 18264 
2022-04-18 13:02:11,295 - MOT - INFO - MTCNN detect face cost time : 0.25 s -  MainThread - 18264 
2022-04-18 13:02:11,559 - MOT - INFO - MTCNN detect face cost time : 0.248 s -  MainThread - 18264 
2022-04-18 13:02:11,823 - MOT - INFO - MTCNN detect face cost time : 0.248 s -  MainThread - 18264 
2022-04-18 13:02:12,081 - MOT - INFO - MTCNN detect face cost time : 0.25 s -  MainThread - 18264 
2022-04-18 13:02:12,337 - MOT - INFO - MTCNN detect face cost time : 0.248 s -  MainThread - 18264 
2022-04-18 13:02:12,585 - MOT - INFO - MTCNN detect face cost time : 0.24 s -  MainThread - 18264 
2022-04-18 13:02:12,849 - MOT - INFO - MTCNN detect face cost time : 0.247 s -  MainThread - 18264 
2022-04-18 13:02:13,612 - MOT - INFO - MTCNN detect face cost time : 0.248 s -  MainThread - 18264 
2022-04-18 13:02:13,863 - MOT - INFO - MTCNN detect face cost time : 0.243 s -  MainThread - 18264 
2022-04-18 13:02:14,129 - MOT - INFO - MTCNN detect face cost time : 0.248 s -  MainThread - 18264 
2022-04-18 13:02:14,401 - MOT - INFO - MTCNN detect face cost time : 0.264 s -  MainThread - 18264 
2022-04-18 13:02:14,693 - MOT - INFO - MTCNN detect face cost time : 0.284 s -  MainThread - 18264 
2022-04-18 13:02:14,693 - MOT - INFO - new Tracker: 2 -  MainThread - 18264 
2022-04-18 13:02:14,966 - MOT - INFO - MTCNN detect face cost time : 0.265 s -  MainThread - 18264 
2022-04-18 13:02:14,966 - MOT - INFO - remove tracker: 2 -  MainThread - 18264 
2022-04-18 13:02:15,251 - MOT - INFO - MTCNN detect face cost time : 0.277 s -  MainThread - 18264 
2022-04-18 13:02:15,555 - MOT - INFO - MTCNN detect face cost time : 0.288 s -  MainThread - 18264 
2022-04-18 13:02:16,821 - MOT - INFO - MTCNN detect face cost time : 0.272 s -  MainThread - 18264 
2022-04-18 13:02:17,117 - MOT - INFO - MTCNN detect face cost time : 0.279 s -  MainThread - 18264 
2022-04-18 13:02:17,413 - MOT - INFO - MTCNN detect face cost time : 0.28 s -  MainThread - 18264 
2022-04-18 13:02:17,709 - MOT - INFO - MTCNN detect face cost time : 0.272 s -  MainThread - 18264 
2022-04-18 13:02:17,992 - MOT - INFO - MTCNN detect face cost time : 0.267 s -  MainThread - 18264 
2022-04-18 13:02:18,297 - MOT - INFO - MTCNN detect face cost time : 0.281 s -  MainThread - 18264 
2022-04-18 13:02:18,580 - MOT - INFO - MTCNN detect face cost time : 0.267 s -  MainThread - 18264 
2022-04-18 13:02:18,860 - MOT - INFO - MTCNN detect face cost time : 0.272 s -  MainThread - 18264 
2022-04-18 13:02:19,148 - MOT - INFO - MTCNN detect face cost time : 0.28 s -  MainThread - 18264 
2022-04-18 13:02:19,425 - MOT - INFO - MTCNN detect face cost time : 0.268 s -  MainThread - 18264 
2022-04-18 13:02:19,425 - MOT - INFO - new Tracker: 3 -  MainThread - 18264 
2022-04-18 13:02:19,696 - MOT - INFO - MTCNN detect face cost time : 0.264 s -  MainThread - 18264 
2022-04-18 13:02:19,705 - MOT - INFO - remove tracker: 3 -  MainThread - 18264 
2022-04-18 13:02:19,968 - MOT - INFO - MTCNN detect face cost time : 0.256 s -  MainThread - 18264 
2022-04-18 13:02:20,241 - MOT - INFO - MTCNN detect face cost time : 0.256 s -  MainThread - 18264 
2022-04-18 13:02:20,513 - MOT - INFO - MTCNN detect face cost time : 0.256 s -  MainThread - 18264 
2022-04-18 13:02:20,795 - MOT - INFO - MTCNN detect face cost time : 0.265 s -  MainThread - 18264 
2022-04-18 13:02:21,077 - MOT - INFO - MTCNN detect face cost time : 0.266 s -  MainThread - 18264 
2022-04-18 13:02:21,350 - MOT - INFO - MTCNN detect face cost time : 0.257 s -  MainThread - 18264 
2022-04-18 13:02:21,643 - MOT - INFO - MTCNN detect face cost time : 0.269 s -  MainThread - 18264 
2022-04-18 13:02:21,915 - MOT - INFO - MTCNN detect face cost time : 0.264 s -  MainThread - 18264 
2022-04-18 13:02:22,200 - MOT - INFO - MTCNN detect face cost time : 0.268 s -  MainThread - 18264 
2022-04-18 13:02:22,483 - MOT - INFO - MTCNN detect face cost time : 0.265 s -  MainThread - 18264 
2022-04-18 13:02:22,771 - MOT - INFO - MTCNN detect face cost time : 0.272 s -  MainThread - 18264 
2022-04-18 13:02:23,062 - MOT - INFO - MTCNN detect face cost time : 0.276 s -  MainThread - 18264 
2022-04-18 13:02:23,352 - MOT - INFO - MTCNN detect face cost time : 0.274 s -  MainThread - 18264 
2022-04-18 13:02:23,641 - MOT - INFO - MTCNN detect face cost time : 0.272 s -  MainThread - 18264 
2022-04-18 13:02:23,920 - MOT - INFO - MTCNN detect face cost time : 0.262 s -  MainThread - 18264 
2022-04-18 13:02:24,192 - MOT - INFO - MTCNN detect face cost time : 0.256 s -  MainThread - 18264 
2022-04-18 13:02:24,475 - MOT - INFO - MTCNN detect face cost time : 0.259 s -  MainThread - 18264 
2022-04-18 13:02:24,739 - MOT - INFO - MTCNN detect face cost time : 0.256 s -  MainThread - 18264 
2022-04-18 13:02:25,012 - MOT - INFO - MTCNN detect face cost time : 0.256 s -  MainThread - 18264 
2022-04-18 13:02:25,276 - MOT - INFO - MTCNN detect face cost time : 0.256 s -  MainThread - 18264 
2022-04-18 13:02:25,548 - MOT - INFO - MTCNN detect face cost time : 0.264 s -  MainThread - 18264 
2022-04-18 13:02:25,828 - MOT - INFO - MTCNN detect face cost time : 0.264 s -  MainThread - 18264 
2022-04-18 13:02:26,108 - MOT - INFO - MTCNN detect face cost time : 0.264 s -  MainThread - 18264 
2022-04-18 13:02:26,380 - MOT - INFO - MTCNN detect face cost time : 0.256 s -  MainThread - 18264 
2022-04-18 13:02:26,644 - MOT - INFO - MTCNN detect face cost time : 0.248 s -  MainThread - 18264 
2022-04-18 13:02:26,908 - MOT - INFO - MTCNN detect face cost time : 0.256 s -  MainThread - 18264 
2022-04-18 13:02:27,180 - MOT - INFO - MTCNN detect face cost time : 0.264 s -  MainThread - 18264 
2022-04-18 13:02:27,436 - MOT - INFO - MTCNN detect face cost time : 0.248 s -  MainThread - 18264 
2022-04-18 13:02:27,690 - MOT - INFO - MTCNN detect face cost time : 0.238 s -  MainThread - 18264 
2022-04-18 13:02:27,958 - MOT - INFO - MTCNN detect face cost time : 0.244 s -  MainThread - 18264 
2022-04-18 13:02:28,222 - MOT - INFO - MTCNN detect face cost time : 0.248 s -  MainThread - 18264 
2022-04-18 13:02:28,486 - MOT - INFO - MTCNN detect face cost time : 0.244 s -  MainThread - 18264 
2022-04-18 13:02:28,750 - MOT - INFO - MTCNN detect face cost time : 0.248 s -  MainThread - 18264 
2022-04-18 13:02:29,006 - MOT - INFO - MTCNN detect face cost time : 0.248 s -  MainThread - 18264 
2022-04-18 13:02:29,262 - MOT - INFO - MTCNN detect face cost time : 0.248 s -  MainThread - 18264 
2022-04-18 13:02:29,536 - MOT - INFO - MTCNN detect face cost time : 0.248 s -  MainThread - 18264 
2022-04-18 13:02:29,808 - MOT - INFO - MTCNN detect face cost time : 0.264 s -  MainThread - 18264 
2022-04-18 13:02:30,080 - MOT - INFO - MTCNN detect face cost time : 0.248 s -  MainThread - 18264 
2022-04-18 13:02:30,333 - MOT - INFO - MTCNN detect face cost time : 0.245 s -  MainThread - 18264 
2022-04-18 13:02:30,597 - MOT - INFO - MTCNN detect face cost time : 0.248 s -  MainThread - 18264 
2022-04-18 13:02:30,864 - MOT - INFO - MTCNN detect face cost time : 0.248 s -  MainThread - 18264 
2022-04-18 13:02:31,127 - MOT - INFO - MTCNN detect face cost time : 0.245 s -  MainThread - 18264 
2022-04-18 13:02:31,391 - MOT - INFO - MTCNN detect face cost time : 0.256 s -  MainThread - 18264 
2022-04-18 13:02:31,642 - MOT - INFO - MTCNN detect face cost time : 0.243 s -  MainThread - 18264 
2022-04-18 13:02:31,906 - MOT - INFO - MTCNN detect face cost time : 0.248 s -  MainThread - 18264 
2022-04-18 13:02:32,178 - MOT - INFO - MTCNN detect face cost time : 0.256 s -  MainThread - 18264 
2022-04-18 13:02:32,462 - MOT - INFO - MTCNN detect face cost time : 0.272 s -  MainThread - 18264 
2022-04-18 13:02:32,745 - MOT - INFO - MTCNN detect face cost time : 0.275 s -  MainThread - 18264 
2022-04-18 13:02:33,025 - MOT - INFO - MTCNN detect face cost time : 0.264 s -  MainThread - 18264 
2022-04-18 13:02:33,300 - MOT - INFO - MTCNN detect face cost time : 0.267 s -  MainThread - 18264 
2022-04-18 13:02:33,581 - MOT - INFO - MTCNN detect face cost time : 0.264 s -  MainThread - 18264 
2022-04-18 13:02:33,869 - MOT - INFO - MTCNN detect face cost time : 0.264 s -  MainThread - 18264 
2022-04-18 13:02:34,147 - MOT - INFO - MTCNN detect face cost time : 0.262 s -  MainThread - 18264 
2022-04-18 13:02:34,433 - MOT - INFO - MTCNN detect face cost time : 0.258 s -  MainThread - 18264 
2022-04-18 13:02:34,709 - MOT - INFO - MTCNN detect face cost time : 0.26 s -  MainThread - 18264 
2022-04-18 13:02:34,984 - MOT - INFO - MTCNN detect face cost time : 0.259 s -  MainThread - 18264 
2022-04-18 13:02:35,272 - MOT - INFO - MTCNN detect face cost time : 0.272 s -  MainThread - 18264 
2022-04-18 13:02:35,555 - MOT - INFO - MTCNN detect face cost time : 0.267 s -  MainThread - 18264 
2022-04-18 13:02:35,827 - MOT - INFO - MTCNN detect face cost time : 0.264 s -  MainThread - 18264 
2022-04-18 13:02:36,106 - MOT - INFO - MTCNN detect face cost time : 0.262 s -  MainThread - 18264 
2022-04-18 13:02:36,386 - MOT - INFO - MTCNN detect face cost time : 0.256 s -  MainThread - 18264 
2022-04-18 13:02:36,671 - MOT - INFO - MTCNN detect face cost time : 0.26 s -  MainThread - 18264 
2022-04-18 13:02:36,944 - MOT - INFO - MTCNN detect face cost time : 0.257 s -  MainThread - 18264 
2022-04-18 13:02:37,220 - MOT - INFO - MTCNN detect face cost time : 0.26 s -  MainThread - 18264 
2022-04-18 13:02:37,484 - MOT - INFO - MTCNN detect face cost time : 0.256 s -  MainThread - 18264 
2022-04-18 13:02:37,740 - MOT - INFO - MTCNN detect face cost time : 0.248 s -  MainThread - 18264 
2022-04-18 13:02:38,004 - MOT - INFO - MTCNN detect face cost time : 0.248 s -  MainThread - 18264 
2022-04-18 13:02:38,270 - MOT - INFO - MTCNN detect face cost time : 0.25 s -  MainThread - 18264 
2022-04-18 13:02:38,536 - MOT - INFO - MTCNN detect face cost time : 0.249 s -  MainThread - 18264 
2022-04-18 13:02:38,809 - MOT - INFO - MTCNN detect face cost time : 0.249 s -  MainThread - 18264 
2022-04-18 13:02:39,092 - MOT - INFO - MTCNN detect face cost time : 0.259 s -  MainThread - 18264 
2022-04-18 13:02:39,356 - MOT - INFO - MTCNN detect face cost time : 0.248 s -  MainThread - 18264 
2022-04-18 13:02:39,620 - MOT - INFO - MTCNN detect face cost time : 0.256 s -  MainThread - 18264 
2022-04-18 13:02:39,885 - MOT - INFO - MTCNN detect face cost time : 0.248 s -  MainThread - 18264 
2022-04-18 13:02:40,141 - MOT - INFO - MTCNN detect face cost time : 0.248 s -  MainThread - 18264 
2022-04-18 13:02:40,409 - MOT - INFO - MTCNN detect face cost time : 0.251 s -  MainThread - 18264 
2022-04-18 13:02:40,677 - MOT - INFO - MTCNN detect face cost time : 0.252 s -  MainThread - 18264 
2022-04-18 13:02:40,941 - MOT - INFO - MTCNN detect face cost time : 0.248 s -  MainThread - 18264 
2022-04-18 13:02:41,223 - MOT - INFO - MTCNN detect face cost time : 0.264 s -  MainThread - 18264 
2022-04-18 13:02:41,485 - MOT - INFO - MTCNN detect face cost time : 0.25 s -  MainThread - 18264 
2022-04-18 13:02:41,760 - MOT - INFO - MTCNN detect face cost time : 0.25 s -  MainThread - 18264 
2022-04-18 13:02:42,022 - MOT - INFO - MTCNN detect face cost time : 0.246 s -  MainThread - 18264 
2022-04-18 13:02:42,291 - MOT - INFO - MTCNN detect face cost time : 0.248 s -  MainThread - 18264 
2022-04-18 13:02:42,557 - MOT - INFO - MTCNN detect face cost time : 0.25 s -  MainThread - 18264 
2022-04-18 13:02:42,829 - MOT - INFO - MTCNN detect face cost time : 0.248 s -  MainThread - 18264 
2022-04-18 13:02:43,103 - MOT - INFO - MTCNN detect face cost time : 0.25 s -  MainThread - 18264 
2022-04-18 13:02:43,375 - MOT - INFO - MTCNN detect face cost time : 0.256 s -  MainThread - 18264 
2022-04-18 13:02:43,631 - MOT - INFO - MTCNN detect face cost time : 0.248 s -  MainThread - 18264 
2022-04-18 13:02:43,888 - MOT - INFO - MTCNN detect face cost time : 0.249 s -  MainThread - 18264 
2022-04-18 13:02:44,136 - MOT - INFO - MTCNN detect face cost time : 0.24 s -  MainThread - 18264 
2022-04-18 13:02:44,400 - MOT - INFO - MTCNN detect face cost time : 0.248 s -  MainThread - 18264 
2022-04-18 13:02:44,672 - MOT - INFO - MTCNN detect face cost time : 0.256 s -  MainThread - 18264 
2022-04-18 13:02:44,930 - MOT - INFO - MTCNN detect face cost time : 0.249 s -  MainThread - 18264 
2022-04-18 13:02:45,191 - MOT - INFO - MTCNN detect face cost time : 0.253 s -  MainThread - 18264 
2022-04-18 13:02:45,455 - MOT - INFO - MTCNN detect face cost time : 0.248 s -  MainThread - 18264 
2022-04-18 13:02:45,727 - MOT - INFO - MTCNN detect face cost time : 0.248 s -  MainThread - 18264 
2022-04-18 13:02:45,984 - MOT - INFO - MTCNN detect face cost time : 0.24 s -  MainThread - 18264 
2022-04-18 13:02:46,232 - MOT - INFO - MTCNN detect face cost time : 0.24 s -  MainThread - 18264 
2022-04-18 13:02:46,495 - MOT - INFO - MTCNN detect face cost time : 0.247 s -  MainThread - 18264 
2022-04-18 13:02:46,759 - MOT - INFO - MTCNN detect face cost time : 0.248 s -  MainThread - 18264 
2022-04-18 13:02:47,036 - MOT - INFO - MTCNN detect face cost time : 0.253 s -  MainThread - 18264 
2022-04-18 13:02:47,292 - MOT - INFO - MTCNN detect face cost time : 0.248 s -  MainThread - 18264 
2022-04-18 13:02:47,567 - MOT - INFO - MTCNN detect face cost time : 0.25 s -  MainThread - 18264 
2022-04-18 13:02:47,847 - MOT - INFO - MTCNN detect face cost time : 0.256 s -  MainThread - 18264 
2022-04-18 13:02:48,118 - MOT - INFO - MTCNN detect face cost time : 0.255 s -  MainThread - 18264 
2022-04-18 13:02:48,376 - MOT - INFO - MTCNN detect face cost time : 0.25 s -  MainThread - 18264 
2022-04-18 13:02:48,642 - MOT - INFO - MTCNN detect face cost time : 0.25 s -  MainThread - 18264 
2022-04-18 13:02:48,908 - MOT - INFO - MTCNN detect face cost time : 0.249 s -  MainThread - 18264 
2022-04-18 13:02:49,161 - MOT - INFO - MTCNN detect face cost time : 0.245 s -  MainThread - 18264 
2022-04-18 13:02:49,444 - MOT - INFO - MTCNN detect face cost time : 0.267 s -  MainThread - 18264 
2022-04-18 13:02:49,708 - MOT - INFO - MTCNN detect face cost time : 0.256 s -  MainThread - 18264 
2022-04-18 13:02:49,974 - MOT - INFO - MTCNN detect face cost time : 0.249 s -  MainThread - 18264 
2022-04-18 13:02:50,248 - MOT - INFO - MTCNN detect face cost time : 0.248 s -  MainThread - 18264 
2022-04-18 13:02:50,504 - MOT - INFO - MTCNN detect face cost time : 0.24 s -  MainThread - 18264 
2022-04-18 13:02:50,779 - MOT - INFO - MTCNN detect face cost time : 0.252 s -  MainThread - 18264 
2022-04-18 13:02:51,048 - MOT - INFO - MTCNN detect face cost time : 0.253 s -  MainThread - 18264 
2022-04-18 13:02:51,304 - MOT - INFO - MTCNN detect face cost time : 0.248 s -  MainThread - 18264 
2022-04-18 13:02:51,560 - MOT - INFO - MTCNN detect face cost time : 0.248 s -  MainThread - 18264 
2022-04-18 13:02:51,832 - MOT - INFO - MTCNN detect face cost time : 0.256 s -  MainThread - 18264 
2022-04-18 13:02:52,096 - MOT - INFO - MTCNN detect face cost time : 0.256 s -  MainThread - 18264 
2022-04-18 13:02:52,357 - MOT - INFO - MTCNN detect face cost time : 0.253 s -  MainThread - 18264 
2022-04-18 13:02:52,621 - MOT - INFO - MTCNN detect face cost time : 0.248 s -  MainThread - 18264 
2022-04-18 13:02:52,897 - MOT - INFO - MTCNN detect face cost time : 0.251 s -  MainThread - 18264 
2022-04-18 13:02:53,148 - MOT - INFO - MTCNN detect face cost time : 0.243 s -  MainThread - 18264 
2022-04-18 13:02:53,415 - MOT - INFO - MTCNN detect face cost time : 0.251 s -  MainThread - 18264 
2022-04-18 13:02:53,671 - MOT - INFO - MTCNN detect face cost time : 0.248 s -  MainThread - 18264 
2022-04-18 13:02:53,935 - MOT - INFO - MTCNN detect face cost time : 0.248 s -  MainThread - 18264 
2022-04-18 13:02:54,200 - MOT - INFO - MTCNN detect face cost time : 0.24 s -  MainThread - 18264 
2022-04-18 13:02:54,467 - MOT - INFO - MTCNN detect face cost time : 0.251 s -  MainThread - 18264 
2022-04-18 13:02:54,724 - MOT - INFO - MTCNN detect face cost time : 0.249 s -  MainThread - 18264 
2022-04-18 13:02:54,988 - MOT - INFO - MTCNN detect face cost time : 0.248 s -  MainThread - 18264 
2022-04-18 13:02:55,265 - MOT - INFO - MTCNN detect face cost time : 0.253 s -  MainThread - 18264 
2022-04-18 13:02:55,529 - MOT - INFO - MTCNN detect face cost time : 0.256 s -  MainThread - 18264 
2022-04-18 13:02:55,801 - MOT - INFO - MTCNN detect face cost time : 0.256 s -  MainThread - 18264 
2022-04-18 13:02:56,066 - MOT - INFO - MTCNN detect face cost time : 0.249 s -  MainThread - 18264 
2022-04-18 13:02:56,319 - MOT - INFO - MTCNN detect face cost time : 0.244 s -  MainThread - 18264 
2022-04-18 13:02:56,575 - MOT - INFO - MTCNN detect face cost time : 0.24 s -  MainThread - 18264 
2022-04-18 13:02:56,847 - MOT - INFO - MTCNN detect face cost time : 0.256 s -  MainThread - 18264 
2022-04-18 13:02:57,111 - MOT - INFO - MTCNN detect face cost time : 0.248 s -  MainThread - 18264 
2022-04-18 13:02:57,378 - MOT - INFO - MTCNN detect face cost time : 0.252 s -  MainThread - 18264 
2022-04-18 13:02:57,632 - MOT - INFO - MTCNN detect face cost time : 0.245 s -  MainThread - 18264 
2022-04-18 13:02:57,896 - MOT - INFO - MTCNN detect face cost time : 0.248 s -  MainThread - 18264 
2022-04-18 13:02:58,163 - MOT - INFO - MTCNN detect face cost time : 0.243 s -  MainThread - 18264 
2022-04-18 13:02:58,431 - MOT - INFO - MTCNN detect face cost time : 0.251 s -  MainThread - 18264 
2022-04-18 13:02:58,703 - MOT - INFO - MTCNN detect face cost time : 0.256 s -  MainThread - 18264 
2022-04-18 13:02:58,983 - MOT - INFO - MTCNN detect face cost time : 0.264 s -  MainThread - 18264 
2022-04-18 13:02:59,247 - MOT - INFO - MTCNN detect face cost time : 0.256 s -  MainThread - 18264 
2022-04-18 13:02:59,535 - MOT - INFO - MTCNN detect face cost time : 0.272 s -  MainThread - 18264 
2022-04-18 13:02:59,814 - MOT - INFO - MTCNN detect face cost time : 0.271 s -  MainThread - 18264 
2022-04-18 13:03:00,098 - MOT - INFO - MTCNN detect face cost time : 0.267 s -  MainThread - 18264 
2022-04-18 13:03:00,381 - MOT - INFO - MTCNN detect face cost time : 0.267 s -  MainThread - 18264 
2022-04-18 13:03:00,662 - MOT - INFO - MTCNN detect face cost time : 0.273 s -  MainThread - 18264 
2022-04-18 13:03:00,950 - MOT - INFO - MTCNN detect face cost time : 0.272 s -  MainThread - 18264 
2022-04-18 13:03:01,241 - MOT - INFO - MTCNN detect face cost time : 0.275 s -  MainThread - 18264 
2022-04-18 13:03:01,529 - MOT - INFO - MTCNN detect face cost time : 0.28 s -  MainThread - 18264 
2022-04-18 13:03:01,833 - MOT - INFO - MTCNN detect face cost time : 0.28 s -  MainThread - 18264 
2022-04-18 13:03:02,118 - MOT - INFO - MTCNN detect face cost time : 0.277 s -  MainThread - 18264 
2022-04-18 13:03:02,405 - MOT - INFO - MTCNN detect face cost time : 0.278 s -  MainThread - 18264 
2022-04-18 13:03:02,693 - MOT - INFO - MTCNN detect face cost time : 0.272 s -  MainThread - 18264 
2022-04-18 13:03:02,997 - MOT - INFO - MTCNN detect face cost time : 0.28 s -  MainThread - 18264 
2022-04-18 13:03:03,293 - MOT - INFO - MTCNN detect face cost time : 0.28 s -  MainThread - 18264 
2022-04-18 13:03:03,611 - MOT - INFO - MTCNN detect face cost time : 0.299 s -  MainThread - 18264 
2022-04-18 13:03:03,917 - MOT - INFO - MTCNN detect face cost time : 0.29 s -  MainThread - 18264 
2022-04-18 13:03:04,231 - MOT - INFO - MTCNN detect face cost time : 0.289 s -  MainThread - 18264 
2022-04-18 13:03:04,535 - MOT - INFO - MTCNN detect face cost time : 0.288 s -  MainThread - 18264 
2022-04-18 13:03:04,821 - MOT - INFO - MTCNN detect face cost time : 0.278 s -  MainThread - 18264 
2022-04-18 13:03:05,117 - MOT - INFO - MTCNN detect face cost time : 0.28 s -  MainThread - 18264 
2022-04-18 13:03:05,417 - MOT - INFO - MTCNN detect face cost time : 0.283 s -  MainThread - 18264 
2022-04-18 13:03:05,721 - MOT - INFO - MTCNN detect face cost time : 0.288 s -  MainThread - 18264 
2022-04-18 13:03:06,018 - MOT - INFO - MTCNN detect face cost time : 0.28 s -  MainThread - 18264 
2022-04-18 13:03:06,319 - MOT - INFO - MTCNN detect face cost time : 0.285 s -  MainThread - 18264 
2022-04-18 13:03:06,615 - MOT - INFO - MTCNN detect face cost time : 0.28 s -  MainThread - 18264 
2022-04-18 13:03:06,903 - MOT - INFO - MTCNN detect face cost time : 0.272 s -  MainThread - 18264 
2022-04-18 13:03:07,200 - MOT - INFO - MTCNN detect face cost time : 0.272 s -  MainThread - 18264 
2022-04-18 13:03:07,480 - MOT - INFO - MTCNN detect face cost time : 0.264 s -  MainThread - 18264 
2022-04-18 13:03:07,768 - MOT - INFO - MTCNN detect face cost time : 0.272 s -  MainThread - 18264 
2022-04-18 13:03:07,776 - MOT - INFO - new Tracker: 4 -  MainThread - 18264 
2022-04-18 13:03:08,040 - MOT - INFO - MTCNN detect face cost time : 0.256 s -  MainThread - 18264 
2022-04-18 13:03:08,040 - MOT - INFO - remove tracker: 4 -  MainThread - 18264 
2022-04-18 13:03:08,331 - MOT - INFO - MTCNN detect face cost time : 0.268 s -  MainThread - 18264 
2022-04-18 13:03:08,613 - MOT - INFO - MTCNN detect face cost time : 0.265 s -  MainThread - 18264 
2022-04-18 13:03:08,890 - MOT - INFO - MTCNN detect face cost time : 0.269 s -  MainThread - 18264 
2022-04-18 13:03:09,168 - MOT - INFO - MTCNN detect face cost time : 0.262 s -  MainThread - 18264 
2022-04-18 13:03:09,445 - MOT - INFO - MTCNN detect face cost time : 0.269 s -  MainThread - 18264 
2022-04-18 13:03:09,721 - MOT - INFO - MTCNN detect face cost time : 0.259 s -  MainThread - 18264 
2022-04-18 13:03:10,001 - MOT - INFO - MTCNN detect face cost time : 0.264 s -  MainThread - 18264 
2022-04-18 13:03:10,273 - MOT - INFO - MTCNN detect face cost time : 0.256 s -  MainThread - 18264 
2022-04-18 13:03:10,545 - MOT - INFO - MTCNN detect face cost time : 0.256 s -  MainThread - 18264 
2022-04-18 13:03:10,825 - MOT - INFO - MTCNN detect face cost time : 0.264 s -  MainThread - 18264 
2022-04-18 13:03:11,097 - MOT - INFO - MTCNN detect face cost time : 0.264 s -  MainThread - 18264 
2022-04-18 13:03:11,372 - MOT - INFO - MTCNN detect face cost time : 0.267 s -  MainThread - 18264 
2022-04-18 13:03:11,638 - MOT - INFO - MTCNN detect face cost time : 0.258 s -  MainThread - 18264 
2022-04-18 13:03:11,921 - MOT - INFO - MTCNN detect face cost time : 0.266 s -  MainThread - 18264 
2022-04-18 13:03:12,194 - MOT - INFO - MTCNN detect face cost time : 0.257 s -  MainThread - 18264 
2022-04-18 13:03:12,477 - MOT - INFO - MTCNN detect face cost time : 0.264 s -  MainThread - 18264 
2022-04-18 13:03:12,741 - MOT - INFO - MTCNN detect face cost time : 0.256 s -  MainThread - 18264 
2022-04-18 13:03:13,021 - MOT - INFO - MTCNN detect face cost time : 0.256 s -  MainThread - 18264 
2022-04-18 13:03:13,297 - MOT - INFO - MTCNN detect face cost time : 0.26 s -  MainThread - 18264 
2022-04-18 13:03:13,575 - MOT - INFO - MTCNN detect face cost time : 0.258 s -  MainThread - 18264 
2022-04-18 13:03:13,850 - MOT - INFO - MTCNN detect face cost time : 0.259 s -  MainThread - 18264 
2022-04-18 13:03:14,133 - MOT - INFO - MTCNN detect face cost time : 0.258 s -  MainThread - 18264 
2022-04-18 13:03:14,414 - MOT - INFO - MTCNN detect face cost time : 0.273 s -  MainThread - 18264 
2022-04-18 13:03:14,686 - MOT - INFO - MTCNN detect face cost time : 0.264 s -  MainThread - 18264 
2022-04-18 13:03:14,961 - MOT - INFO - MTCNN detect face cost time : 0.267 s -  MainThread - 18264 
2022-04-18 13:03:15,243 - MOT - INFO - MTCNN detect face cost time : 0.266 s -  MainThread - 18264 
2022-04-18 13:03:15,523 - MOT - INFO - MTCNN detect face cost time : 0.272 s -  MainThread - 18264 
2022-04-18 13:03:15,791 - MOT - INFO - MTCNN detect face cost time : 0.259 s -  MainThread - 18264 
2022-04-18 13:03:16,071 - MOT - INFO - MTCNN detect face cost time : 0.264 s -  MainThread - 18264 
2022-04-18 13:03:16,347 - MOT - INFO - MTCNN detect face cost time : 0.26 s -  MainThread - 18264 
2022-04-18 13:03:16,605 - MOT - INFO - MTCNN detect face cost time : 0.25 s -  MainThread - 18264 
2022-04-18 13:03:16,889 - MOT - INFO - MTCNN detect face cost time : 0.26 s -  MainThread - 18264 
2022-04-18 13:03:17,164 - MOT - INFO - MTCNN detect face cost time : 0.259 s -  MainThread - 18264 
2022-04-18 13:03:17,420 - MOT - INFO - MTCNN detect face cost time : 0.248 s -  MainThread - 18264 
2022-04-18 13:03:17,695 - MOT - INFO - MTCNN detect face cost time : 0.258 s -  MainThread - 18264 
2022-04-18 13:03:17,966 - MOT - INFO - MTCNN detect face cost time : 0.252 s -  MainThread - 18264 
2022-04-18 13:03:18,251 - MOT - INFO - MTCNN detect face cost time : 0.266 s -  MainThread - 18264 
2022-04-18 13:03:18,529 - MOT - INFO - MTCNN detect face cost time : 0.261 s -  MainThread - 18264 
2022-04-18 13:03:18,802 - MOT - INFO - MTCNN detect face cost time : 0.257 s -  MainThread - 18264 
2022-04-18 13:03:19,076 - MOT - INFO - MTCNN detect face cost time : 0.257 s -  MainThread - 18264 
2022-04-18 13:03:19,348 - MOT - INFO - MTCNN detect face cost time : 0.256 s -  MainThread - 18264 
2022-04-18 13:03:19,622 - MOT - INFO - MTCNN detect face cost time : 0.258 s -  MainThread - 18264 
2022-04-18 13:03:19,902 - MOT - INFO - MTCNN detect face cost time : 0.264 s -  MainThread - 18264 
2022-04-18 13:03:20,177 - MOT - INFO - MTCNN detect face cost time : 0.258 s -  MainThread - 18264 
2022-04-18 13:03:20,449 - MOT - INFO - MTCNN detect face cost time : 0.256 s -  MainThread - 18264 
2022-04-18 13:03:20,729 - MOT - INFO - MTCNN detect face cost time : 0.264 s -  MainThread - 18264 
2022-04-18 13:03:21,022 - MOT - INFO - MTCNN detect face cost time : 0.269 s -  MainThread - 18264 
2022-04-18 13:03:21,290 - MOT - INFO - MTCNN detect face cost time : 0.26 s -  MainThread - 18264 
2022-04-18 13:03:21,566 - MOT - INFO - MTCNN detect face cost time : 0.259 s -  MainThread - 18264 
2022-04-18 13:03:21,852 - MOT - INFO - MTCNN detect face cost time : 0.27 s -  MainThread - 18264 
2022-04-18 13:03:22,144 - MOT - INFO - MTCNN detect face cost time : 0.268 s -  MainThread - 18264 
2022-04-18 13:03:22,430 - MOT - INFO - MTCNN detect face cost time : 0.262 s -  MainThread - 18264 
2022-04-18 13:03:22,710 - MOT - INFO - MTCNN detect face cost time : 0.264 s -  MainThread - 18264 
2022-04-18 13:03:22,982 - MOT - INFO - MTCNN detect face cost time : 0.264 s -  MainThread - 18264 
2022-04-18 13:03:23,270 - MOT - INFO - MTCNN detect face cost time : 0.272 s -  MainThread - 18264 
2022-04-18 13:03:23,572 - MOT - INFO - MTCNN detect face cost time : 0.278 s -  MainThread - 18264 
2022-04-18 13:03:23,876 - MOT - INFO - MTCNN detect face cost time : 0.288 s -  MainThread - 18264 
2022-04-18 13:03:24,172 - MOT - INFO - MTCNN detect face cost time : 0.28 s -  MainThread - 18264 
2022-04-18 13:03:24,476 - MOT - INFO - MTCNN detect face cost time : 0.288 s -  MainThread - 18264 
2022-04-18 13:03:24,779 - MOT - INFO - MTCNN detect face cost time : 0.29 s -  MainThread - 18264 
2022-04-18 13:03:25,083 - MOT - INFO - MTCNN detect face cost time : 0.288 s -  MainThread - 18264 
2022-04-18 13:03:25,376 - MOT - INFO - MTCNN detect face cost time : 0.285 s -  MainThread - 18264 
2022-04-18 13:03:25,680 - MOT - INFO - MTCNN detect face cost time : 0.288 s -  MainThread - 18264 
2022-04-18 13:03:25,989 - MOT - INFO - MTCNN detect face cost time : 0.29 s -  MainThread - 18264 
2022-04-18 13:03:26,293 - MOT - INFO - MTCNN detect face cost time : 0.288 s -  MainThread - 18264 
2022-04-18 13:03:26,597 - MOT - INFO - MTCNN detect face cost time : 0.288 s -  MainThread - 18264 
2022-04-18 13:03:26,901 - MOT - INFO - MTCNN detect face cost time : 0.289 s -  MainThread - 18264 
2022-04-18 13:03:27,205 - MOT - INFO - MTCNN detect face cost time : 0.28 s -  MainThread - 18264 
2022-04-18 13:03:27,517 - MOT - INFO - MTCNN detect face cost time : 0.288 s -  MainThread - 18264 
2022-04-18 13:03:27,817 - MOT - INFO - MTCNN detect face cost time : 0.283 s -  MainThread - 18264 
2022-04-18 13:03:28,122 - MOT - INFO - MTCNN detect face cost time : 0.281 s -  MainThread - 18264 
2022-04-18 13:03:28,421 - MOT - INFO - MTCNN detect face cost time : 0.283 s -  MainThread - 18264 
2022-04-18 13:03:28,718 - MOT - INFO - MTCNN detect face cost time : 0.281 s -  MainThread - 18264 
2022-04-18 13:03:29,032 - MOT - INFO - MTCNN detect face cost time : 0.29 s -  MainThread - 18264 
2022-04-18 13:03:29,344 - MOT - INFO - MTCNN detect face cost time : 0.296 s -  MainThread - 18264 
2022-04-18 13:03:29,661 - MOT - INFO - MTCNN detect face cost time : 0.292 s -  MainThread - 18264 
2022-04-18 13:03:29,941 - MOT - INFO - MTCNN detect face cost time : 0.272 s -  MainThread - 18264 
2022-04-18 13:03:30,224 - MOT - INFO - MTCNN detect face cost time : 0.266 s -  MainThread - 18264 
2022-04-18 13:03:30,515 - MOT - INFO - MTCNN detect face cost time : 0.264 s -  MainThread - 18264 
2022-04-18 13:03:30,795 - MOT - INFO - MTCNN detect face cost time : 0.264 s -  MainThread - 18264 
2022-04-18 13:03:31,075 - MOT - INFO - MTCNN detect face cost time : 0.256 s -  MainThread - 18264 
2022-04-18 13:03:31,363 - MOT - INFO - MTCNN detect face cost time : 0.272 s -  MainThread - 18264 
2022-04-18 13:03:31,627 - MOT - INFO - MTCNN detect face cost time : 0.256 s -  MainThread - 18264 
2022-04-18 13:03:31,915 - MOT - INFO - MTCNN detect face cost time : 0.264 s -  MainThread - 18264 
2022-04-18 13:03:32,184 - MOT - INFO - MTCNN detect face cost time : 0.261 s -  MainThread - 18264 
2022-04-18 13:03:32,457 - MOT - INFO - MTCNN detect face cost time : 0.256 s -  MainThread - 18264 
2022-04-18 13:03:32,729 - MOT - INFO - MTCNN detect face cost time : 0.256 s -  MainThread - 18264 
2022-04-18 13:03:32,988 - MOT - INFO - MTCNN detect face cost time : 0.25 s -  MainThread - 18264 
2022-04-18 13:03:33,256 - MOT - INFO - MTCNN detect face cost time : 0.252 s -  MainThread - 18264 
2022-04-18 13:03:33,544 - MOT - INFO - MTCNN detect face cost time : 0.263 s -  MainThread - 18264 
2022-04-18 13:03:33,812 - MOT - INFO - MTCNN detect face cost time : 0.259 s -  MainThread - 18264 
2022-04-18 13:03:34,086 - MOT - INFO - MTCNN detect face cost time : 0.258 s -  MainThread - 18264 
2022-04-18 13:03:34,363 - MOT - INFO - MTCNN detect face cost time : 0.269 s -  MainThread - 18264 
2022-04-18 13:03:34,371 - MOT - INFO - new Tracker: 5 -  MainThread - 18264 
2022-04-18 13:03:34,635 - MOT - INFO - MTCNN detect face cost time : 0.256 s -  MainThread - 18264 
2022-04-18 13:03:34,643 - MOT - INFO - remove tracker: 5 -  MainThread - 18264 
2022-04-18 13:03:34,905 - MOT - INFO - MTCNN detect face cost time : 0.253 s -  MainThread - 18264 
2022-04-18 13:03:35,185 - MOT - INFO - MTCNN detect face cost time : 0.256 s -  MainThread - 18264 
2022-04-18 13:03:35,457 - MOT - INFO - MTCNN detect face cost time : 0.256 s -  MainThread - 18264 
2022-04-18 13:03:35,738 - MOT - INFO - MTCNN detect face cost time : 0.256 s -  MainThread - 18264 
2022-04-18 13:03:35,745 - MOT - INFO - new Tracker: 6 -  MainThread - 18264 
2022-04-18 13:03:36,018 - MOT - INFO - MTCNN detect face cost time : 0.256 s -  MainThread - 18264 
2022-04-18 13:03:36,322 - MOT - INFO - MTCNN detect face cost time : 0.288 s -  MainThread - 18264 
2022-04-18 13:03:36,322 - MOT - INFO - remove tracker: 6 -  MainThread - 18264 
2022-04-18 13:03:36,593 - MOT - INFO - MTCNN detect face cost time : 0.264 s -  MainThread - 18264 
2022-04-18 13:03:36,881 - MOT - INFO - MTCNN detect face cost time : 0.272 s -  MainThread - 18264 
2022-04-18 13:03:37,169 - MOT - INFO - MTCNN detect face cost time : 0.272 s -  MainThread - 18264 
2022-04-18 13:03:37,457 - MOT - INFO - MTCNN detect face cost time : 0.28 s -  MainThread - 18264 
2022-04-18 13:03:37,761 - MOT - INFO - MTCNN detect face cost time : 0.28 s -  MainThread - 18264 
2022-04-18 13:03:38,057 - MOT - INFO - MTCNN detect face cost time : 0.28 s -  MainThread - 18264 
2022-04-18 13:03:38,345 - MOT - INFO - MTCNN detect face cost time : 0.272 s -  MainThread - 18264 
2022-04-18 13:03:38,631 - MOT - INFO - MTCNN detect face cost time : 0.27 s -  MainThread - 18264 
2022-04-18 13:03:38,931 - MOT - INFO - MTCNN detect face cost time : 0.268 s -  MainThread - 18264 
2022-04-18 13:03:39,229 - MOT - INFO - MTCNN detect face cost time : 0.274 s -  MainThread - 18264 
2022-04-18 13:03:39,517 - MOT - INFO - MTCNN detect face cost time : 0.272 s -  MainThread - 18264 
2022-04-18 13:03:39,527 - MOT - INFO - new Tracker: 7 -  MainThread - 18264 
2022-04-18 13:03:39,815 - MOT - INFO - MTCNN detect face cost time : 0.28 s -  MainThread - 18264 
2022-04-18 13:03:40,098 - MOT - INFO - MTCNN detect face cost time : 0.275 s -  MainThread - 18264 
2022-04-18 13:03:40,393 - MOT - INFO - MTCNN detect face cost time : 0.279 s -  MainThread - 18264 
2022-04-18 13:03:40,393 - MOT - INFO - remove tracker: 7 -  MainThread - 18264 
2022-04-18 13:03:40,677 - MOT - INFO - MTCNN detect face cost time : 0.276 s -  MainThread - 18264 
2022-04-18 13:03:40,685 - MOT - INFO - new Tracker: 8 -  MainThread - 18264 
2022-04-18 13:03:40,969 - MOT - INFO - MTCNN detect face cost time : 0.284 s -  MainThread - 18264 
2022-04-18 13:03:41,273 - MOT - INFO - MTCNN detect face cost time : 0.28 s -  MainThread - 18264 
2022-04-18 13:03:41,560 - MOT - INFO - MTCNN detect face cost time : 0.27 s -  MainThread - 18264 
2022-04-18 13:03:41,855 - MOT - INFO - MTCNN detect face cost time : 0.271 s -  MainThread - 18264 
2022-04-18 13:03:41,855 - MOT - INFO - remove tracker: 8 -  MainThread - 18264 
2022-04-18 13:03:42,135 - MOT - INFO - MTCNN detect face cost time : 0.272 s -  MainThread - 18264 
2022-04-18 13:03:42,420 - MOT - INFO - MTCNN detect face cost time : 0.26 s -  MainThread - 18264 
2022-04-18 13:03:42,709 - MOT - INFO - MTCNN detect face cost time : 0.272 s -  MainThread - 18264 
2022-04-18 13:03:43,045 - MOT - INFO - MTCNN detect face cost time : 0.28 s -  MainThread - 18264 
2022-04-18 13:03:43,053 - MOT - INFO - new Tracker: 9 -  MainThread - 18264 
2022-04-18 13:03:43,357 - MOT - INFO - MTCNN detect face cost time : 0.296 s -  MainThread - 18264 
2022-04-18 13:03:43,661 - MOT - INFO - MTCNN detect face cost time : 0.28 s -  MainThread - 18264 
2022-04-18 13:03:43,661 - MOT - INFO - remove tracker: 9 -  MainThread - 18264 
2022-04-18 13:03:43,930 - MOT - INFO - MTCNN detect face cost time : 0.261 s -  MainThread - 18264 
2022-04-18 13:03:44,212 - MOT - INFO - MTCNN detect face cost time : 0.274 s -  MainThread - 18264 
2022-04-18 13:03:44,504 - MOT - INFO - MTCNN detect face cost time : 0.284 s -  MainThread - 18264 
2022-04-18 13:03:44,920 - MOT - INFO - MTCNN detect face cost time : 0.296 s -  MainThread - 18264 
2022-04-18 13:03:45,274 - MOT - INFO - MTCNN detect face cost time : 0.28 s -  MainThread - 18264 
2022-04-18 13:03:45,556 - MOT - INFO - MTCNN detect face cost time : 0.273 s -  MainThread - 18264 
2022-04-18 13:03:45,844 - MOT - INFO - MTCNN detect face cost time : 0.281 s -  MainThread - 18264 
2022-04-18 13:03:46,124 - MOT - INFO - MTCNN detect face cost time : 0.272 s -  MainThread - 18264 
2022-04-18 13:03:46,424 - MOT - INFO - MTCNN detect face cost time : 0.288 s -  MainThread - 18264 
2022-04-18 13:03:46,720 - MOT - INFO - MTCNN detect face cost time : 0.28 s -  MainThread - 18264 
2022-04-18 13:03:47,000 - MOT - INFO - MTCNN detect face cost time : 0.272 s -  MainThread - 18264 
